{
  "historical_splice": {
    "0.5": {
      "delayed_posterior": {
        "early_ret_complete_cohort_clustered_ci95": [
          0.0,
          0.0
        ],
        "early_ret_complete_cohort_delta_quantiles": {
          "q10": 0.0,
          "q50": 0.0,
          "q90": 0.0
        },
        "early_ret_visible_clustered_ci95": [
          0.0,
          0.0
        ],
        "favorable_complete_cohort_fraction": 0.0,
        "max_scheduled_resource_error": 0.0,
        "max_unresolved_orders_delta": 0.0,
        "mean_early_ret_complete_cohort_delta": 0.0,
        "mean_early_ret_visible_delta": 0.0,
        "mean_lost_orders_delta": 0.0,
        "mean_lost_quantity_delta": 0.0,
        "mean_service_loss_auc_delta": 0.0,
        "mean_total_ret_visible_delta": 0.0,
        "mean_unresolved_orders_delta": 0.0,
        "mean_unresolved_quantity_delta": 0.0,
        "mean_worst_product_fill_delta": 0.0,
        "n_pairs": 88,
        "worst_product_fill_clustered_ci95": [
          0.0,
          0.0
        ]
      },
      "oracle_initial_context": {
        "early_ret_complete_cohort_clustered_ci95": [
          0.09735872233563993,
          0.1209760278652324
        ],
        "early_ret_complete_cohort_delta_quantiles": {
          "q10": 0.0,
          "q50": 0.133198051948052,
          "q90": 0.22467231842231836
        },
        "early_ret_visible_clustered_ci95": [
          0.08821385580147202,
          0.11432673970122315
        ],
        "favorable_complete_cohort_fraction": 0.5454545454545454,
        "max_scheduled_resource_error": 0.0,
        "max_unresolved_orders_delta": 6.0,
        "mean_early_ret_complete_cohort_delta": 0.10853792934758842,
        "mean_early_ret_visible_delta": 0.10030370919446331,
        "mean_lost_orders_delta": 0.0,
        "mean_lost_quantity_delta": 0.0,
        "mean_service_loss_auc_delta": -1559422.7045454546,
        "mean_total_ret_visible_delta": 0.06579119865747995,
        "mean_unresolved_orders_delta": 0.6704545454545454,
        "mean_unresolved_quantity_delta": 1697.3863636363637,
        "mean_worst_product_fill_delta": -0.1131991985632982,
        "n_pairs": 88,
        "worst_product_fill_clustered_ci95": [
          -0.14627330854129691,
          -0.08069395125044176
        ]
      },
      "reset_posterior_0p5": {
        "early_ret_complete_cohort_clustered_ci95": [
          0.0,
          0.0
        ],
        "early_ret_complete_cohort_delta_quantiles": {
          "q10": 0.0,
          "q50": 0.0,
          "q90": 0.0
        },
        "early_ret_visible_clustered_ci95": [
          0.0,
          0.0
        ],
        "favorable_complete_cohort_fraction": 0.0,
        "max_scheduled_resource_error": 0.0,
        "max_unresolved_orders_delta": 0.0,
        "mean_early_ret_complete_cohort_delta": 0.0,
        "mean_early_ret_visible_delta": 0.0,
        "mean_lost_orders_delta": 0.0,
        "mean_lost_quantity_delta": 0.0,
        "mean_service_loss_auc_delta": 0.0,
        "mean_total_ret_visible_delta": 0.0,
        "mean_unresolved_orders_delta": 0.0,
        "mean_unresolved_quantity_delta": 0.0,
        "mean_worst_product_fill_delta": 0.0,
        "n_pairs": 88,
        "worst_product_fill_clustered_ci95": [
          0.0,
          0.0
        ]
      },
      "retained_posterior": {
        "early_ret_complete_cohort_clustered_ci95": [
          0.0,
          0.0
        ],
        "early_ret_complete_cohort_delta_quantiles": {
          "q10": 0.0,
          "q50": 0.0,
          "q90": 0.0
        },
        "early_ret_visible_clustered_ci95": [
          0.0,
          0.0
        ],
        "favorable_complete_cohort_fraction": 0.0,
        "max_scheduled_resource_error": 0.0,
        "max_unresolved_orders_delta": 0.0,
        "mean_early_ret_complete_cohort_delta": 0.0,
        "mean_early_ret_visible_delta": 0.0,
        "mean_lost_orders_delta": 0.0,
        "mean_lost_quantity_delta": 0.0,
        "mean_service_loss_auc_delta": 0.0,
        "mean_total_ret_visible_delta": 0.0,
        "mean_unresolved_orders_delta": 0.0,
        "mean_unresolved_quantity_delta": 0.0,
        "mean_worst_product_fill_delta": 0.0,
        "n_pairs": 88,
        "worst_product_fill_clustered_ci95": [
          0.0,
          0.0
        ]
      },
      "shuffled_posterior": {
        "early_ret_complete_cohort_clustered_ci95": [
          0.0,
          0.0
        ],
        "early_ret_complete_cohort_delta_quantiles": {
          "q10": 0.0,
          "q50": 0.0,
          "q90": 0.0
        },
        "early_ret_visible_clustered_ci95": [
          0.0,
          0.0
        ],
        "favorable_complete_cohort_fraction": 0.0,
        "max_scheduled_resource_error": 0.0,
        "max_unresolved_orders_delta": 0.0,
        "mean_early_ret_complete_cohort_delta": 0.0,
        "mean_early_ret_visible_delta": 0.0,
        "mean_lost_orders_delta": 0.0,
        "mean_lost_quantity_delta": 0.0,
        "mean_service_loss_auc_delta": 0.0,
        "mean_total_ret_visible_delta": 0.0,
        "mean_unresolved_orders_delta": 0.0,
        "mean_unresolved_quantity_delta": 0.0,
        "mean_worst_product_fill_delta": 0.0,
        "n_pairs": 88,
        "worst_product_fill_clustered_ci95": [
          0.0,
          0.0
        ]
      },
      "wrong_posterior": {
        "early_ret_complete_cohort_clustered_ci95": [
          -0.1116156090463619,
          -0.08097038430845249
        ],
        "early_ret_complete_cohort_delta_quantiles": {
          "q10": -0.260063431938432,
          "q50": 0.0,
          "q90": 0.0
        },
        "early_ret_visible_clustered_ci95": [
          -0.0936391434110636,
          -0.06481907914433098
        ],
        "favorable_complete_cohort_fraction": 0.0,
        "max_scheduled_resource_error": 0.0,
        "max_unresolved_orders_delta": 7.0,
        "mean_early_ret_complete_cohort_delta": -0.09757870233722507,
        "mean_early_ret_visible_delta": -0.0800281546360231,
        "mean_lost_orders_delta": 0.0,
        "mean_lost_quantity_delta": 0.0,
        "mean_service_loss_auc_delta": 8427221.113636363,
        "mean_total_ret_visible_delta": -0.0727110491672619,
        "mean_unresolved_orders_delta": 0.9545454545454546,
        "mean_unresolved_quantity_delta": 2485.0227272727275,
        "mean_worst_product_fill_delta": -0.009735036506728911,
        "n_pairs": 88,
        "worst_product_fill_clustered_ci95": [
          -0.03159835861657942,
          0.01165891443821677
        ]
      }
    },
    "0.75": {
      "delayed_posterior": {
        "early_ret_complete_cohort_clustered_ci95": [
          -0.0014447437032664154,
          0.030811083644890446
        ],
        "early_ret_complete_cohort_delta_quantiles": {
          "q10": -0.19849386724386714,
          "q50": 0.0,
          "q90": 0.1984938672438672
        },
        "early_ret_visible_clustered_ci95": [
          -0.0004962764699334807,
          0.02937529486435089
        ],
        "favorable_complete_cohort_fraction": 0.23863636363636365,
        "max_scheduled_resource_error": 0.0,
        "max_unresolved_orders_delta": 6.0,
        "mean_early_ret_complete_cohort_delta": 0.01365771486510123,
        "mean_early_ret_visible_delta": 0.014056345255983694,
        "mean_lost_orders_delta": 0.0,
        "mean_lost_quantity_delta": 0.0,
        "mean_service_loss_auc_delta": 1180135.3863636365,
        "mean_total_ret_visible_delta": 0.005077927797218321,
        "mean_unresolved_orders_delta": 0.36363636363636365,
        "mean_unresolved_quantity_delta": 942.2954545454545,
        "mean_worst_product_fill_delta": -0.04266184552805402,
        "n_pairs": 88,
        "worst_product_fill_clustered_ci95": [
          -0.0810617704267624,
          -0.009503870464213984
        ]
      },
      "oracle_initial_context": {
        "early_ret_complete_cohort_clustered_ci95": [
          0.07309622195985832,
          0.11198134363794875
        ],
        "early_ret_complete_cohort_delta_quantiles": {
          "q10": 0.0,
          "q50": 0.0,
          "q90": 0.2208844396344396
        },
        "early_ret_visible_clustered_ci95": [
          0.06691599285294403,
          0.0996240901633248
        ],
        "favorable_complete_cohort_fraction": 0.45454545454545453,
        "max_scheduled_resource_error": 0.0,
        "max_unresolved_orders_delta": 6.0,
        "mean_early_ret_complete_cohort_delta": 0.0918996171126853,
        "mean_early_ret_visible_delta": 0.08302135652901838,
        "mean_lost_orders_delta": 0.0,
        "mean_lost_quantity_delta": 0.0,
        "mean_service_loss_auc_delta": -1027438.125,
        "mean_total_ret_visible_delta": 0.05208862509416848,
        "mean_unresolved_orders_delta": 0.5227272727272727,
        "mean_unresolved_quantity_delta": 1328.4204545454545,
        "mean_worst_product_fill_delta": -0.07354638709095043,
        "n_pairs": 88,
        "worst_product_fill_clustered_ci95": [
          -0.11412563743839832,
          -0.0400723647855179
        ]
      },
      "reset_posterior_0p5": {
        "early_ret_complete_cohort_clustered_ci95": [
          0.0,
          0.0
        ],
        "early_ret_complete_cohort_delta_quantiles": {
          "q10": 0.0,
          "q50": 0.0,
          "q90": 0.0
        },
        "early_ret_visible_clustered_ci95": [
          0.0,
          0.0
        ],
        "favorable_complete_cohort_fraction": 0.0,
        "max_scheduled_resource_error": 0.0,
        "max_unresolved_orders_delta": 0.0,
        "mean_early_ret_complete_cohort_delta": 0.0,
        "mean_early_ret_visible_delta": 0.0,
        "mean_lost_orders_delta": 0.0,
        "mean_lost_quantity_delta": 0.0,
        "mean_service_loss_auc_delta": 0.0,
        "mean_total_ret_visible_delta": 0.0,
        "mean_unresolved_orders_delta": 0.0,
        "mean_unresolved_quantity_delta": 0.0,
        "mean_worst_product_fill_delta": 0.0,
        "n_pairs": 88,
        "worst_product_fill_clustered_ci95": [
          0.0,
          0.0
        ]
      },
      "retained_posterior": {
        "early_ret_complete_cohort_clustered_ci95": [
          0.013990076632122072,
          0.0626235638309502
        ],
        "early_ret_complete_cohort_delta_quantiles": {
          "q10": -0.1805035473785474,
          "q50": 0.0,
          "q90": 0.21399681337181353
        },
        "early_ret_visible_clustered_ci95": [
          0.015608228431252693,
          0.055365007976922564
        ],
        "favorable_complete_cohort_fraction": 0.3181818181818182,
        "max_scheduled_resource_error": 0.0,
        "max_unresolved_orders_delta": 6.0,
        "mean_early_ret_complete_cohort_delta": 0.03717231842231841,
        "mean_early_ret_visible_delta": 0.034802381929620214,
        "mean_lost_orders_delta": 0.0,
        "mean_lost_quantity_delta": 0.0,
        "mean_service_loss_auc_delta": 549945.8636363636,
        "mean_total_ret_visible_delta": 0.01867511734706311,
        "mean_unresolved_orders_delta": 0.3409090909090909,
        "mean_unresolved_quantity_delta": 875.5,
        "mean_worst_product_fill_delta": -0.044955052507383894,
        "n_pairs": 88,
        "worst_product_fill_clustered_ci95": [
          -0.08372007681787902,
          -0.013279236538026254
        ]
      },
      "shuffled_posterior": {
        "early_ret_complete_cohort_clustered_ci95": [
          -0.03377446167574007,
          0.022988406795224976
        ],
        "early_ret_complete_cohort_delta_quantiles": {
          "q10": -0.2237506012506012,
          "q50": 0.0,
          "q90": 0.19571608946608932
        },
        "early_ret_visible_clustered_ci95": [
          -0.02703614509916162,
          0.0204689506239093
        ],
        "favorable_complete_cohort_fraction": 0.2159090909090909,
        "max_scheduled_resource_error": 0.0,
        "max_unresolved_orders_delta": 6.0,
        "mean_early_ret_complete_cohort_delta": -0.007968825156325153,
        "mean_early_ret_visible_delta": -0.004804513429255158,
        "mean_lost_orders_delta": 0.0,
        "mean_lost_quantity_delta": 0.0,
        "mean_service_loss_auc_delta": 3522428.215909091,
        "mean_total_ret_visible_delta": -0.011281531010496804,
        "mean_unresolved_orders_delta": 0.7045454545454546,
        "mean_unresolved_quantity_delta": 1815.8522727272727,
        "mean_worst_product_fill_delta": -0.04089390406443474,
        "n_pairs": 88,
        "worst_product_fill_clustered_ci95": [
          -0.0766931333456768,
          -0.011133875104650333
        ]
      },
      "wrong_posterior": {
        "early_ret_complete_cohort_clustered_ci95": [
          -0.13842556807933226,
          -0.09593479437229437
        ],
        "early_ret_complete_cohort_delta_quantiles": {
          "q10": -0.25358195045695064,
          "q50": -0.16645021645021657,
          "q90": 0.0
        },
        "early_ret_visible_clustered_ci95": [
          -0.11291076489718448,
          -0.07998413738799842
        ],
        "favorable_complete_cohort_fraction": 0.0,
        "max_scheduled_resource_error": 0.0,
        "max_unresolved_orders_delta": 8.0,
        "mean_early_ret_complete_cohort_delta": -0.11842501721763087,
        "mean_early_ret_visible_delta": -0.09696584639852546,
        "mean_lost_orders_delta": 0.0,
        "mean_lost_quantity_delta": 0.0,
        "mean_service_loss_auc_delta": 11230415.454545455,
        "mean_total_ret_visible_delta": -0.09375993720557235,
        "mean_unresolved_orders_delta": 1.2613636363636365,
        "mean_unresolved_quantity_delta": 3286.909090909091,
        "mean_worst_product_fill_delta": -0.008938697992299202,
        "n_pairs": 88,
        "worst_product_fill_clustered_ci95": [
          -0.023437816451563412,
          0.004941665697340726
        ]
      }
    },
    "0.9": {
      "delayed_posterior": {
        "early_ret_complete_cohort_clustered_ci95": [
          -0.04194283199965017,
          0.021482410686956145
        ],
        "early_ret_complete_cohort_delta_quantiles": {
          "q10": -0.2311327561327561,
          "q50": 0.0,
          "q90": 0.19326028138528137
        },
        "early_ret_visible_clustered_ci95": [
          -0.029758762482161232,
          0.02771628064887362
        ],
        "favorable_complete_cohort_fraction": 0.23863636363636365,
        "max_scheduled_resource_error": 0.0,
        "max_unresolved_orders_delta": 6.0,
        "mean_early_ret_complete_cohort_delta": -0.011133145579168302,
        "mean_early_ret_visible_delta": -0.0018128537937422203,
        "mean_lost_orders_delta": 0.0,
        "mean_lost_quantity_delta": 0.0,
        "mean_service_loss_auc_delta": 3060828.6818181816,
        "mean_total_ret_visible_delta": -0.0107524016140763,
        "mean_unresolved_orders_delta": 0.5795454545454546,
        "mean_unresolved_quantity_delta": 1485.9545454545455,
        "mean_worst_product_fill_delta": -0.048472508562793525,
        "n_pairs": 88,
        "worst_product_fill_clustered_ci95": [
          -0.08284685641798907,
          -0.019731519829225438
        ]
      },
      "oracle_initial_context": {
        "early_ret_complete_cohort_clustered_ci95": [
          0.06317165841313568,
          0.0955892725619288
        ],
        "early_ret_complete_cohort_delta_quantiles": {
          "q10": 0.0,
          "q50": 0.0,
          "q90": 0.2208844396344396
        },
        "early_ret_visible_clustered_ci95": [
          0.06000582451167851,
          0.09357164161787095
        ],
        "favorable_complete_cohort_fraction": 0.4318181818181818,
        "max_scheduled_resource_error": 0.0,
        "max_unresolved_orders_delta": 6.0,
        "mean_early_ret_complete_cohort_delta": 0.08059115232410687,
        "mean_early_ret_visible_delta": 0.07734212161295494,
        "mean_lost_orders_delta": 0.0,
        "mean_lost_quantity_delta": 0.0,
        "mean_service_loss_auc_delta": -1862256.625,
        "mean_total_ret_visible_delta": 0.053707155053408485,
        "mean_unresolved_orders_delta": 0.4090909090909091,
        "mean_unresolved_quantity_delta": 1021.2840909090909,
        "mean_worst_product_fill_delta": -0.08114563901468842,
        "n_pairs": 88,
        "worst_product_fill_clustered_ci95": [
          -0.11633892924815278,
          -0.05082622402674345
        ]
      },
      "reset_posterior_0p5": {
        "early_ret_complete_cohort_clustered_ci95": [
          0.0,
          0.0
        ],
        "early_ret_complete_cohort_delta_quantiles": {
          "q10": 0.0,
          "q50": 0.0,
          "q90": 0.0
        },
        "early_ret_visible_clustered_ci95": [
          0.0,
          0.0
        ],
        "favorable_complete_cohort_fraction": 0.0,
        "max_scheduled_resource_error": 0.0,
        "max_unresolved_orders_delta": 0.0,
        "mean_early_ret_complete_cohort_delta": 0.0,
        "mean_early_ret_visible_delta": 0.0,
        "mean_lost_orders_delta": 0.0,
        "mean_lost_quantity_delta": 0.0,
        "mean_service_loss_auc_delta": 0.0,
        "mean_total_ret_visible_delta": 0.0,
        "mean_unresolved_orders_delta": 0.0,
        "mean_unresolved_quantity_delta": 0.0,
        "mean_worst_product_fill_delta": 0.0,
        "n_pairs": 88,
        "worst_product_fill_clustered_ci95": [
          0.0,
          0.0
        ]
      },
      "retained_posterior": {
        "early_ret_complete_cohort_clustered_ci95": [
          0.04013030057064148,
          0.08648016282959466
        ],
        "early_ret_complete_cohort_delta_quantiles": {
          "q10": 0.0,
          "q50": 0.0,
          "q90": 0.2208844396344396
        },
        "early_ret_visible_clustered_ci95": [
          0.03931305429342618,
          0.0854100628221991
        ],
        "favorable_complete_cohort_fraction": 0.42045454545454547,
        "max_scheduled_resource_error": 0.0,
        "max_unresolved_orders_delta": 6.0,
        "mean_early_ret_complete_cohort_delta": 0.0635520860662906,
        "mean_early_ret_visible_delta": 0.062107605306641105,
        "mean_lost_orders_delta": 0.0,
        "mean_lost_quantity_delta": 0.0,
        "mean_service_loss_auc_delta": -319253.92045454547,
        "mean_total_ret_visible_delta": 0.04121197443429471,
        "mean_unresolved_orders_delta": 0.5795454545454546,
        "mean_unresolved_quantity_delta": 1462.9886363636363,
        "mean_worst_product_fill_delta": -0.08088055996558634,
        "n_pairs": 88,
        "worst_product_fill_clustered_ci95": [
          -0.11688244109090898,
          -0.04972591757580369
        ]
      },
      "shuffled_posterior": {
        "early_ret_complete_cohort_clustered_ci95": [
          -0.04613054243736062,
          0.0037250344352616994
        ],
        "early_ret_complete_cohort_delta_quantiles": {
          "q10": -0.23518368205868204,
          "q50": 0.0,
          "q90": 0.1984938672438671
        },
        "early_ret_visible_clustered_ci95": [
          -0.03369443711514991,
          0.011421071355278471
        ],
        "favorable_complete_cohort_fraction": 0.2159090909090909,
        "max_scheduled_resource_error": 0.0,
        "max_unresolved_orders_delta": 6.0,
        "mean_early_ret_complete_cohort_delta": -0.021642732793300975,
        "mean_early_ret_visible_delta": -0.010594908898111377,
        "mean_lost_orders_delta": 0.0,
        "mean_lost_quantity_delta": 0.0,
        "mean_service_loss_auc_delta": 5353550.625,
        "mean_total_ret_visible_delta": -0.017966685090191666,
        "mean_unresolved_orders_delta": 1.0909090909090908,
        "mean_unresolved_quantity_delta": 2806.806818181818,
        "mean_worst_product_fill_delta": -0.054652241210666336,
        "n_pairs": 88,
        "worst_product_fill_clustered_ci95": [
          -0.07437951138398495,
          -0.03291126178388431
        ]
      },
      "wrong_posterior": {
        "early_ret_complete_cohort_clustered_ci95": [
          -0.15091716935999605,
          -0.10221099660020114
        ],
        "early_ret_complete_cohort_delta_quantiles": {
          "q10": -0.2676605339105338,
          "q50": -0.16645021645021646,
          "q90": 0.0
        },
        "early_ret_visible_clustered_ci95": [
          -0.12213274913472912,
          -0.08083720417393801
        ],
        "favorable_complete_cohort_fraction": 0.0,
        "max_scheduled_resource_error": 0.0,
        "max_unresolved_orders_delta": 8.0,
        "mean_early_ret_complete_cohort_delta": -0.12596118107481744,
        "mean_early_ret_visible_delta": -0.10197477074629278,
        "mean_lost_orders_delta": 0.0,
        "mean_lost_quantity_delta": 0.0,
        "mean_service_loss_auc_delta": 10367014.659090908,
        "mean_total_ret_visible_delta": -0.09287605738602882,
        "mean_unresolved_orders_delta": 1.1477272727272727,
        "mean_unresolved_quantity_delta": 2990.4772727272725,
        "mean_worst_product_fill_delta": -0.010862361614805959,
        "n_pairs": 88,
        "worst_product_fill_clustered_ci95": [
          -0.0360949198395524,
          0.018063035461994396
        ]
      }
    }
  },
  "prefix_natural_replanning": {
    "0.5": {
      "delayed_posterior": {
        "early_ret_complete_cohort_clustered_ci95": [
          0.0,
          0.0
        ],
        "early_ret_complete_cohort_delta_quantiles": {
          "q10": 0.0,
          "q50": 0.0,
          "q90": 0.0
        },
        "early_ret_visible_clustered_ci95": [
          0.0,
          0.0
        ],
        "favorable_complete_cohort_fraction": 0.0,
        "max_scheduled_resource_error": 0.0,
        "max_unresolved_orders_delta": 0.0,
        "mean_early_ret_complete_cohort_delta": 0.0,
        "mean_early_ret_visible_delta": 0.0,
        "mean_lost_orders_delta": 0.0,
        "mean_lost_quantity_delta": 0.0,
        "mean_service_loss_auc_delta": 0.0,
        "mean_total_ret_visible_delta": 0.0,
        "mean_unresolved_orders_delta": 0.0,
        "mean_unresolved_quantity_delta": 0.0,
        "mean_worst_product_fill_delta": 0.0,
        "n_pairs": 88,
        "worst_product_fill_clustered_ci95": [
          0.0,
          0.0
        ]
      },
      "oracle_initial_context": {
        "early_ret_complete_cohort_clustered_ci95": [
          0.09869661082551706,
          0.12121703284878001
        ],
        "early_ret_complete_cohort_delta_quantiles": {
          "q10": 0.0,
          "q50": 0.1451854858104858,
          "q90": 0.22467231842231836
        },
        "early_ret_visible_clustered_ci95": [
          0.08841969557526763,
          0.11432747864007548
        ],
        "favorable_complete_cohort_fraction": 0.5454545454545454,
        "max_scheduled_resource_error": 0.0,
        "max_unresolved_orders_delta": 19.0,
        "mean_early_ret_complete_cohort_delta": 0.10932707076172984,
        "mean_early_ret_visible_delta": 0.1003839960257832,
        "mean_lost_orders_delta": 0.0,
        "mean_lost_quantity_delta": 0.0,
        "mean_service_loss_auc_delta": -1844049.5568181819,
        "mean_total_ret_visible_delta": 0.07272944410031933,
        "mean_unresolved_orders_delta": 0.7954545454545454,
        "mean_unresolved_quantity_delta": 1977.534090909091,
        "mean_worst_product_fill_delta": -0.06038519200592858,
        "n_pairs": 88,
        "worst_product_fill_clustered_ci95": [
          -0.11577700776054846,
          -0.016759915612548974
        ]
      },
      "reset_posterior_0p5": {
        "early_ret_complete_cohort_clustered_ci95": [
          0.0,
          0.0
        ],
        "early_ret_complete_cohort_delta_quantiles": {
          "q10": 0.0,
          "q50": 0.0,
          "q90": 0.0
        },
        "early_ret_visible_clustered_ci95": [
          0.0,
          0.0
        ],
        "favorable_complete_cohort_fraction": 0.0,
        "max_scheduled_resource_error": 0.0,
        "max_unresolved_orders_delta": 0.0,
        "mean_early_ret_complete_cohort_delta": 0.0,
        "mean_early_ret_visible_delta": 0.0,
        "mean_lost_orders_delta": 0.0,
        "mean_lost_quantity_delta": 0.0,
        "mean_service_loss_auc_delta": 0.0,
        "mean_total_ret_visible_delta": 0.0,
        "mean_unresolved_orders_delta": 0.0,
        "mean_unresolved_quantity_delta": 0.0,
        "mean_worst_product_fill_delta": 0.0,
        "n_pairs": 88,
        "worst_product_fill_clustered_ci95": [
          0.0,
          0.0
        ]
      },
      "retained_posterior": {
        "early_ret_complete_cohort_clustered_ci95": [
          0.0,
          0.0
        ],
        "early_ret_complete_cohort_delta_quantiles": {
          "q10": 0.0,
          "q50": 0.0,
          "q90": 0.0
        },
        "early_ret_visible_clustered_ci95": [
          0.0,
          0.0
        ],
        "favorable_complete_cohort_fraction": 0.0,
        "max_scheduled_resource_error": 0.0,
        "max_unresolved_orders_delta": 0.0,
        "mean_early_ret_complete_cohort_delta": 0.0,
        "mean_early_ret_visible_delta": 0.0,
        "mean_lost_orders_delta": 0.0,
        "mean_lost_quantity_delta": 0.0,
        "mean_service_loss_auc_delta": 0.0,
        "mean_total_ret_visible_delta": 0.0,
        "mean_unresolved_orders_delta": 0.0,
        "mean_unresolved_quantity_delta": 0.0,
        "mean_worst_product_fill_delta": 0.0,
        "n_pairs": 88,
        "worst_product_fill_clustered_ci95": [
          0.0,
          0.0
        ]
      },
      "shuffled_posterior": {
        "early_ret_complete_cohort_clustered_ci95": [
          0.0,
          0.0
        ],
        "early_ret_complete_cohort_delta_quantiles": {
          "q10": 0.0,
          "q50": 0.0,
          "q90": 0.0
        },
        "early_ret_visible_clustered_ci95": [
          0.0,
          0.0
        ],
        "favorable_complete_cohort_fraction": 0.0,
        "max_scheduled_resource_error": 0.0,
        "max_unresolved_orders_delta": 0.0,
        "mean_early_ret_complete_cohort_delta": 0.0,
        "mean_early_ret_visible_delta": 0.0,
        "mean_lost_orders_delta": 0.0,
        "mean_lost_quantity_delta": 0.0,
        "mean_service_loss_auc_delta": 0.0,
        "mean_total_ret_visible_delta": 0.0,
        "mean_unresolved_orders_delta": 0.0,
        "mean_unresolved_quantity_delta": 0.0,
        "mean_worst_product_fill_delta": 0.0,
        "n_pairs": 88,
        "worst_product_fill_clustered_ci95": [
          0.0,
          0.0
        ]
      },
      "wrong_posterior": {
        "early_ret_complete_cohort_clustered_ci95": [
          -0.10268909331409334,
          -0.07290515920842629
        ],
        "early_ret_complete_cohort_delta_quantiles": {
          "q10": -0.2208844396344396,
          "q50": 0.0,
          "q90": 0.0
        },
        "early_ret_visible_clustered_ci95": [
          -0.09239700353594982,
          -0.0650503524086298
        ],
        "favorable_complete_cohort_fraction": 0.0,
        "max_scheduled_resource_error": 0.0,
        "max_unresolved_orders_delta": 5.0,
        "mean_early_ret_complete_cohort_delta": -0.08823226174078447,
        "mean_early_ret_visible_delta": -0.07958172792797448,
        "mean_lost_orders_delta": 0.0,
        "mean_lost_quantity_delta": 0.0,
        "mean_service_loss_auc_delta": 3499715.2613636362,
        "mean_total_ret_visible_delta": -0.06233341180568581,
        "mean_unresolved_orders_delta": -0.14772727272727273,
        "mean_unresolved_quantity_delta": -341.64772727272725,
        "mean_worst_product_fill_delta": 0.02701572567306792,
        "n_pairs": 88,
        "worst_product_fill_clustered_ci95": [
          0.005175284850318941,
          0.049678755624093525
        ]
      }
    },
    "0.75": {
      "delayed_posterior": {
        "early_ret_complete_cohort_clustered_ci95": [
          -0.0005643215160260557,
          0.031004956218024383
        ],
        "early_ret_complete_cohort_delta_quantiles": {
          "q10": -0.20011423761423763,
          "q50": 0.0,
          "q90": 0.1984938672438672
        },
        "early_ret_visible_clustered_ci95": [
          -0.0005454396694711752,
          0.029456162402507955
        ],
        "favorable_complete_cohort_fraction": 0.23863636363636365,
        "max_scheduled_resource_error": 0.0,
        "max_unresolved_orders_delta": 19.0,
        "mean_early_ret_complete_cohort_delta": 0.014210865418251784,
        "mean_early_ret_visible_delta": 0.014081677906574608,
        "mean_lost_orders_delta": 0.0,
        "mean_lost_quantity_delta": 0.0,
        "mean_service_loss_auc_delta": -704384.0681818182,
        "mean_total_ret_visible_delta": 0.013385422420967763,
        "mean_unresolved_orders_delta": 0.045454545454545456,
        "mean_unresolved_quantity_delta": 108.6590909090909,
        "mean_worst_product_fill_delta": -0.0027665381098904078,
        "n_pairs": 88,
        "worst_product_fill_clustered_ci95": [
          -0.042156024924015364,
          0.03625875260976826
        ]
      },
      "oracle_initial_context": {
        "early_ret_complete_cohort_clustered_ci95": [
          0.07309622195985832,
          0.11198134363794875
        ],
        "early_ret_complete_cohort_delta_quantiles": {
          "q10": 0.0,
          "q50": 0.0,
          "q90": 0.2208844396344396
        },
        "early_ret_visible_clustered_ci95": [
          0.06691599285294403,
          0.0996240901633248
        ],
        "favorable_complete_cohort_fraction": 0.45454545454545453,
        "max_scheduled_resource_error": 0.0,
        "max_unresolved_orders_delta": 19.0,
        "mean_early_ret_complete_cohort_delta": 0.0918996171126853,
        "mean_early_ret_visible_delta": 0.08302135652901838,
        "mean_lost_orders_delta": 0.0,
        "mean_lost_quantity_delta": 0.0,
        "mean_service_loss_auc_delta": -1280281.3977272727,
        "mean_total_ret_visible_delta": 0.058172311363240886,
        "mean_unresolved_orders_delta": 0.6477272727272727,
        "mean_unresolved_quantity_delta": 1607.1477272727273,
        "mean_worst_product_fill_delta": -0.04474553184885116,
        "n_pairs": 88,
        "worst_product_fill_clustered_ci95": [
          -0.07520378148050108,
          -0.015278646648649976
        ]
      },
      "reset_posterior_0p5": {
        "early_ret_complete_cohort_clustered_ci95": [
          0.0,
          0.0
        ],
        "early_ret_complete_cohort_delta_quantiles": {
          "q10": 0.0,
          "q50": 0.0,
          "q90": 0.0
        },
        "early_ret_visible_clustered_ci95": [
          0.0,
          0.0
        ],
        "favorable_complete_cohort_fraction": 0.0,
        "max_scheduled_resource_error": 0.0,
        "max_unresolved_orders_delta": 0.0,
        "mean_early_ret_complete_cohort_delta": 0.0,
        "mean_early_ret_visible_delta": 0.0,
        "mean_lost_orders_delta": 0.0,
        "mean_lost_quantity_delta": 0.0,
        "mean_service_loss_auc_delta": 0.0,
        "mean_total_ret_visible_delta": 0.0,
        "mean_unresolved_orders_delta": 0.0,
        "mean_unresolved_quantity_delta": 0.0,
        "mean_worst_product_fill_delta": 0.0,
        "n_pairs": 88,
        "worst_product_fill_clustered_ci95": [
          0.0,
          0.0
        ]
      },
      "retained_posterior": {
        "early_ret_complete_cohort_clustered_ci95": [
          0.015080834043902213,
          0.0625087471713892
        ],
        "early_ret_complete_cohort_delta_quantiles": {
          "q10": -0.17696608946608933,
          "q50": 0.0,
          "q90": 0.21399681337181353
        },
        "early_ret_visible_clustered_ci95": [
          0.014713415267392529,
          0.05537448947529871
        ],
        "favorable_complete_cohort_fraction": 0.3181818181818182,
        "max_scheduled_resource_error": 0.0,
        "max_unresolved_orders_delta": 19.0,
        "mean_early_ret_complete_cohort_delta": 0.03784120971620972,
        "mean_early_ret_visible_delta": 0.03441004727850458,
        "mean_lost_orders_delta": 0.0,
        "mean_lost_quantity_delta": 0.0,
        "mean_service_loss_auc_delta": -149660.01136363635,
        "mean_total_ret_visible_delta": 0.026223649235511435,
        "mean_unresolved_orders_delta": 0.3977272727272727,
        "mean_unresolved_quantity_delta": 978.4431818181819,
        "mean_worst_product_fill_delta": -0.01847390366292899,
        "n_pairs": 88,
        "worst_product_fill_clustered_ci95": [
          -0.05067132716938362,
          0.01656033229817854
        ]
      },
      "shuffled_posterior": {
        "early_ret_complete_cohort_clustered_ci95": [
          -0.027790793486816203,
          0.025565073079277627
        ],
        "early_ret_complete_cohort_delta_quantiles": {
          "q10": -0.1973529942279942,
          "q50": 0.0,
          "q90": 0.19571608946608932
        },
        "early_ret_visible_clustered_ci95": [
          -0.026490260656421547,
          0.020672740338126445
        ],
        "favorable_complete_cohort_fraction": 0.2159090909090909,
        "max_scheduled_resource_error": 0.0,
        "max_unresolved_orders_delta": 15.0,
        "mean_early_ret_complete_cohort_delta": -0.0037705928330928266,
        "mean_early_ret_visible_delta": -0.004457209218314584,
        "mean_lost_orders_delta": 0.0,
        "mean_lost_quantity_delta": 0.0,
        "mean_service_loss_auc_delta": 611738.3863636364,
        "mean_total_ret_visible_delta": -0.004315458288762259,
        "mean_unresolved_orders_delta": 0.056818181818181816,
        "mean_unresolved_quantity_delta": 140.11363636363637,
        "mean_worst_product_fill_delta": -0.001762367569922789,
        "n_pairs": 88,
        "worst_product_fill_clustered_ci95": [
          -0.03106645478674723,
          0.02265277580985995
        ]
      },
      "wrong_posterior": {
        "early_ret_complete_cohort_clustered_ci95": [
          -0.12116241982186585,
          -0.08854597107438016
        ],
        "early_ret_complete_cohort_delta_quantiles": {
          "q10": -0.22088443963443966,
          "q50": -0.12332401394901399,
          "q90": 0.0
        },
        "early_ret_visible_clustered_ci95": [
          -0.11241734746806413,
          -0.08045166197757449
        ],
        "favorable_complete_cohort_fraction": 0.0,
        "max_scheduled_resource_error": 0.0,
        "max_unresolved_orders_delta": 7.0,
        "mean_early_ret_complete_cohort_delta": -0.10580627022388386,
        "mean_early_ret_visible_delta": -0.09700272703587097,
        "mean_lost_orders_delta": 0.0,
        "mean_lost_quantity_delta": 0.0,
        "mean_service_loss_auc_delta": 4528051.375,
        "mean_total_ret_visible_delta": -0.0797176866083172,
        "mean_unresolved_orders_delta": -0.25,
        "mean_unresolved_quantity_delta": -593.1704545454545,
        "mean_worst_product_fill_delta": 0.041498091801978464,
        "n_pairs": 88,
        "worst_product_fill_clustered_ci95": [
          0.013484795973686983,
          0.07769366927178949
        ]
      }
    },
    "0.9": {
      "delayed_posterior": {
        "early_ret_complete_cohort_clustered_ci95": [
          -0.039807280393217896,
          0.025664028338034012
        ],
        "early_ret_complete_cohort_delta_quantiles": {
          "q10": -0.22761964886964875,
          "q50": 0.0,
          "q90": 0.20497534872534856
        },
        "early_ret_visible_clustered_ci95": [
          -0.02941184928597763,
          0.027721691065763887
        ],
        "favorable_complete_cohort_fraction": 0.23863636363636365,
        "max_scheduled_resource_error": 0.0,
        "max_unresolved_orders_delta": 5.0,
        "mean_early_ret_complete_cohort_delta": -0.007678345959595959,
        "mean_early_ret_visible_delta": -0.0014990034643960254,
        "mean_lost_orders_delta": 0.0,
        "mean_lost_quantity_delta": 0.0,
        "mean_service_loss_auc_delta": -741075.1363636364,
        "mean_total_ret_visible_delta": -0.0028976020894814452,
        "mean_unresolved_orders_delta": -0.29545454545454547,
        "mean_unresolved_quantity_delta": -738.9545454545455,
        "mean_worst_product_fill_delta": 0.014138911698053534,
        "n_pairs": 88,
        "worst_product_fill_clustered_ci95": [
          -0.015182969894506945,
          0.04787887698476484
        ]
      },
      "oracle_initial_context": {
        "early_ret_complete_cohort_clustered_ci95": [
          0.06489592471659233,
          0.1014447778652324
        ],
        "early_ret_complete_cohort_delta_quantiles": {
          "q10": 0.0,
          "q50": 0.0,
          "q90": 0.2208844396344396
        },
        "early_ret_visible_clustered_ci95": [
          0.06016639817431829,
          0.0939203782711014
        ],
        "favorable_complete_cohort_fraction": 0.4318181818181818,
        "max_scheduled_resource_error": 0.0,
        "max_unresolved_orders_delta": 19.0,
        "mean_early_ret_complete_cohort_delta": 0.08393519884997157,
        "mean_early_ret_visible_delta": 0.07756716263215918,
        "mean_lost_orders_delta": 0.0,
        "mean_lost_quantity_delta": 0.0,
        "mean_service_loss_auc_delta": -3031358.215909091,
        "mean_total_ret_visible_delta": 0.05861817162390426,
        "mean_unresolved_orders_delta": 0.2159090909090909,
        "mean_unresolved_quantity_delta": 514.0568181818181,
        "mean_worst_product_fill_delta": -0.03244671782416133,
        "n_pairs": 88,
        "worst_product_fill_clustered_ci95": [
          -0.06558358467590886,
          -0.004974970389755132
        ]
      },
      "reset_posterior_0p5": {
        "early_ret_complete_cohort_clustered_ci95": [
          0.0,
          0.0
        ],
        "early_ret_complete_cohort_delta_quantiles": {
          "q10": 0.0,
          "q50": 0.0,
          "q90": 0.0
        },
        "early_ret_visible_clustered_ci95": [
          0.0,
          0.0
        ],
        "favorable_complete_cohort_fraction": 0.0,
        "max_scheduled_resource_error": 0.0,
        "max_unresolved_orders_delta": 0.0,
        "mean_early_ret_complete_cohort_delta": 0.0,
        "mean_early_ret_visible_delta": 0.0,
        "mean_lost_orders_delta": 0.0,
        "mean_lost_quantity_delta": 0.0,
        "mean_service_loss_auc_delta": 0.0,
        "mean_total_ret_visible_delta": 0.0,
        "mean_unresolved_orders_delta": 0.0,
        "mean_unresolved_quantity_delta": 0.0,
        "mean_worst_product_fill_delta": 0.0,
        "n_pairs": 88,
        "worst_product_fill_clustered_ci95": [
          0.0,
          0.0
        ]
      },
      "retained_posterior": {
        "early_ret_complete_cohort_clustered_ci95": [
          0.040955208709114954,
          0.09190580128257685
        ],
        "early_ret_complete_cohort_delta_quantiles": {
          "q10": 0.0,
          "q50": 0.0,
          "q90": 0.2208844396344396
        },
        "early_ret_visible_clustered_ci95": [
          0.03965064376775594,
          0.08571383539746144
        ],
        "favorable_complete_cohort_fraction": 0.42045454545454547,
        "max_scheduled_resource_error": 0.0,
        "max_unresolved_orders_delta": 19.0,
        "mean_early_ret_complete_cohort_delta": 0.06688110132712405,
        "mean_early_ret_visible_delta": 0.06230698758376099,
        "mean_lost_orders_delta": 0.0,
        "mean_lost_quantity_delta": 0.0,
        "mean_service_loss_auc_delta": -2521058.2954545454,
        "mean_total_ret_visible_delta": 0.04856304286744148,
        "mean_unresolved_orders_delta": 0.17045454545454544,
        "mean_unresolved_quantity_delta": 401.34090909090907,
        "mean_worst_product_fill_delta": -0.02626674713652237,
        "n_pairs": 88,
        "worst_product_fill_clustered_ci95": [
          -0.06276118593163338,
          0.0040805959926672585
        ]
      },
      "shuffled_posterior": {
        "early_ret_complete_cohort_clustered_ci95": [
          -0.042723504662425096,
          0.007341637082404093
        ],
        "early_ret_complete_cohort_delta_quantiles": {
          "q10": -0.21680826118326124,
          "q50": 0.0,
          "q90": 0.20497534872534878
        },
        "early_ret_visible_clustered_ci95": [
          -0.03358176970909408,
          0.01128661852189745
        ],
        "favorable_complete_cohort_fraction": 0.2159090909090909,
        "max_scheduled_resource_error": 0.0,
        "max_unresolved_orders_delta": 19.0,
        "mean_early_ret_complete_cohort_delta": -0.016751695799991254,
        "mean_early_ret_visible_delta": -0.010673462164939439,
        "mean_lost_orders_delta": 0.0,
        "mean_lost_quantity_delta": 0.0,
        "mean_service_loss_auc_delta": 2101644.7613636362,
        "mean_total_ret_visible_delta": -0.009543510210108573,
        "mean_unresolved_orders_delta": 0.4090909090909091,
        "mean_unresolved_quantity_delta": 1033.5795454545455,
        "mean_worst_product_fill_delta": -0.019276755996075635,
        "n_pairs": 88,
        "worst_product_fill_clustered_ci95": [
          -0.05207149242877319,
          0.012205660274979149
        ]
      },
      "wrong_posterior": {
        "early_ret_complete_cohort_clustered_ci95": [
          -0.13867281872431014,
          -0.09375334787266607
        ],
        "early_ret_complete_cohort_delta_quantiles": {
          "q10": -0.24409992784992776,
          "q50": -0.1620460557960558,
          "q90": 0.0
        },
        "early_ret_visible_clustered_ci95": [
          -0.12013177448348762,
          -0.08196796587418362
        ],
        "favorable_complete_cohort_fraction": 0.0,
        "max_scheduled_resource_error": 0.0,
        "max_unresolved_orders_delta": 7.0,
        "mean_early_ret_complete_cohort_delta": -0.11550919093532729,
        "mean_early_ret_visible_delta": -0.10146215119183438,
        "mean_lost_orders_delta": 0.0,
        "mean_lost_quantity_delta": 0.0,
        "mean_service_loss_auc_delta": 3354844.8068181816,
        "mean_total_ret_visible_delta": -0.07948776329487413,
        "mean_unresolved_orders_delta": -0.5227272727272727,
        "mean_unresolved_quantity_delta": -1276.7386363636363,
        "mean_worst_product_fill_delta": 0.049011269071894285,
        "n_pairs": 88,
        "worst_product_fill_clustered_ci95": [
          0.015351502790435324,
          0.08876116404548942
        ]
      }
    }
  },
  "sustained_control": {
    "0.5": {
      "delayed_posterior": {
        "early_ret_complete_cohort_clustered_ci95": [
          0.0,
          0.0
        ],
        "early_ret_complete_cohort_delta_quantiles": {
          "q10": 0.0,
          "q50": 0.0,
          "q90": 0.0
        },
        "early_ret_visible_clustered_ci95": [
          0.0,
          0.0
        ],
        "favorable_complete_cohort_fraction": 0.0,
        "max_scheduled_resource_error": 0.0,
        "max_unresolved_orders_delta": 0.0,
        "mean_early_ret_complete_cohort_delta": 0.0,
        "mean_early_ret_visible_delta": 0.0,
        "mean_lost_orders_delta": 0.0,
        "mean_lost_quantity_delta": 0.0,
        "mean_service_loss_auc_delta": 0.0,
        "mean_total_ret_visible_delta": 0.0,
        "mean_unresolved_orders_delta": 0.0,
        "mean_unresolved_quantity_delta": 0.0,
        "mean_worst_product_fill_delta": 0.0,
        "n_pairs": 88,
        "worst_product_fill_clustered_ci95": [
          0.0,
          0.0
        ]
      },
      "oracle_initial_context": {
        "early_ret_complete_cohort_clustered_ci95": [
          0.09869661082551706,
          0.12121703284878001
        ],
        "early_ret_complete_cohort_delta_quantiles": {
          "q10": 0.0,
          "q50": 0.1451854858104858,
          "q90": 0.22467231842231836
        },
        "early_ret_visible_clustered_ci95": [
          0.08841969557526763,
          0.11432747864007548
        ],
        "favorable_complete_cohort_fraction": 0.5454545454545454,
        "max_scheduled_resource_error": 0.0,
        "max_unresolved_orders_delta": 19.0,
        "mean_early_ret_complete_cohort_delta": 0.10932707076172984,
        "mean_early_ret_visible_delta": 0.1003839960257832,
        "mean_lost_orders_delta": 0.0,
        "mean_lost_quantity_delta": 0.0,
        "mean_service_loss_auc_delta": -1844049.5568181819,
        "mean_total_ret_visible_delta": 0.07272944410031933,
        "mean_unresolved_orders_delta": 0.7954545454545454,
        "mean_unresolved_quantity_delta": 1977.534090909091,
        "mean_worst_product_fill_delta": -0.06038519200592858,
        "n_pairs": 88,
        "worst_product_fill_clustered_ci95": [
          -0.11577700776054846,
          -0.016759915612548974
        ]
      },
      "reset_posterior_0p5": {
        "early_ret_complete_cohort_clustered_ci95": [
          0.0,
          0.0
        ],
        "early_ret_complete_cohort_delta_quantiles": {
          "q10": 0.0,
          "q50": 0.0,
          "q90": 0.0
        },
        "early_ret_visible_clustered_ci95": [
          0.0,
          0.0
        ],
        "favorable_complete_cohort_fraction": 0.0,
        "max_scheduled_resource_error": 0.0,
        "max_unresolved_orders_delta": 0.0,
        "mean_early_ret_complete_cohort_delta": 0.0,
        "mean_early_ret_visible_delta": 0.0,
        "mean_lost_orders_delta": 0.0,
        "mean_lost_quantity_delta": 0.0,
        "mean_service_loss_auc_delta": 0.0,
        "mean_total_ret_visible_delta": 0.0,
        "mean_unresolved_orders_delta": 0.0,
        "mean_unresolved_quantity_delta": 0.0,
        "mean_worst_product_fill_delta": 0.0,
        "n_pairs": 88,
        "worst_product_fill_clustered_ci95": [
          0.0,
          0.0
        ]
      },
      "retained_posterior": {
        "early_ret_complete_cohort_clustered_ci95": [
          0.0,
          0.0
        ],
        "early_ret_complete_cohort_delta_quantiles": {
          "q10": 0.0,
          "q50": 0.0,
          "q90": 0.0
        },
        "early_ret_visible_clustered_ci95": [
          0.0,
          0.0
        ],
        "favorable_complete_cohort_fraction": 0.0,
        "max_scheduled_resource_error": 0.0,
        "max_unresolved_orders_delta": 0.0,
        "mean_early_ret_complete_cohort_delta": 0.0,
        "mean_early_ret_visible_delta": 0.0,
        "mean_lost_orders_delta": 0.0,
        "mean_lost_quantity_delta": 0.0,
        "mean_service_loss_auc_delta": 0.0,
        "mean_total_ret_visible_delta": 0.0,
        "mean_unresolved_orders_delta": 0.0,
        "mean_unresolved_quantity_delta": 0.0,
        "mean_worst_product_fill_delta": 0.0,
        "n_pairs": 88,
        "worst_product_fill_clustered_ci95": [
          0.0,
          0.0
        ]
      },
      "shuffled_posterior": {
        "early_ret_complete_cohort_clustered_ci95": [
          0.0,
          0.0
        ],
        "early_ret_complete_cohort_delta_quantiles": {
          "q10": 0.0,
          "q50": 0.0,
          "q90": 0.0
        },
        "early_ret_visible_clustered_ci95": [
          0.0,
          0.0
        ],
        "favorable_complete_cohort_fraction": 0.0,
        "max_scheduled_resource_error": 0.0,
        "max_unresolved_orders_delta": 0.0,
        "mean_early_ret_complete_cohort_delta": 0.0,
        "mean_early_ret_visible_delta": 0.0,
        "mean_lost_orders_delta": 0.0,
        "mean_lost_quantity_delta": 0.0,
        "mean_service_loss_auc_delta": 0.0,
        "mean_total_ret_visible_delta": 0.0,
        "mean_unresolved_orders_delta": 0.0,
        "mean_unresolved_quantity_delta": 0.0,
        "mean_worst_product_fill_delta": 0.0,
        "n_pairs": 88,
        "worst_product_fill_clustered_ci95": [
          0.0,
          0.0
        ]
      },
      "wrong_posterior": {
        "early_ret_complete_cohort_clustered_ci95": [
          -0.10268909331409334,
          -0.07290515920842629
        ],
        "early_ret_complete_cohort_delta_quantiles": {
          "q10": -0.2208844396344396,
          "q50": 0.0,
          "q90": 0.0
        },
        "early_ret_visible_clustered_ci95": [
          -0.09239700353594982,
          -0.0650503524086298
        ],
        "favorable_complete_cohort_fraction": 0.0,
        "max_scheduled_resource_error": 0.0,
        "max_unresolved_orders_delta": 5.0,
        "mean_early_ret_complete_cohort_delta": -0.08823226174078447,
        "mean_early_ret_visible_delta": -0.07958172792797448,
        "mean_lost_orders_delta": 0.0,
        "mean_lost_quantity_delta": 0.0,
        "mean_service_loss_auc_delta": 3569325.897727273,
        "mean_total_ret_visible_delta": -0.06290212407974881,
        "mean_unresolved_orders_delta": -0.14772727272727273,
        "mean_unresolved_quantity_delta": -341.64772727272725,
        "mean_worst_product_fill_delta": 0.02701572567306792,
        "n_pairs": 88,
        "worst_product_fill_clustered_ci95": [
          0.005175284850318941,
          0.049678755624093525
        ]
      }
    },
    "0.75": {
      "delayed_posterior": {
        "early_ret_complete_cohort_clustered_ci95": [
          -0.0005643215160260557,
          0.031004956218024383
        ],
        "early_ret_complete_cohort_delta_quantiles": {
          "q10": -0.20011423761423763,
          "q50": 0.0,
          "q90": 0.1984938672438672
        },
        "early_ret_visible_clustered_ci95": [
          -0.0005454396694711752,
          0.029456162402507955
        ],
        "favorable_complete_cohort_fraction": 0.23863636363636365,
        "max_scheduled_resource_error": 0.0,
        "max_unresolved_orders_delta": 19.0,
        "mean_early_ret_complete_cohort_delta": 0.014210865418251784,
        "mean_early_ret_visible_delta": 0.014081677906574608,
        "mean_lost_orders_delta": 0.0,
        "mean_lost_quantity_delta": 0.0,
        "mean_service_loss_auc_delta": -704384.0681818182,
        "mean_total_ret_visible_delta": 0.013385422420967763,
        "mean_unresolved_orders_delta": 0.045454545454545456,
        "mean_unresolved_quantity_delta": 108.6590909090909,
        "mean_worst_product_fill_delta": -0.0027665381098904078,
        "n_pairs": 88,
        "worst_product_fill_clustered_ci95": [
          -0.042156024924015364,
          0.03625875260976826
        ]
      },
      "oracle_initial_context": {
        "early_ret_complete_cohort_clustered_ci95": [
          0.07309622195985832,
          0.11198134363794875
        ],
        "early_ret_complete_cohort_delta_quantiles": {
          "q10": 0.0,
          "q50": 0.0,
          "q90": 0.2208844396344396
        },
        "early_ret_visible_clustered_ci95": [
          0.06691599285294403,
          0.0996240901633248
        ],
        "favorable_complete_cohort_fraction": 0.45454545454545453,
        "max_scheduled_resource_error": 0.0,
        "max_unresolved_orders_delta": 19.0,
        "mean_early_ret_complete_cohort_delta": 0.0918996171126853,
        "mean_early_ret_visible_delta": 0.08302135652901838,
        "mean_lost_orders_delta": 0.0,
        "mean_lost_quantity_delta": 0.0,
        "mean_service_loss_auc_delta": -1280281.3977272727,
        "mean_total_ret_visible_delta": 0.058172311363240886,
        "mean_unresolved_orders_delta": 0.6477272727272727,
        "mean_unresolved_quantity_delta": 1607.1477272727273,
        "mean_worst_product_fill_delta": -0.04474553184885116,
        "n_pairs": 88,
        "worst_product_fill_clustered_ci95": [
          -0.07520378148050108,
          -0.015278646648649976
        ]
      },
      "reset_posterior_0p5": {
        "early_ret_complete_cohort_clustered_ci95": [
          0.0,
          0.0
        ],
        "early_ret_complete_cohort_delta_quantiles": {
          "q10": 0.0,
          "q50": 0.0,
          "q90": 0.0
        },
        "early_ret_visible_clustered_ci95": [
          0.0,
          0.0
        ],
        "favorable_complete_cohort_fraction": 0.0,
        "max_scheduled_resource_error": 0.0,
        "max_unresolved_orders_delta": 0.0,
        "mean_early_ret_complete_cohort_delta": 0.0,
        "mean_early_ret_visible_delta": 0.0,
        "mean_lost_orders_delta": 0.0,
        "mean_lost_quantity_delta": 0.0,
        "mean_service_loss_auc_delta": 0.0,
        "mean_total_ret_visible_delta": 0.0,
        "mean_unresolved_orders_delta": 0.0,
        "mean_unresolved_quantity_delta": 0.0,
        "mean_worst_product_fill_delta": 0.0,
        "n_pairs": 88,
        "worst_product_fill_clustered_ci95": [
          0.0,
          0.0
        ]
      },
      "retained_posterior": {
        "early_ret_complete_cohort_clustered_ci95": [
          0.015080834043902213,
          0.0625087471713892
        ],
        "early_ret_complete_cohort_delta_quantiles": {
          "q10": -0.17696608946608933,
          "q50": 0.0,
          "q90": 0.21399681337181353
        },
        "early_ret_visible_clustered_ci95": [
          0.014713415267392529,
          0.05537448947529871
        ],
        "favorable_complete_cohort_fraction": 0.3181818181818182,
        "max_scheduled_resource_error": 0.0,
        "max_unresolved_orders_delta": 19.0,
        "mean_early_ret_complete_cohort_delta": 0.03784120971620972,
        "mean_early_ret_visible_delta": 0.03441004727850458,
        "mean_lost_orders_delta": 0.0,
        "mean_lost_quantity_delta": 0.0,
        "mean_service_loss_auc_delta": -149660.01136363635,
        "mean_total_ret_visible_delta": 0.026223649235511435,
        "mean_unresolved_orders_delta": 0.3977272727272727,
        "mean_unresolved_quantity_delta": 978.4431818181819,
        "mean_worst_product_fill_delta": -0.01847390366292899,
        "n_pairs": 88,
        "worst_product_fill_clustered_ci95": [
          -0.05067132716938362,
          0.01656033229817854
        ]
      },
      "shuffled_posterior": {
        "early_ret_complete_cohort_clustered_ci95": [
          -0.027790793486816203,
          0.025565073079277627
        ],
        "early_ret_complete_cohort_delta_quantiles": {
          "q10": -0.1973529942279942,
          "q50": 0.0,
          "q90": 0.19571608946608932
        },
        "early_ret_visible_clustered_ci95": [
          -0.026490260656421547,
          0.020672740338126445
        ],
        "favorable_complete_cohort_fraction": 0.2159090909090909,
        "max_scheduled_resource_error": 0.0,
        "max_unresolved_orders_delta": 15.0,
        "mean_early_ret_complete_cohort_delta": -0.0037705928330928266,
        "mean_early_ret_visible_delta": -0.004457209218314584,
        "mean_lost_orders_delta": 0.0,
        "mean_lost_quantity_delta": 0.0,
        "mean_service_loss_auc_delta": 611738.3863636364,
        "mean_total_ret_visible_delta": -0.004315458288762259,
        "mean_unresolved_orders_delta": 0.056818181818181816,
        "mean_unresolved_quantity_delta": 140.11363636363637,
        "mean_worst_product_fill_delta": -0.001762367569922789,
        "n_pairs": 88,
        "worst_product_fill_clustered_ci95": [
          -0.03106645478674723,
          0.02265277580985995
        ]
      },
      "wrong_posterior": {
        "early_ret_complete_cohort_clustered_ci95": [
          -0.12116241982186585,
          -0.08854597107438016
        ],
        "early_ret_complete_cohort_delta_quantiles": {
          "q10": -0.22088443963443966,
          "q50": -0.12332401394901399,
          "q90": 0.0
        },
        "early_ret_visible_clustered_ci95": [
          -0.11241734746806413,
          -0.08045166197757449
        ],
        "favorable_complete_cohort_fraction": 0.0,
        "max_scheduled_resource_error": 0.0,
        "max_unresolved_orders_delta": 7.0,
        "mean_early_ret_complete_cohort_delta": -0.10580627022388386,
        "mean_early_ret_visible_delta": -0.09700272703587097,
        "mean_lost_orders_delta": 0.0,
        "mean_lost_quantity_delta": 0.0,
        "mean_service_loss_auc_delta": 4597662.011363637,
        "mean_total_ret_visible_delta": -0.0802863988823802,
        "mean_unresolved_orders_delta": -0.25,
        "mean_unresolved_quantity_delta": -593.1704545454545,
        "mean_worst_product_fill_delta": 0.041498091801978464,
        "n_pairs": 88,
        "worst_product_fill_clustered_ci95": [
          0.013484795973686983,
          0.07769366927178949
        ]
      }
    },
    "0.9": {
      "delayed_posterior": {
        "early_ret_complete_cohort_clustered_ci95": [
          -0.039807280393217896,
          0.025664028338034012
        ],
        "early_ret_complete_cohort_delta_quantiles": {
          "q10": -0.22761964886964875,
          "q50": 0.0,
          "q90": 0.20497534872534856
        },
        "early_ret_visible_clustered_ci95": [
          -0.02941184928597763,
          0.027721691065763887
        ],
        "favorable_complete_cohort_fraction": 0.23863636363636365,
        "max_scheduled_resource_error": 0.0,
        "max_unresolved_orders_delta": 5.0,
        "mean_early_ret_complete_cohort_delta": -0.007678345959595959,
        "mean_early_ret_visible_delta": -0.0014990034643960254,
        "mean_lost_orders_delta": 0.0,
        "mean_lost_quantity_delta": 0.0,
        "mean_service_loss_auc_delta": -741075.1363636364,
        "mean_total_ret_visible_delta": -0.0028976020894814452,
        "mean_unresolved_orders_delta": -0.29545454545454547,
        "mean_unresolved_quantity_delta": -738.9545454545455,
        "mean_worst_product_fill_delta": 0.014138911698053534,
        "n_pairs": 88,
        "worst_product_fill_clustered_ci95": [
          -0.015182969894506945,
          0.04787887698476484
        ]
      },
      "oracle_initial_context": {
        "early_ret_complete_cohort_clustered_ci95": [
          0.06489592471659233,
          0.1014447778652324
        ],
        "early_ret_complete_cohort_delta_quantiles": {
          "q10": 0.0,
          "q50": 0.0,
          "q90": 0.2208844396344396
        },
        "early_ret_visible_clustered_ci95": [
          0.06016639817431829,
          0.0939203782711014
        ],
        "favorable_complete_cohort_fraction": 0.4318181818181818,
        "max_scheduled_resource_error": 0.0,
        "max_unresolved_orders_delta": 19.0,
        "mean_early_ret_complete_cohort_delta": 0.08393519884997157,
        "mean_early_ret_visible_delta": 0.07756716263215918,
        "mean_lost_orders_delta": 0.0,
        "mean_lost_quantity_delta": 0.0,
        "mean_service_loss_auc_delta": -3031358.215909091,
        "mean_total_ret_visible_delta": 0.05861817162390426,
        "mean_unresolved_orders_delta": 0.2159090909090909,
        "mean_unresolved_quantity_delta": 514.0568181818181,
        "mean_worst_product_fill_delta": -0.03244671782416133,
        "n_pairs": 88,
        "worst_product_fill_clustered_ci95": [
          -0.06558358467590886,
          -0.004974970389755132
        ]
      },
      "reset_posterior_0p5": {
        "early_ret_complete_cohort_clustered_ci95": [
          0.0,
          0.0
        ],
        "early_ret_complete_cohort_delta_quantiles": {
          "q10": 0.0,
          "q50": 0.0,
          "q90": 0.0
        },
        "early_ret_visible_clustered_ci95": [
          0.0,
          0.0
        ],
        "favorable_complete_cohort_fraction": 0.0,
        "max_scheduled_resource_error": 0.0,
        "max_unresolved_orders_delta": 0.0,
        "mean_early_ret_complete_cohort_delta": 0.0,
        "mean_early_ret_visible_delta": 0.0,
        "mean_lost_orders_delta": 0.0,
        "mean_lost_quantity_delta": 0.0,
        "mean_service_loss_auc_delta": 0.0,
        "mean_total_ret_visible_delta": 0.0,
        "mean_unresolved_orders_delta": 0.0,
        "mean_unresolved_quantity_delta": 0.0,
        "mean_worst_product_fill_delta": 0.0,
        "n_pairs": 88,
        "worst_product_fill_clustered_ci95": [
          0.0,
          0.0
        ]
      },
      "retained_posterior": {
        "early_ret_complete_cohort_clustered_ci95": [
          0.040955208709114954,
          0.09190580128257685
        ],
        "early_ret_complete_cohort_delta_quantiles": {
          "q10": 0.0,
          "q50": 0.0,
          "q90": 0.2208844396344396
        },
        "early_ret_visible_clustered_ci95": [
          0.03965064376775594,
          0.08571383539746144
        ],
        "favorable_complete_cohort_fraction": 0.42045454545454547,
        "max_scheduled_resource_error": 0.0,
        "max_unresolved_orders_delta": 19.0,
        "mean_early_ret_complete_cohort_delta": 0.06688110132712405,
        "mean_early_ret_visible_delta": 0.06230698758376099,
        "mean_lost_orders_delta": 0.0,
        "mean_lost_quantity_delta": 0.0,
        "mean_service_loss_auc_delta": -2521058.2954545454,
        "mean_total_ret_visible_delta": 0.04856304286744148,
        "mean_unresolved_orders_delta": 0.17045454545454544,
        "mean_unresolved_quantity_delta": 401.34090909090907,
        "mean_worst_product_fill_delta": -0.02626674713652237,
        "n_pairs": 88,
        "worst_product_fill_clustered_ci95": [
          -0.06276118593163338,
          0.0040805959926672585
        ]
      },
      "shuffled_posterior": {
        "early_ret_complete_cohort_clustered_ci95": [
          -0.042723504662425096,
          0.007341637082404093
        ],
        "early_ret_complete_cohort_delta_quantiles": {
          "q10": -0.21680826118326124,
          "q50": 0.0,
          "q90": 0.20497534872534878
        },
        "early_ret_visible_clustered_ci95": [
          -0.03358176970909408,
          0.01128661852189745
        ],
        "favorable_complete_cohort_fraction": 0.2159090909090909,
        "max_scheduled_resource_error": 0.0,
        "max_unresolved_orders_delta": 19.0,
        "mean_early_ret_complete_cohort_delta": -0.016751695799991254,
        "mean_early_ret_visible_delta": -0.010673462164939439,
        "mean_lost_orders_delta": 0.0,
        "mean_lost_quantity_delta": 0.0,
        "mean_service_loss_auc_delta": 2101644.7613636362,
        "mean_total_ret_visible_delta": -0.009543510210108573,
        "mean_unresolved_orders_delta": 0.4090909090909091,
        "mean_unresolved_quantity_delta": 1033.5795454545455,
        "mean_worst_product_fill_delta": -0.019276755996075635,
        "n_pairs": 88,
        "worst_product_fill_clustered_ci95": [
          -0.05207149242877319,
          0.012205660274979149
        ]
      },
      "wrong_posterior": {
        "early_ret_complete_cohort_clustered_ci95": [
          -0.13867281872431014,
          -0.09375334787266607
        ],
        "early_ret_complete_cohort_delta_quantiles": {
          "q10": -0.24409992784992776,
          "q50": -0.1620460557960558,
          "q90": 0.0
        },
        "early_ret_visible_clustered_ci95": [
          -0.12013177448348762,
          -0.08196796587418362
        ],
        "favorable_complete_cohort_fraction": 0.0,
        "max_scheduled_resource_error": 0.0,
        "max_unresolved_orders_delta": 7.0,
        "mean_early_ret_complete_cohort_delta": -0.11550919093532729,
        "mean_early_ret_visible_delta": -0.10146215119183438,
        "mean_lost_orders_delta": 0.0,
        "mean_lost_quantity_delta": 0.0,
        "mean_service_loss_auc_delta": 3428074.8068181816,
        "mean_total_ret_visible_delta": -0.08007719572961838,
        "mean_unresolved_orders_delta": -0.5227272727272727,
        "mean_unresolved_quantity_delta": -1276.7386363636363,
        "mean_worst_product_fill_delta": 0.049011269071894285,
        "n_pairs": 88,
        "worst_product_fill_clustered_ci95": [
          0.015351502790435324,
          0.08876116404548942
        ]
      }
    }
  }
}
