{
  "historical_splice": {
    "0.5": {
      "delayed_posterior": {
        "early_ret_complete_cohort_clustered_ci95": [
          0.0,
          0.0
        ],
        "early_ret_complete_cohort_delta_quantiles": {
          "q10": 0.0,
          "q50": 0.0,
          "q90": 0.0
        },
        "early_ret_visible_clustered_ci95": [
          0.0,
          0.0
        ],
        "favorable_complete_cohort_fraction": 0.0,
        "max_scheduled_resource_error": 0.0,
        "max_unresolved_orders_delta": 0.0,
        "mean_early_ret_complete_cohort_delta": 0.0,
        "mean_early_ret_visible_delta": 0.0,
        "mean_lost_orders_delta": 0.0,
        "mean_lost_quantity_delta": 0.0,
        "mean_service_loss_auc_delta": 0.0,
        "mean_total_ret_visible_delta": 0.0,
        "mean_unresolved_orders_delta": 0.0,
        "mean_unresolved_quantity_delta": 0.0,
        "mean_worst_product_fill_delta": 0.0,
        "n_pairs": 88,
        "worst_product_fill_clustered_ci95": [
          0.0,
          0.0
        ]
      },
      "oracle_initial_context": {
        "early_ret_complete_cohort_clustered_ci95": [
          0.07323915562551928,
          0.10252048949314574
        ],
        "early_ret_complete_cohort_delta_quantiles": {
          "q10": 0.0,
          "q50": 0.0,
          "q90": 0.2208844396344396
        },
        "early_ret_visible_clustered_ci95": [
          0.0752065638211364,
          0.10122192507523085
        ],
        "favorable_complete_cohort_fraction": 0.48863636363636365,
        "max_scheduled_resource_error": 0.0,
        "max_unresolved_orders_delta": 6.0,
        "mean_early_ret_complete_cohort_delta": 0.08744786883991429,
        "mean_early_ret_visible_delta": 0.08758719313858776,
        "mean_lost_orders_delta": 0.0,
        "mean_lost_quantity_delta": 0.0,
        "mean_service_loss_auc_delta": -1223200.9431818181,
        "mean_total_ret_visible_delta": 0.05548388551760612,
        "mean_unresolved_orders_delta": 0.5227272727272727,
        "mean_unresolved_quantity_delta": 1326.2386363636363,
        "mean_worst_product_fill_delta": -0.09305184919403536,
        "n_pairs": 88,
        "worst_product_fill_clustered_ci95": [
          -0.13176208558266422,
          -0.04640684400236374
        ]
      },
      "reset_posterior_0p5": {
        "early_ret_complete_cohort_clustered_ci95": [
          0.0,
          0.0
        ],
        "early_ret_complete_cohort_delta_quantiles": {
          "q10": 0.0,
          "q50": 0.0,
          "q90": 0.0
        },
        "early_ret_visible_clustered_ci95": [
          0.0,
          0.0
        ],
        "favorable_complete_cohort_fraction": 0.0,
        "max_scheduled_resource_error": 0.0,
        "max_unresolved_orders_delta": 0.0,
        "mean_early_ret_complete_cohort_delta": 0.0,
        "mean_early_ret_visible_delta": 0.0,
        "mean_lost_orders_delta": 0.0,
        "mean_lost_quantity_delta": 0.0,
        "mean_service_loss_auc_delta": 0.0,
        "mean_total_ret_visible_delta": 0.0,
        "mean_unresolved_orders_delta": 0.0,
        "mean_unresolved_quantity_delta": 0.0,
        "mean_worst_product_fill_delta": 0.0,
        "n_pairs": 88,
        "worst_product_fill_clustered_ci95": [
          0.0,
          0.0
        ]
      },
      "retained_posterior": {
        "early_ret_complete_cohort_clustered_ci95": [
          0.0,
          0.0
        ],
        "early_ret_complete_cohort_delta_quantiles": {
          "q10": 0.0,
          "q50": 0.0,
          "q90": 0.0
        },
        "early_ret_visible_clustered_ci95": [
          0.0,
          0.0
        ],
        "favorable_complete_cohort_fraction": 0.0,
        "max_scheduled_resource_error": 0.0,
        "max_unresolved_orders_delta": 0.0,
        "mean_early_ret_complete_cohort_delta": 0.0,
        "mean_early_ret_visible_delta": 0.0,
        "mean_lost_orders_delta": 0.0,
        "mean_lost_quantity_delta": 0.0,
        "mean_service_loss_auc_delta": 0.0,
        "mean_total_ret_visible_delta": 0.0,
        "mean_unresolved_orders_delta": 0.0,
        "mean_unresolved_quantity_delta": 0.0,
        "mean_worst_product_fill_delta": 0.0,
        "n_pairs": 88,
        "worst_product_fill_clustered_ci95": [
          0.0,
          0.0
        ]
      },
      "shuffled_posterior": {
        "early_ret_complete_cohort_clustered_ci95": [
          0.0,
          0.0
        ],
        "early_ret_complete_cohort_delta_quantiles": {
          "q10": 0.0,
          "q50": 0.0,
          "q90": 0.0
        },
        "early_ret_visible_clustered_ci95": [
          0.0,
          0.0
        ],
        "favorable_complete_cohort_fraction": 0.0,
        "max_scheduled_resource_error": 0.0,
        "max_unresolved_orders_delta": 0.0,
        "mean_early_ret_complete_cohort_delta": 0.0,
        "mean_early_ret_visible_delta": 0.0,
        "mean_lost_orders_delta": 0.0,
        "mean_lost_quantity_delta": 0.0,
        "mean_service_loss_auc_delta": 0.0,
        "mean_total_ret_visible_delta": 0.0,
        "mean_unresolved_orders_delta": 0.0,
        "mean_unresolved_quantity_delta": 0.0,
        "mean_worst_product_fill_delta": 0.0,
        "n_pairs": 88,
        "worst_product_fill_clustered_ci95": [
          0.0,
          0.0
        ]
      },
      "wrong_posterior": {
        "early_ret_complete_cohort_clustered_ci95": [
          -0.12231828567055843,
          -0.10014443423001664
        ],
        "early_ret_complete_cohort_delta_quantiles": {
          "q10": -0.25458393458393463,
          "q50": -0.08445917508417505,
          "q90": 0.0
        },
        "early_ret_visible_clustered_ci95": [
          -0.10267339001590252,
          -0.07655558890746887
        ],
        "favorable_complete_cohort_fraction": 0.0,
        "max_scheduled_resource_error": 0.0,
        "max_unresolved_orders_delta": 8.0,
        "mean_early_ret_complete_cohort_delta": -0.11139738838602474,
        "mean_early_ret_visible_delta": -0.08952922833626174,
        "mean_lost_orders_delta": 0.0,
        "mean_lost_quantity_delta": 0.0,
        "mean_service_loss_auc_delta": 7619158.738636363,
        "mean_total_ret_visible_delta": -0.07581855891153272,
        "mean_unresolved_orders_delta": 0.7272727272727273,
        "mean_unresolved_quantity_delta": 1904.8295454545455,
        "mean_worst_product_fill_delta": 0.005629178082754234,
        "n_pairs": 88,
        "worst_product_fill_clustered_ci95": [
          -0.02875423016949224,
          0.043689518709335115
        ]
      }
    },
    "0.75": {
      "delayed_posterior": {
        "early_ret_complete_cohort_clustered_ci95": [
          -0.024169269808474347,
          0.006017322849709198
        ],
        "early_ret_complete_cohort_delta_quantiles": {
          "q10": -0.1863410894660893,
          "q50": 0.0,
          "q90": 0.19203342953342958
        },
        "early_ret_visible_clustered_ci95": [
          -0.0167606037034304,
          0.0125102367883876
        ],
        "favorable_complete_cohort_fraction": 0.1590909090909091,
        "max_scheduled_resource_error": 0.0,
        "max_unresolved_orders_delta": 6.0,
        "mean_early_ret_complete_cohort_delta": -0.008929630449516817,
        "mean_early_ret_visible_delta": -0.0028344663511674566,
        "mean_lost_orders_delta": 0.0,
        "mean_lost_quantity_delta": 0.0,
        "mean_service_loss_auc_delta": 3313680.625,
        "mean_total_ret_visible_delta": -0.007604408693656161,
        "mean_unresolved_orders_delta": 0.7954545454545454,
        "mean_unresolved_quantity_delta": 2037.3522727272727,
        "mean_worst_product_fill_delta": -0.047175537252892925,
        "n_pairs": 88,
        "worst_product_fill_clustered_ci95": [
          -0.07278509876650942,
          -0.025723643392004957
        ]
      },
      "oracle_initial_context": {
        "early_ret_complete_cohort_clustered_ci95": [
          0.06772134648022432,
          0.10126108897415717
        ],
        "early_ret_complete_cohort_delta_quantiles": {
          "q10": 0.0,
          "q50": 0.0,
          "q90": 0.2208844396344396
        },
        "early_ret_visible_clustered_ci95": [
          0.06334467866198884,
          0.09749200485770734
        ],
        "favorable_complete_cohort_fraction": 0.4431818181818182,
        "max_scheduled_resource_error": 0.0,
        "max_unresolved_orders_delta": 6.0,
        "mean_early_ret_complete_cohort_delta": 0.08461908724692817,
        "mean_early_ret_visible_delta": 0.08118107792307172,
        "mean_lost_orders_delta": 0.0,
        "mean_lost_quantity_delta": 0.0,
        "mean_service_loss_auc_delta": -195705.76136363635,
        "mean_total_ret_visible_delta": 0.049200101120279054,
        "mean_unresolved_orders_delta": 0.6590909090909091,
        "mean_unresolved_quantity_delta": 1678.4204545454545,
        "mean_worst_product_fill_delta": -0.0810679706075607,
        "n_pairs": 88,
        "worst_product_fill_clustered_ci95": [
          -0.11574155640272023,
          -0.03973085003005987
        ]
      },
      "reset_posterior_0p5": {
        "early_ret_complete_cohort_clustered_ci95": [
          0.0,
          0.0
        ],
        "early_ret_complete_cohort_delta_quantiles": {
          "q10": 0.0,
          "q50": 0.0,
          "q90": 0.0
        },
        "early_ret_visible_clustered_ci95": [
          0.0,
          0.0
        ],
        "favorable_complete_cohort_fraction": 0.0,
        "max_scheduled_resource_error": 0.0,
        "max_unresolved_orders_delta": 0.0,
        "mean_early_ret_complete_cohort_delta": 0.0,
        "mean_early_ret_visible_delta": 0.0,
        "mean_lost_orders_delta": 0.0,
        "mean_lost_quantity_delta": 0.0,
        "mean_service_loss_auc_delta": 0.0,
        "mean_total_ret_visible_delta": 0.0,
        "mean_unresolved_orders_delta": 0.0,
        "mean_unresolved_quantity_delta": 0.0,
        "mean_worst_product_fill_delta": 0.0,
        "n_pairs": 88,
        "worst_product_fill_clustered_ci95": [
          0.0,
          0.0
        ]
      },
      "retained_posterior": {
        "early_ret_complete_cohort_clustered_ci95": [
          0.0101074573180397,
          0.03506821461366917
        ],
        "early_ret_complete_cohort_delta_quantiles": {
          "q10": -0.16645021645021643,
          "q50": 0.0,
          "q90": 0.21558140933140912
        },
        "early_ret_visible_clustered_ci95": [
          0.018363141822594305,
          0.036307474091565
        ],
        "favorable_complete_cohort_fraction": 0.2840909090909091,
        "max_scheduled_resource_error": 0.0,
        "max_unresolved_orders_delta": 6.0,
        "mean_early_ret_complete_cohort_delta": 0.023860288490970317,
        "mean_early_ret_visible_delta": 0.027655769247969666,
        "mean_lost_orders_delta": 0.0,
        "mean_lost_quantity_delta": 0.0,
        "mean_service_loss_auc_delta": 1859398.7045454546,
        "mean_total_ret_visible_delta": 0.012475781523231649,
        "mean_unresolved_orders_delta": 0.6931818181818182,
        "mean_unresolved_quantity_delta": 1773.0681818181818,
        "mean_worst_product_fill_delta": -0.06219156754008433,
        "n_pairs": 88,
        "worst_product_fill_clustered_ci95": [
          -0.09438289868312259,
          -0.03202658086733021
        ]
      },
      "shuffled_posterior": {
        "early_ret_complete_cohort_clustered_ci95": [
          -0.01579926018846473,
          0.033456384734793815
        ],
        "early_ret_complete_cohort_delta_quantiles": {
          "q10": -0.21923881673881665,
          "q50": 0.0,
          "q90": 0.2208844396344396
        },
        "early_ret_visible_clustered_ci95": [
          -0.011277216527733044,
          0.0355081805020144
        ],
        "favorable_complete_cohort_fraction": 0.23863636363636365,
        "max_scheduled_resource_error": 0.0,
        "max_unresolved_orders_delta": 6.0,
        "mean_early_ret_complete_cohort_delta": 0.007640631149153884,
        "mean_early_ret_visible_delta": 0.010873109042014006,
        "mean_lost_orders_delta": 0.0,
        "mean_lost_quantity_delta": 0.0,
        "mean_service_loss_auc_delta": 2005408.875,
        "mean_total_ret_visible_delta": 0.000562548701310078,
        "mean_unresolved_orders_delta": 0.48863636363636365,
        "mean_unresolved_quantity_delta": 1249.0568181818182,
        "mean_worst_product_fill_delta": -0.03254581729297315,
        "n_pairs": 88,
        "worst_product_fill_clustered_ci95": [
          -0.06418090672436019,
          -0.001340533322499279
        ]
      },
      "wrong_posterior": {
        "early_ret_complete_cohort_clustered_ci95": [
          -0.138676559459585,
          -0.1045834084896585
        ],
        "early_ret_complete_cohort_delta_quantiles": {
          "q10": -0.2570839345839346,
          "q50": -0.15473935786435777,
          "q90": 0.0
        },
        "early_ret_visible_clustered_ci95": [
          -0.10834975643967554,
          -0.08436637603167067
        ],
        "favorable_complete_cohort_fraction": 0.0,
        "max_scheduled_resource_error": 0.0,
        "max_unresolved_orders_delta": 8.0,
        "mean_early_ret_complete_cohort_delta": -0.1206162682014955,
        "mean_early_ret_visible_delta": -0.09556907365253613,
        "mean_lost_orders_delta": 0.0,
        "mean_lost_quantity_delta": 0.0,
        "mean_service_loss_auc_delta": 10486101.034090908,
        "mean_total_ret_visible_delta": -0.08537695979283409,
        "mean_unresolved_orders_delta": 1.3068181818181819,
        "mean_unresolved_quantity_delta": 3385.6704545454545,
        "mean_worst_product_fill_delta": -0.01346441081693179,
        "n_pairs": 88,
        "worst_product_fill_clustered_ci95": [
          -0.04258068780519734,
          0.018497597150690954
        ]
      }
    },
    "0.9": {
      "delayed_posterior": {
        "early_ret_complete_cohort_clustered_ci95": [
          -0.022329392579747715,
          0.02953879296208839
        ],
        "early_ret_complete_cohort_delta_quantiles": {
          "q10": -0.18927669552669557,
          "q50": 0.0,
          "q90": 0.19641053391053384
        },
        "early_ret_visible_clustered_ci95": [
          -0.013475340692110678,
          0.03471484613616154
        ],
        "favorable_complete_cohort_fraction": 0.26136363636363635,
        "max_scheduled_resource_error": 0.0,
        "max_unresolved_orders_delta": 6.0,
        "mean_early_ret_complete_cohort_delta": 0.004401393534916236,
        "mean_early_ret_visible_delta": 0.011316992029371486,
        "mean_lost_orders_delta": 0.0,
        "mean_lost_quantity_delta": 0.0,
        "mean_service_loss_auc_delta": 3056653.897727273,
        "mean_total_ret_visible_delta": 0.0007719647971591897,
        "mean_unresolved_orders_delta": 0.8295454545454546,
        "mean_unresolved_quantity_delta": 2125.0795454545455,
        "mean_worst_product_fill_delta": -0.05639960069429304,
        "n_pairs": 88,
        "worst_product_fill_clustered_ci95": [
          -0.08619375598519488,
          -0.029525067183267285
        ]
      },
      "oracle_initial_context": {
        "early_ret_complete_cohort_clustered_ci95": [
          0.06930455119375573,
          0.10655588624338624
        ],
        "early_ret_complete_cohort_delta_quantiles": {
          "q10": 0.0,
          "q50": 0.0,
          "q90": 0.22088443963443963
        },
        "early_ret_visible_clustered_ci95": [
          0.06914439245924914,
          0.10080442120747517
        ],
        "favorable_complete_cohort_fraction": 0.4772727272727273,
        "max_scheduled_resource_error": 0.0,
        "max_unresolved_orders_delta": 6.0,
        "mean_early_ret_complete_cohort_delta": 0.08867766545323362,
        "mean_early_ret_visible_delta": 0.0859190811101968,
        "mean_lost_orders_delta": 0.0,
        "mean_lost_quantity_delta": 0.0,
        "mean_service_loss_auc_delta": -602943.8068181818,
        "mean_total_ret_visible_delta": 0.05478309995464685,
        "mean_unresolved_orders_delta": 0.7272727272727273,
        "mean_unresolved_quantity_delta": 1836.5568181818182,
        "mean_worst_product_fill_delta": -0.10723003486154724,
        "n_pairs": 88,
        "worst_product_fill_clustered_ci95": [
          -0.14067189643544484,
          -0.07603336125844852
        ]
      },
      "reset_posterior_0p5": {
        "early_ret_complete_cohort_clustered_ci95": [
          0.0,
          0.0
        ],
        "early_ret_complete_cohort_delta_quantiles": {
          "q10": 0.0,
          "q50": 0.0,
          "q90": 0.0
        },
        "early_ret_visible_clustered_ci95": [
          0.0,
          0.0
        ],
        "favorable_complete_cohort_fraction": 0.0,
        "max_scheduled_resource_error": 0.0,
        "max_unresolved_orders_delta": 0.0,
        "mean_early_ret_complete_cohort_delta": 0.0,
        "mean_early_ret_visible_delta": 0.0,
        "mean_lost_orders_delta": 0.0,
        "mean_lost_quantity_delta": 0.0,
        "mean_service_loss_auc_delta": 0.0,
        "mean_total_ret_visible_delta": 0.0,
        "mean_unresolved_orders_delta": 0.0,
        "mean_unresolved_quantity_delta": 0.0,
        "mean_worst_product_fill_delta": 0.0,
        "n_pairs": 88,
        "worst_product_fill_clustered_ci95": [
          0.0,
          0.0
        ]
      },
      "retained_posterior": {
        "early_ret_complete_cohort_clustered_ci95": [
          0.030926588668065927,
          0.08857734371583802
        ],
        "early_ret_complete_cohort_delta_quantiles": {
          "q10": 0.0,
          "q50": 0.0,
          "q90": 0.2208844396344396
        },
        "early_ret_visible_clustered_ci95": [
          0.0358751345360333,
          0.08476557878817687
        ],
        "favorable_complete_cohort_fraction": 0.4090909090909091,
        "max_scheduled_resource_error": 0.0,
        "max_unresolved_orders_delta": 6.0,
        "mean_early_ret_complete_cohort_delta": 0.059556195067558694,
        "mean_early_ret_visible_delta": 0.060298953227672224,
        "mean_lost_orders_delta": 0.0,
        "mean_lost_quantity_delta": 0.0,
        "mean_service_loss_auc_delta": 321001.92045454547,
        "mean_total_ret_visible_delta": 0.03699227993479545,
        "mean_unresolved_orders_delta": 0.7045454545454546,
        "mean_unresolved_quantity_delta": 1779.5568181818182,
        "mean_worst_product_fill_delta": -0.09355874349239271,
        "n_pairs": 88,
        "worst_product_fill_clustered_ci95": [
          -0.12415030191363123,
          -0.06282445350522428
        ]
      },
      "shuffled_posterior": {
        "early_ret_complete_cohort_clustered_ci95": [
          -0.009482213914032117,
          0.021779379803172325
        ],
        "early_ret_complete_cohort_delta_quantiles": {
          "q10": -0.18813191438191437,
          "q50": 0.0,
          "q90": 0.21599386724386727
        },
        "early_ret_visible_clustered_ci95": [
          -0.003187234980784838,
          0.01988379462546558
        ],
        "favorable_complete_cohort_fraction": 0.23863636363636365,
        "max_scheduled_resource_error": 0.0,
        "max_unresolved_orders_delta": 6.0,
        "mean_early_ret_complete_cohort_delta": 0.004160654160654145,
        "mean_early_ret_visible_delta": 0.007586951520319276,
        "mean_lost_orders_delta": 0.0,
        "mean_lost_quantity_delta": 0.0,
        "mean_service_loss_auc_delta": 1237575.5113636365,
        "mean_total_ret_visible_delta": 0.0006239913652839727,
        "mean_unresolved_orders_delta": 0.32954545454545453,
        "mean_unresolved_quantity_delta": 845.1477272727273,
        "mean_worst_product_fill_delta": -0.04259769265795342,
        "n_pairs": 88,
        "worst_product_fill_clustered_ci95": [
          -0.0626790005625738,
          -0.023429124631098485
        ]
      },
      "wrong_posterior": {
        "early_ret_complete_cohort_clustered_ci95": [
          -0.1367208338799248,
          -0.08874538386434695
        ],
        "early_ret_complete_cohort_delta_quantiles": {
          "q10": -0.25800986050986047,
          "q50": -0.11460888648388656,
          "q90": 0.0
        },
        "early_ret_visible_clustered_ci95": [
          -0.11070468081874764,
          -0.07093367671699287
        ],
        "favorable_complete_cohort_fraction": 0.0,
        "max_scheduled_resource_error": 0.0,
        "max_unresolved_orders_delta": 7.0,
        "mean_early_ret_complete_cohort_delta": -0.11256200396825398,
        "mean_early_ret_visible_delta": -0.0900257657829111,
        "mean_lost_orders_delta": 0.0,
        "mean_lost_quantity_delta": 0.0,
        "mean_service_loss_auc_delta": 8881503.420454545,
        "mean_total_ret_visible_delta": -0.07659063935498815,
        "mean_unresolved_orders_delta": 1.0909090909090908,
        "mean_unresolved_quantity_delta": 2822.056818181818,
        "mean_worst_product_fill_delta": -0.0172865123010991,
        "n_pairs": 88,
        "worst_product_fill_clustered_ci95": [
          -0.0432378342352302,
          0.012430937544534278
        ]
      }
    }
  },
  "prefix_natural_replanning": {
    "0.5": {
      "delayed_posterior": {
        "early_ret_complete_cohort_clustered_ci95": [
          0.0,
          0.0
        ],
        "early_ret_complete_cohort_delta_quantiles": {
          "q10": 0.0,
          "q50": 0.0,
          "q90": 0.0
        },
        "early_ret_visible_clustered_ci95": [
          0.0,
          0.0
        ],
        "favorable_complete_cohort_fraction": 0.0,
        "max_scheduled_resource_error": 0.0,
        "max_unresolved_orders_delta": 0.0,
        "mean_early_ret_complete_cohort_delta": 0.0,
        "mean_early_ret_visible_delta": 0.0,
        "mean_lost_orders_delta": 0.0,
        "mean_lost_quantity_delta": 0.0,
        "mean_service_loss_auc_delta": 0.0,
        "mean_total_ret_visible_delta": 0.0,
        "mean_unresolved_orders_delta": 0.0,
        "mean_unresolved_quantity_delta": 0.0,
        "mean_worst_product_fill_delta": 0.0,
        "n_pairs": 88,
        "worst_product_fill_clustered_ci95": [
          0.0,
          0.0
        ]
      },
      "oracle_initial_context": {
        "early_ret_complete_cohort_clustered_ci95": [
          0.07616229256854257,
          0.1072337689667235
        ],
        "early_ret_complete_cohort_delta_quantiles": {
          "q10": 0.0,
          "q50": 0.0,
          "q90": 0.2208844396344396
        },
        "early_ret_visible_clustered_ci95": [
          0.07531833175815614,
          0.10167078785754534
        ],
        "favorable_complete_cohort_fraction": 0.48863636363636365,
        "max_scheduled_resource_error": 0.0,
        "max_unresolved_orders_delta": 19.0,
        "mean_early_ret_complete_cohort_delta": 0.09163701408019591,
        "mean_early_ret_visible_delta": 0.08786559142189308,
        "mean_lost_orders_delta": 0.0,
        "mean_lost_quantity_delta": 0.0,
        "mean_service_loss_auc_delta": -3242199.477272727,
        "mean_total_ret_visible_delta": 0.06247748122788332,
        "mean_unresolved_orders_delta": 0.18181818181818182,
        "mean_unresolved_quantity_delta": 447.34090909090907,
        "mean_worst_product_fill_delta": -0.018563993178450786,
        "n_pairs": 88,
        "worst_product_fill_clustered_ci95": [
          -0.04904689982271456,
          0.008121125095813708
        ]
      },
      "reset_posterior_0p5": {
        "early_ret_complete_cohort_clustered_ci95": [
          0.0,
          0.0
        ],
        "early_ret_complete_cohort_delta_quantiles": {
          "q10": 0.0,
          "q50": 0.0,
          "q90": 0.0
        },
        "early_ret_visible_clustered_ci95": [
          0.0,
          0.0
        ],
        "favorable_complete_cohort_fraction": 0.0,
        "max_scheduled_resource_error": 0.0,
        "max_unresolved_orders_delta": 0.0,
        "mean_early_ret_complete_cohort_delta": 0.0,
        "mean_early_ret_visible_delta": 0.0,
        "mean_lost_orders_delta": 0.0,
        "mean_lost_quantity_delta": 0.0,
        "mean_service_loss_auc_delta": 0.0,
        "mean_total_ret_visible_delta": 0.0,
        "mean_unresolved_orders_delta": 0.0,
        "mean_unresolved_quantity_delta": 0.0,
        "mean_worst_product_fill_delta": 0.0,
        "n_pairs": 88,
        "worst_product_fill_clustered_ci95": [
          0.0,
          0.0
        ]
      },
      "retained_posterior": {
        "early_ret_complete_cohort_clustered_ci95": [
          0.0,
          0.0
        ],
        "early_ret_complete_cohort_delta_quantiles": {
          "q10": 0.0,
          "q50": 0.0,
          "q90": 0.0
        },
        "early_ret_visible_clustered_ci95": [
          0.0,
          0.0
        ],
        "favorable_complete_cohort_fraction": 0.0,
        "max_scheduled_resource_error": 0.0,
        "max_unresolved_orders_delta": 0.0,
        "mean_early_ret_complete_cohort_delta": 0.0,
        "mean_early_ret_visible_delta": 0.0,
        "mean_lost_orders_delta": 0.0,
        "mean_lost_quantity_delta": 0.0,
        "mean_service_loss_auc_delta": 0.0,
        "mean_total_ret_visible_delta": 0.0,
        "mean_unresolved_orders_delta": 0.0,
        "mean_unresolved_quantity_delta": 0.0,
        "mean_worst_product_fill_delta": 0.0,
        "n_pairs": 88,
        "worst_product_fill_clustered_ci95": [
          0.0,
          0.0
        ]
      },
      "shuffled_posterior": {
        "early_ret_complete_cohort_clustered_ci95": [
          0.0,
          0.0
        ],
        "early_ret_complete_cohort_delta_quantiles": {
          "q10": 0.0,
          "q50": 0.0,
          "q90": 0.0
        },
        "early_ret_visible_clustered_ci95": [
          0.0,
          0.0
        ],
        "favorable_complete_cohort_fraction": 0.0,
        "max_scheduled_resource_error": 0.0,
        "max_unresolved_orders_delta": 0.0,
        "mean_early_ret_complete_cohort_delta": 0.0,
        "mean_early_ret_visible_delta": 0.0,
        "mean_lost_orders_delta": 0.0,
        "mean_lost_quantity_delta": 0.0,
        "mean_service_loss_auc_delta": 0.0,
        "mean_total_ret_visible_delta": 0.0,
        "mean_unresolved_orders_delta": 0.0,
        "mean_unresolved_quantity_delta": 0.0,
        "mean_worst_product_fill_delta": 0.0,
        "n_pairs": 88,
        "worst_product_fill_clustered_ci95": [
          0.0,
          0.0
        ]
      },
      "wrong_posterior": {
        "early_ret_complete_cohort_clustered_ci95": [
          -0.11059667973020247,
          -0.08899719086153746
        ],
        "early_ret_complete_cohort_delta_quantiles": {
          "q10": -0.22088443963443963,
          "q50": -0.08445917508417505,
          "q90": 0.0
        },
        "early_ret_visible_clustered_ci95": [
          -0.10239817165779203,
          -0.07577736392108811
        ],
        "favorable_complete_cohort_fraction": 0.0,
        "max_scheduled_resource_error": 0.0,
        "max_unresolved_orders_delta": 8.0,
        "mean_early_ret_complete_cohort_delta": -0.10030581791945427,
        "mean_early_ret_visible_delta": -0.08881863418472406,
        "mean_lost_orders_delta": 0.0,
        "mean_lost_quantity_delta": 0.0,
        "mean_service_loss_auc_delta": 3348673.1704545454,
        "mean_total_ret_visible_delta": -0.06818615954310334,
        "mean_unresolved_orders_delta": -0.29545454545454547,
        "mean_unresolved_quantity_delta": -719.1022727272727,
        "mean_worst_product_fill_delta": 0.0387128964571117,
        "n_pairs": 88,
        "worst_product_fill_clustered_ci95": [
          0.0020334622863285444,
          0.07923521797620758
        ]
      }
    },
    "0.75": {
      "delayed_posterior": {
        "early_ret_complete_cohort_clustered_ci95": [
          -0.015374515924942067,
          0.009509393174165895
        ],
        "early_ret_complete_cohort_delta_quantiles": {
          "q10": -0.17415674603174616,
          "q50": 0.0,
          "q90": 0.19203342953342958
        },
        "early_ret_visible_clustered_ci95": [
          -0.016354106417381206,
          0.011807330114406548
        ],
        "favorable_complete_cohort_fraction": 0.1590909090909091,
        "max_scheduled_resource_error": 0.0,
        "max_unresolved_orders_delta": 12.0,
        "mean_early_ret_complete_cohort_delta": -0.003296288097424462,
        "mean_early_ret_visible_delta": -0.003186130043051534,
        "mean_lost_orders_delta": 0.0,
        "mean_lost_quantity_delta": 0.0,
        "mean_service_loss_auc_delta": 155016.7840909091,
        "mean_total_ret_visible_delta": -0.0012051616212359591,
        "mean_unresolved_orders_delta": 0.06818181818181818,
        "mean_unresolved_quantity_delta": 165.51136363636363,
        "mean_worst_product_fill_delta": -0.00275728703813639,
        "n_pairs": 88,
        "worst_product_fill_clustered_ci95": [
          -0.035779802692281364,
          0.02964794097643353
        ]
      },
      "oracle_initial_context": {
        "early_ret_complete_cohort_clustered_ci95": [
          0.0688902502432332,
          0.10349957485433336
        ],
        "early_ret_complete_cohort_delta_quantiles": {
          "q10": 0.0,
          "q50": 0.0,
          "q90": 0.2208844396344396
        },
        "early_ret_visible_clustered_ci95": [
          0.06343684553437266,
          0.09765323380896727
        ],
        "favorable_complete_cohort_fraction": 0.4431818181818182,
        "max_scheduled_resource_error": 0.0,
        "max_unresolved_orders_delta": 12.0,
        "mean_early_ret_complete_cohort_delta": 0.08633941552975645,
        "mean_early_ret_visible_delta": 0.08128360419424469,
        "mean_lost_orders_delta": 0.0,
        "mean_lost_quantity_delta": 0.0,
        "mean_service_loss_auc_delta": -2044794.0681818181,
        "mean_total_ret_visible_delta": 0.054889517807389154,
        "mean_unresolved_orders_delta": 0.3409090909090909,
        "mean_unresolved_quantity_delta": 853.8409090909091,
        "mean_worst_product_fill_delta": -0.026359512200711324,
        "n_pairs": 88,
        "worst_product_fill_clustered_ci95": [
          -0.060021337493780025,
          0.0033081150908977094
        ]
      },
      "reset_posterior_0p5": {
        "early_ret_complete_cohort_clustered_ci95": [
          0.0,
          0.0
        ],
        "early_ret_complete_cohort_delta_quantiles": {
          "q10": 0.0,
          "q50": 0.0,
          "q90": 0.0
        },
        "early_ret_visible_clustered_ci95": [
          0.0,
          0.0
        ],
        "favorable_complete_cohort_fraction": 0.0,
        "max_scheduled_resource_error": 0.0,
        "max_unresolved_orders_delta": 0.0,
        "mean_early_ret_complete_cohort_delta": 0.0,
        "mean_early_ret_visible_delta": 0.0,
        "mean_lost_orders_delta": 0.0,
        "mean_lost_quantity_delta": 0.0,
        "mean_service_loss_auc_delta": 0.0,
        "mean_total_ret_visible_delta": 0.0,
        "mean_unresolved_orders_delta": 0.0,
        "mean_unresolved_quantity_delta": 0.0,
        "mean_worst_product_fill_delta": 0.0,
        "n_pairs": 88,
        "worst_product_fill_clustered_ci95": [
          0.0,
          0.0
        ]
      },
      "retained_posterior": {
        "early_ret_complete_cohort_clustered_ci95": [
          0.015191723785473794,
          0.037922338407068525
        ],
        "early_ret_complete_cohort_delta_quantiles": {
          "q10": -0.16645021645021643,
          "q50": 0.0,
          "q90": 0.2155814093314093
        },
        "early_ret_visible_clustered_ci95": [
          0.018309629835843694,
          0.036280505486535955
        ],
        "favorable_complete_cohort_fraction": 0.2840909090909091,
        "max_scheduled_resource_error": 0.0,
        "max_unresolved_orders_delta": 12.0,
        "mean_early_ret_complete_cohort_delta": 0.02727013096331279,
        "mean_early_ret_visible_delta": 0.027692522554351076,
        "mean_lost_orders_delta": 0.0,
        "mean_lost_quantity_delta": 0.0,
        "mean_service_loss_auc_delta": -746492.0909090909,
        "mean_total_ret_visible_delta": 0.018099529717777677,
        "mean_unresolved_orders_delta": 0.10227272727272728,
        "mean_unresolved_quantity_delta": 256.45454545454544,
        "mean_worst_product_fill_delta": -0.0071053908082513466,
        "n_pairs": 88,
        "worst_product_fill_clustered_ci95": [
          -0.02954295811605469,
          0.01502118215026621
        ]
      },
      "shuffled_posterior": {
        "early_ret_complete_cohort_clustered_ci95": [
          -0.011759951893119498,
          0.03635646235078052
        ],
        "early_ret_complete_cohort_delta_quantiles": {
          "q10": -0.17573502886002895,
          "q50": 0.0,
          "q90": 0.2208844396344396
        },
        "early_ret_visible_clustered_ci95": [
          -0.010980732278511195,
          0.03534511699106869
        ],
        "favorable_complete_cohort_fraction": 0.23863636363636365,
        "max_scheduled_resource_error": 0.0,
        "max_unresolved_orders_delta": 12.0,
        "mean_early_ret_complete_cohort_delta": 0.011400326315099048,
        "mean_early_ret_visible_delta": 0.010889025412527483,
        "mean_lost_orders_delta": 0.0,
        "mean_lost_quantity_delta": 0.0,
        "mean_service_loss_auc_delta": 209611.45454545456,
        "mean_total_ret_visible_delta": 0.004898130781921245,
        "mean_unresolved_orders_delta": 0.125,
        "mean_unresolved_quantity_delta": 309.09090909090907,
        "mean_worst_product_fill_delta": -0.004094747786540842,
        "n_pairs": 88,
        "worst_product_fill_clustered_ci95": [
          -0.03056664843139001,
          0.01596843499927208
        ]
      },
      "wrong_posterior": {
        "early_ret_complete_cohort_clustered_ci95": [
          -0.12016709215395294,
          -0.09325660811988935
        ],
        "early_ret_complete_cohort_delta_quantiles": {
          "q10": -0.22088443963443963,
          "q50": -0.11268939393939392,
          "q90": 0.0
        },
        "early_ret_visible_clustered_ci95": [
          -0.10764982351307248,
          -0.08460891940359914
        ],
        "favorable_complete_cohort_fraction": 0.0,
        "max_scheduled_resource_error": 0.0,
        "max_unresolved_orders_delta": 8.0,
        "mean_early_ret_complete_cohort_delta": -0.10560341646989374,
        "mean_early_ret_visible_delta": -0.09540062141237246,
        "mean_lost_orders_delta": 0.0,
        "mean_lost_quantity_delta": 0.0,
        "mean_service_loss_auc_delta": 4497510.090909091,
        "mean_total_ret_visible_delta": -0.07526033609347614,
        "mean_unresolved_orders_delta": -0.13636363636363635,
        "mean_unresolved_quantity_delta": -313.54545454545456,
        "mean_worst_product_fill_delta": 0.03081924700273194,
        "n_pairs": 88,
        "worst_product_fill_clustered_ci95": [
          -0.006183458073113254,
          0.07067613750596936
        ]
      }
    },
    "0.9": {
      "delayed_posterior": {
        "early_ret_complete_cohort_clustered_ci95": [
          -0.01972735164141416,
          0.03080162419651053
        ],
        "early_ret_complete_cohort_delta_quantiles": {
          "q10": -0.18927669552669557,
          "q50": 0.0,
          "q90": 0.20011423761423763
        },
        "early_ret_visible_clustered_ci95": [
          -0.013756989662464875,
          0.034517793803466534
        ],
        "favorable_complete_cohort_fraction": 0.26136363636363635,
        "max_scheduled_resource_error": 0.0,
        "max_unresolved_orders_delta": 14.0,
        "mean_early_ret_complete_cohort_delta": 0.006721264320696114,
        "mean_early_ret_visible_delta": 0.01110626011194191,
        "mean_lost_orders_delta": 0.0,
        "mean_lost_quantity_delta": 0.0,
        "mean_service_loss_auc_delta": 1593374.8522727273,
        "mean_total_ret_visible_delta": 0.006871687837503429,
        "mean_unresolved_orders_delta": 0.6022727272727273,
        "mean_unresolved_quantity_delta": 1520.3068181818182,
        "mean_worst_product_fill_delta": -0.029569822099044133,
        "n_pairs": 88,
        "worst_product_fill_clustered_ci95": [
          -0.053619310149330926,
          -0.0056012941608654535
        ]
      },
      "oracle_initial_context": {
        "early_ret_complete_cohort_clustered_ci95": [
          0.07341283506056233,
          0.10783994743156675
        ],
        "early_ret_complete_cohort_delta_quantiles": {
          "q10": 0.0,
          "q50": 0.0,
          "q90": 0.22088443963443963
        },
        "early_ret_visible_clustered_ci95": [
          0.06937660687018253,
          0.10088887865582725
        ],
        "favorable_complete_cohort_fraction": 0.4772727272727273,
        "max_scheduled_resource_error": 0.0,
        "max_unresolved_orders_delta": 14.0,
        "mean_early_ret_complete_cohort_delta": 0.0912239617495299,
        "mean_early_ret_visible_delta": 0.08609167667922833,
        "mean_lost_orders_delta": 0.0,
        "mean_lost_quantity_delta": 0.0,
        "mean_service_loss_auc_delta": -2081719.9886363635,
        "mean_total_ret_visible_delta": 0.06102200634039287,
        "mean_unresolved_orders_delta": 0.5113636363636364,
        "mean_unresolved_quantity_delta": 1273.284090909091,
        "mean_worst_product_fill_delta": -0.0405970648751778,
        "n_pairs": 88,
        "worst_product_fill_clustered_ci95": [
          -0.07784227853231901,
          -0.010075938024385679
        ]
      },
      "reset_posterior_0p5": {
        "early_ret_complete_cohort_clustered_ci95": [
          0.0,
          0.0
        ],
        "early_ret_complete_cohort_delta_quantiles": {
          "q10": 0.0,
          "q50": 0.0,
          "q90": 0.0
        },
        "early_ret_visible_clustered_ci95": [
          0.0,
          0.0
        ],
        "favorable_complete_cohort_fraction": 0.0,
        "max_scheduled_resource_error": 0.0,
        "max_unresolved_orders_delta": 0.0,
        "mean_early_ret_complete_cohort_delta": 0.0,
        "mean_early_ret_visible_delta": 0.0,
        "mean_lost_orders_delta": 0.0,
        "mean_lost_quantity_delta": 0.0,
        "mean_service_loss_auc_delta": 0.0,
        "mean_total_ret_visible_delta": 0.0,
        "mean_unresolved_orders_delta": 0.0,
        "mean_unresolved_quantity_delta": 0.0,
        "mean_worst_product_fill_delta": 0.0,
        "n_pairs": 88,
        "worst_product_fill_clustered_ci95": [
          0.0,
          0.0
        ]
      },
      "retained_posterior": {
        "early_ret_complete_cohort_clustered_ci95": [
          0.035891757127552576,
          0.09065321778389959
        ],
        "early_ret_complete_cohort_delta_quantiles": {
          "q10": 0.0,
          "q50": 0.0,
          "q90": 0.2208844396344396
        },
        "early_ret_visible_clustered_ci95": [
          0.03619351721104691,
          0.08507869569116983
        ],
        "favorable_complete_cohort_fraction": 0.4090909090909091,
        "max_scheduled_resource_error": 0.0,
        "max_unresolved_orders_delta": 13.0,
        "mean_early_ret_complete_cohort_delta": 0.06326591127727489,
        "mean_early_ret_visible_delta": 0.06048955650066187,
        "mean_lost_orders_delta": 0.0,
        "mean_lost_quantity_delta": 0.0,
        "mean_service_loss_auc_delta": -1634678.0113636365,
        "mean_total_ret_visible_delta": 0.04271223066774405,
        "mean_unresolved_orders_delta": 0.3181818181818182,
        "mean_unresolved_quantity_delta": 788.3522727272727,
        "mean_worst_product_fill_delta": -0.0278402800180939,
        "n_pairs": 88,
        "worst_product_fill_clustered_ci95": [
          -0.05077398066843582,
          -0.007036068858124578
        ]
      },
      "shuffled_posterior": {
        "early_ret_complete_cohort_clustered_ci95": [
          -0.0032058272115090304,
          0.025702646732476256
        ],
        "early_ret_complete_cohort_delta_quantiles": {
          "q10": -0.17666095478595484,
          "q50": 0.0,
          "q90": 0.21602332852332848
        },
        "early_ret_visible_clustered_ci95": [
          -0.003684456852070496,
          0.019647203911408433
        ],
        "favorable_complete_cohort_fraction": 0.23863636363636365,
        "max_scheduled_resource_error": 0.0,
        "max_unresolved_orders_delta": 14.0,
        "mean_early_ret_complete_cohort_delta": 0.009764514736105631,
        "mean_early_ret_visible_delta": 0.007208369234453935,
        "mean_lost_orders_delta": 0.0,
        "mean_lost_quantity_delta": 0.0,
        "mean_service_loss_auc_delta": -720673.0113636364,
        "mean_total_ret_visible_delta": 0.0072781088120976055,
        "mean_unresolved_orders_delta": -0.022727272727272728,
        "mean_unresolved_quantity_delta": -78.19318181818181,
        "mean_worst_product_fill_delta": -0.002521287415230298,
        "n_pairs": 88,
        "worst_product_fill_clustered_ci95": [
          -0.024737251297361536,
          0.017360505826226526
        ]
      },
      "wrong_posterior": {
        "early_ret_complete_cohort_clustered_ci95": [
          -0.12279592803030305,
          -0.07918224281505534
        ],
        "early_ret_complete_cohort_delta_quantiles": {
          "q10": -0.2208844396344396,
          "q50": -0.09280002405002408,
          "q90": 0.0
        },
        "early_ret_visible_clustered_ci95": [
          -0.11248584446143847,
          -0.07088918688992944
        ],
        "favorable_complete_cohort_fraction": 0.0,
        "max_scheduled_resource_error": 0.0,
        "max_unresolved_orders_delta": 5.0,
        "mean_early_ret_complete_cohort_delta": -0.10011912277537278,
        "mean_early_ret_visible_delta": -0.09091988981710059,
        "mean_lost_orders_delta": 0.0,
        "mean_lost_quantity_delta": 0.0,
        "mean_service_loss_auc_delta": 4086404.6818181816,
        "mean_total_ret_visible_delta": -0.06848264181335177,
        "mean_unresolved_orders_delta": -0.056818181818181816,
        "mean_unresolved_quantity_delta": -115.68181818181819,
        "mean_worst_product_fill_delta": 0.02186481927665472,
        "n_pairs": 88,
        "worst_product_fill_clustered_ci95": [
          -0.005871408114579907,
          0.05268877251289987
        ]
      }
    }
  },
  "sustained_control": {
    "0.5": {
      "delayed_posterior": {
        "early_ret_complete_cohort_clustered_ci95": [
          0.0,
          0.0
        ],
        "early_ret_complete_cohort_delta_quantiles": {
          "q10": 0.0,
          "q50": 0.0,
          "q90": 0.0
        },
        "early_ret_visible_clustered_ci95": [
          0.0,
          0.0
        ],
        "favorable_complete_cohort_fraction": 0.0,
        "max_scheduled_resource_error": 0.0,
        "max_unresolved_orders_delta": 0.0,
        "mean_early_ret_complete_cohort_delta": 0.0,
        "mean_early_ret_visible_delta": 0.0,
        "mean_lost_orders_delta": 0.0,
        "mean_lost_quantity_delta": 0.0,
        "mean_service_loss_auc_delta": 0.0,
        "mean_total_ret_visible_delta": 0.0,
        "mean_unresolved_orders_delta": 0.0,
        "mean_unresolved_quantity_delta": 0.0,
        "mean_worst_product_fill_delta": 0.0,
        "n_pairs": 88,
        "worst_product_fill_clustered_ci95": [
          0.0,
          0.0
        ]
      },
      "oracle_initial_context": {
        "early_ret_complete_cohort_clustered_ci95": [
          0.07616229256854257,
          0.1072337689667235
        ],
        "early_ret_complete_cohort_delta_quantiles": {
          "q10": 0.0,
          "q50": 0.0,
          "q90": 0.2208844396344396
        },
        "early_ret_visible_clustered_ci95": [
          0.07531833175815614,
          0.10167078785754534
        ],
        "favorable_complete_cohort_fraction": 0.48863636363636365,
        "max_scheduled_resource_error": 0.0,
        "max_unresolved_orders_delta": 19.0,
        "mean_early_ret_complete_cohort_delta": 0.09163701408019591,
        "mean_early_ret_visible_delta": 0.08786559142189308,
        "mean_lost_orders_delta": 0.0,
        "mean_lost_quantity_delta": 0.0,
        "mean_service_loss_auc_delta": -3242199.477272727,
        "mean_total_ret_visible_delta": 0.06247748122788332,
        "mean_unresolved_orders_delta": 0.18181818181818182,
        "mean_unresolved_quantity_delta": 447.34090909090907,
        "mean_worst_product_fill_delta": -0.018563993178450786,
        "n_pairs": 88,
        "worst_product_fill_clustered_ci95": [
          -0.04904689982271456,
          0.008121125095813708
        ]
      },
      "reset_posterior_0p5": {
        "early_ret_complete_cohort_clustered_ci95": [
          0.0,
          0.0
        ],
        "early_ret_complete_cohort_delta_quantiles": {
          "q10": 0.0,
          "q50": 0.0,
          "q90": 0.0
        },
        "early_ret_visible_clustered_ci95": [
          0.0,
          0.0
        ],
        "favorable_complete_cohort_fraction": 0.0,
        "max_scheduled_resource_error": 0.0,
        "max_unresolved_orders_delta": 0.0,
        "mean_early_ret_complete_cohort_delta": 0.0,
        "mean_early_ret_visible_delta": 0.0,
        "mean_lost_orders_delta": 0.0,
        "mean_lost_quantity_delta": 0.0,
        "mean_service_loss_auc_delta": 0.0,
        "mean_total_ret_visible_delta": 0.0,
        "mean_unresolved_orders_delta": 0.0,
        "mean_unresolved_quantity_delta": 0.0,
        "mean_worst_product_fill_delta": 0.0,
        "n_pairs": 88,
        "worst_product_fill_clustered_ci95": [
          0.0,
          0.0
        ]
      },
      "retained_posterior": {
        "early_ret_complete_cohort_clustered_ci95": [
          0.0,
          0.0
        ],
        "early_ret_complete_cohort_delta_quantiles": {
          "q10": 0.0,
          "q50": 0.0,
          "q90": 0.0
        },
        "early_ret_visible_clustered_ci95": [
          0.0,
          0.0
        ],
        "favorable_complete_cohort_fraction": 0.0,
        "max_scheduled_resource_error": 0.0,
        "max_unresolved_orders_delta": 0.0,
        "mean_early_ret_complete_cohort_delta": 0.0,
        "mean_early_ret_visible_delta": 0.0,
        "mean_lost_orders_delta": 0.0,
        "mean_lost_quantity_delta": 0.0,
        "mean_service_loss_auc_delta": 0.0,
        "mean_total_ret_visible_delta": 0.0,
        "mean_unresolved_orders_delta": 0.0,
        "mean_unresolved_quantity_delta": 0.0,
        "mean_worst_product_fill_delta": 0.0,
        "n_pairs": 88,
        "worst_product_fill_clustered_ci95": [
          0.0,
          0.0
        ]
      },
      "shuffled_posterior": {
        "early_ret_complete_cohort_clustered_ci95": [
          0.0,
          0.0
        ],
        "early_ret_complete_cohort_delta_quantiles": {
          "q10": 0.0,
          "q50": 0.0,
          "q90": 0.0
        },
        "early_ret_visible_clustered_ci95": [
          0.0,
          0.0
        ],
        "favorable_complete_cohort_fraction": 0.0,
        "max_scheduled_resource_error": 0.0,
        "max_unresolved_orders_delta": 0.0,
        "mean_early_ret_complete_cohort_delta": 0.0,
        "mean_early_ret_visible_delta": 0.0,
        "mean_lost_orders_delta": 0.0,
        "mean_lost_quantity_delta": 0.0,
        "mean_service_loss_auc_delta": 0.0,
        "mean_total_ret_visible_delta": 0.0,
        "mean_unresolved_orders_delta": 0.0,
        "mean_unresolved_quantity_delta": 0.0,
        "mean_worst_product_fill_delta": 0.0,
        "n_pairs": 88,
        "worst_product_fill_clustered_ci95": [
          0.0,
          0.0
        ]
      },
      "wrong_posterior": {
        "early_ret_complete_cohort_clustered_ci95": [
          -0.11059667973020247,
          -0.08899719086153746
        ],
        "early_ret_complete_cohort_delta_quantiles": {
          "q10": -0.22088443963443963,
          "q50": -0.08445917508417505,
          "q90": 0.0
        },
        "early_ret_visible_clustered_ci95": [
          -0.10239817165779203,
          -0.07577736392108811
        ],
        "favorable_complete_cohort_fraction": 0.0,
        "max_scheduled_resource_error": 0.0,
        "max_unresolved_orders_delta": 8.0,
        "mean_early_ret_complete_cohort_delta": -0.10030581791945427,
        "mean_early_ret_visible_delta": -0.08881863418472406,
        "mean_lost_orders_delta": 0.0,
        "mean_lost_quantity_delta": 0.0,
        "mean_service_loss_auc_delta": 3348673.1704545454,
        "mean_total_ret_visible_delta": -0.06818615954310334,
        "mean_unresolved_orders_delta": -0.29545454545454547,
        "mean_unresolved_quantity_delta": -719.1022727272727,
        "mean_worst_product_fill_delta": 0.0387128964571117,
        "n_pairs": 88,
        "worst_product_fill_clustered_ci95": [
          0.0020334622863285444,
          0.07923521797620758
        ]
      }
    },
    "0.75": {
      "delayed_posterior": {
        "early_ret_complete_cohort_clustered_ci95": [
          -0.015374515924942067,
          0.009509393174165895
        ],
        "early_ret_complete_cohort_delta_quantiles": {
          "q10": -0.17415674603174616,
          "q50": 0.0,
          "q90": 0.19203342953342958
        },
        "early_ret_visible_clustered_ci95": [
          -0.016354106417381206,
          0.011807330114406548
        ],
        "favorable_complete_cohort_fraction": 0.1590909090909091,
        "max_scheduled_resource_error": 0.0,
        "max_unresolved_orders_delta": 12.0,
        "mean_early_ret_complete_cohort_delta": -0.003296288097424462,
        "mean_early_ret_visible_delta": -0.003186130043051534,
        "mean_lost_orders_delta": 0.0,
        "mean_lost_quantity_delta": 0.0,
        "mean_service_loss_auc_delta": 155016.7840909091,
        "mean_total_ret_visible_delta": -0.0012051616212359591,
        "mean_unresolved_orders_delta": 0.06818181818181818,
        "mean_unresolved_quantity_delta": 165.51136363636363,
        "mean_worst_product_fill_delta": -0.00275728703813639,
        "n_pairs": 88,
        "worst_product_fill_clustered_ci95": [
          -0.035779802692281364,
          0.02964794097643353
        ]
      },
      "oracle_initial_context": {
        "early_ret_complete_cohort_clustered_ci95": [
          0.0688902502432332,
          0.10349957485433336
        ],
        "early_ret_complete_cohort_delta_quantiles": {
          "q10": 0.0,
          "q50": 0.0,
          "q90": 0.2208844396344396
        },
        "early_ret_visible_clustered_ci95": [
          0.06343684553437266,
          0.09765323380896727
        ],
        "favorable_complete_cohort_fraction": 0.4431818181818182,
        "max_scheduled_resource_error": 0.0,
        "max_unresolved_orders_delta": 12.0,
        "mean_early_ret_complete_cohort_delta": 0.08633941552975645,
        "mean_early_ret_visible_delta": 0.08128360419424469,
        "mean_lost_orders_delta": 0.0,
        "mean_lost_quantity_delta": 0.0,
        "mean_service_loss_auc_delta": -2044794.0681818181,
        "mean_total_ret_visible_delta": 0.054889517807389154,
        "mean_unresolved_orders_delta": 0.3409090909090909,
        "mean_unresolved_quantity_delta": 853.8409090909091,
        "mean_worst_product_fill_delta": -0.026359512200711324,
        "n_pairs": 88,
        "worst_product_fill_clustered_ci95": [
          -0.060021337493780025,
          0.0033081150908977094
        ]
      },
      "reset_posterior_0p5": {
        "early_ret_complete_cohort_clustered_ci95": [
          0.0,
          0.0
        ],
        "early_ret_complete_cohort_delta_quantiles": {
          "q10": 0.0,
          "q50": 0.0,
          "q90": 0.0
        },
        "early_ret_visible_clustered_ci95": [
          0.0,
          0.0
        ],
        "favorable_complete_cohort_fraction": 0.0,
        "max_scheduled_resource_error": 0.0,
        "max_unresolved_orders_delta": 0.0,
        "mean_early_ret_complete_cohort_delta": 0.0,
        "mean_early_ret_visible_delta": 0.0,
        "mean_lost_orders_delta": 0.0,
        "mean_lost_quantity_delta": 0.0,
        "mean_service_loss_auc_delta": 0.0,
        "mean_total_ret_visible_delta": 0.0,
        "mean_unresolved_orders_delta": 0.0,
        "mean_unresolved_quantity_delta": 0.0,
        "mean_worst_product_fill_delta": 0.0,
        "n_pairs": 88,
        "worst_product_fill_clustered_ci95": [
          0.0,
          0.0
        ]
      },
      "retained_posterior": {
        "early_ret_complete_cohort_clustered_ci95": [
          0.015191723785473794,
          0.037922338407068525
        ],
        "early_ret_complete_cohort_delta_quantiles": {
          "q10": -0.16645021645021643,
          "q50": 0.0,
          "q90": 0.2155814093314093
        },
        "early_ret_visible_clustered_ci95": [
          0.018309629835843694,
          0.036280505486535955
        ],
        "favorable_complete_cohort_fraction": 0.2840909090909091,
        "max_scheduled_resource_error": 0.0,
        "max_unresolved_orders_delta": 12.0,
        "mean_early_ret_complete_cohort_delta": 0.02727013096331279,
        "mean_early_ret_visible_delta": 0.027692522554351076,
        "mean_lost_orders_delta": 0.0,
        "mean_lost_quantity_delta": 0.0,
        "mean_service_loss_auc_delta": -746492.0909090909,
        "mean_total_ret_visible_delta": 0.018099529717777677,
        "mean_unresolved_orders_delta": 0.10227272727272728,
        "mean_unresolved_quantity_delta": 256.45454545454544,
        "mean_worst_product_fill_delta": -0.0071053908082513466,
        "n_pairs": 88,
        "worst_product_fill_clustered_ci95": [
          -0.02954295811605469,
          0.01502118215026621
        ]
      },
      "shuffled_posterior": {
        "early_ret_complete_cohort_clustered_ci95": [
          -0.011759951893119498,
          0.03635646235078052
        ],
        "early_ret_complete_cohort_delta_quantiles": {
          "q10": -0.17573502886002895,
          "q50": 0.0,
          "q90": 0.2208844396344396
        },
        "early_ret_visible_clustered_ci95": [
          -0.010980732278511195,
          0.03534511699106869
        ],
        "favorable_complete_cohort_fraction": 0.23863636363636365,
        "max_scheduled_resource_error": 0.0,
        "max_unresolved_orders_delta": 12.0,
        "mean_early_ret_complete_cohort_delta": 0.011400326315099048,
        "mean_early_ret_visible_delta": 0.010889025412527483,
        "mean_lost_orders_delta": 0.0,
        "mean_lost_quantity_delta": 0.0,
        "mean_service_loss_auc_delta": 209611.45454545456,
        "mean_total_ret_visible_delta": 0.004898130781921245,
        "mean_unresolved_orders_delta": 0.125,
        "mean_unresolved_quantity_delta": 309.09090909090907,
        "mean_worst_product_fill_delta": -0.004094747786540842,
        "n_pairs": 88,
        "worst_product_fill_clustered_ci95": [
          -0.03056664843139001,
          0.01596843499927208
        ]
      },
      "wrong_posterior": {
        "early_ret_complete_cohort_clustered_ci95": [
          -0.12016709215395294,
          -0.09325660811988935
        ],
        "early_ret_complete_cohort_delta_quantiles": {
          "q10": -0.22088443963443963,
          "q50": -0.11268939393939392,
          "q90": 0.0
        },
        "early_ret_visible_clustered_ci95": [
          -0.10764982351307248,
          -0.08460891940359914
        ],
        "favorable_complete_cohort_fraction": 0.0,
        "max_scheduled_resource_error": 0.0,
        "max_unresolved_orders_delta": 8.0,
        "mean_early_ret_complete_cohort_delta": -0.10560341646989374,
        "mean_early_ret_visible_delta": -0.09540062141237246,
        "mean_lost_orders_delta": 0.0,
        "mean_lost_quantity_delta": 0.0,
        "mean_service_loss_auc_delta": 4497510.090909091,
        "mean_total_ret_visible_delta": -0.07526033609347614,
        "mean_unresolved_orders_delta": -0.13636363636363635,
        "mean_unresolved_quantity_delta": -313.54545454545456,
        "mean_worst_product_fill_delta": 0.03081924700273194,
        "n_pairs": 88,
        "worst_product_fill_clustered_ci95": [
          -0.006183458073113254,
          0.07067613750596936
        ]
      }
    },
    "0.9": {
      "delayed_posterior": {
        "early_ret_complete_cohort_clustered_ci95": [
          -0.01972735164141416,
          0.03080162419651053
        ],
        "early_ret_complete_cohort_delta_quantiles": {
          "q10": -0.18927669552669557,
          "q50": 0.0,
          "q90": 0.20011423761423763
        },
        "early_ret_visible_clustered_ci95": [
          -0.013756989662464875,
          0.034517793803466534
        ],
        "favorable_complete_cohort_fraction": 0.26136363636363635,
        "max_scheduled_resource_error": 0.0,
        "max_unresolved_orders_delta": 14.0,
        "mean_early_ret_complete_cohort_delta": 0.006721264320696114,
        "mean_early_ret_visible_delta": 0.01110626011194191,
        "mean_lost_orders_delta": 0.0,
        "mean_lost_quantity_delta": 0.0,
        "mean_service_loss_auc_delta": 1593374.8522727273,
        "mean_total_ret_visible_delta": 0.006871687837503429,
        "mean_unresolved_orders_delta": 0.6022727272727273,
        "mean_unresolved_quantity_delta": 1520.3068181818182,
        "mean_worst_product_fill_delta": -0.029569822099044133,
        "n_pairs": 88,
        "worst_product_fill_clustered_ci95": [
          -0.053619310149330926,
          -0.0056012941608654535
        ]
      },
      "oracle_initial_context": {
        "early_ret_complete_cohort_clustered_ci95": [
          0.07341283506056233,
          0.10783994743156675
        ],
        "early_ret_complete_cohort_delta_quantiles": {
          "q10": 0.0,
          "q50": 0.0,
          "q90": 0.22088443963443963
        },
        "early_ret_visible_clustered_ci95": [
          0.06937660687018253,
          0.10088887865582725
        ],
        "favorable_complete_cohort_fraction": 0.4772727272727273,
        "max_scheduled_resource_error": 0.0,
        "max_unresolved_orders_delta": 14.0,
        "mean_early_ret_complete_cohort_delta": 0.0912239617495299,
        "mean_early_ret_visible_delta": 0.08609167667922833,
        "mean_lost_orders_delta": 0.0,
        "mean_lost_quantity_delta": 0.0,
        "mean_service_loss_auc_delta": -2081719.9886363635,
        "mean_total_ret_visible_delta": 0.06102200634039287,
        "mean_unresolved_orders_delta": 0.5113636363636364,
        "mean_unresolved_quantity_delta": 1273.284090909091,
        "mean_worst_product_fill_delta": -0.0405970648751778,
        "n_pairs": 88,
        "worst_product_fill_clustered_ci95": [
          -0.07784227853231901,
          -0.010075938024385679
        ]
      },
      "reset_posterior_0p5": {
        "early_ret_complete_cohort_clustered_ci95": [
          0.0,
          0.0
        ],
        "early_ret_complete_cohort_delta_quantiles": {
          "q10": 0.0,
          "q50": 0.0,
          "q90": 0.0
        },
        "early_ret_visible_clustered_ci95": [
          0.0,
          0.0
        ],
        "favorable_complete_cohort_fraction": 0.0,
        "max_scheduled_resource_error": 0.0,
        "max_unresolved_orders_delta": 0.0,
        "mean_early_ret_complete_cohort_delta": 0.0,
        "mean_early_ret_visible_delta": 0.0,
        "mean_lost_orders_delta": 0.0,
        "mean_lost_quantity_delta": 0.0,
        "mean_service_loss_auc_delta": 0.0,
        "mean_total_ret_visible_delta": 0.0,
        "mean_unresolved_orders_delta": 0.0,
        "mean_unresolved_quantity_delta": 0.0,
        "mean_worst_product_fill_delta": 0.0,
        "n_pairs": 88,
        "worst_product_fill_clustered_ci95": [
          0.0,
          0.0
        ]
      },
      "retained_posterior": {
        "early_ret_complete_cohort_clustered_ci95": [
          0.035891757127552576,
          0.09065321778389959
        ],
        "early_ret_complete_cohort_delta_quantiles": {
          "q10": 0.0,
          "q50": 0.0,
          "q90": 0.2208844396344396
        },
        "early_ret_visible_clustered_ci95": [
          0.03619351721104691,
          0.08507869569116983
        ],
        "favorable_complete_cohort_fraction": 0.4090909090909091,
        "max_scheduled_resource_error": 0.0,
        "max_unresolved_orders_delta": 13.0,
        "mean_early_ret_complete_cohort_delta": 0.06326591127727489,
        "mean_early_ret_visible_delta": 0.06048955650066187,
        "mean_lost_orders_delta": 0.0,
        "mean_lost_quantity_delta": 0.0,
        "mean_service_loss_auc_delta": -1634678.0113636365,
        "mean_total_ret_visible_delta": 0.04271223066774405,
        "mean_unresolved_orders_delta": 0.3181818181818182,
        "mean_unresolved_quantity_delta": 788.3522727272727,
        "mean_worst_product_fill_delta": -0.0278402800180939,
        "n_pairs": 88,
        "worst_product_fill_clustered_ci95": [
          -0.05077398066843582,
          -0.007036068858124578
        ]
      },
      "shuffled_posterior": {
        "early_ret_complete_cohort_clustered_ci95": [
          -0.0032058272115090304,
          0.025702646732476256
        ],
        "early_ret_complete_cohort_delta_quantiles": {
          "q10": -0.17666095478595484,
          "q50": 0.0,
          "q90": 0.21602332852332848
        },
        "early_ret_visible_clustered_ci95": [
          -0.003684456852070496,
          0.019647203911408433
        ],
        "favorable_complete_cohort_fraction": 0.23863636363636365,
        "max_scheduled_resource_error": 0.0,
        "max_unresolved_orders_delta": 14.0,
        "mean_early_ret_complete_cohort_delta": 0.009764514736105631,
        "mean_early_ret_visible_delta": 0.007208369234453935,
        "mean_lost_orders_delta": 0.0,
        "mean_lost_quantity_delta": 0.0,
        "mean_service_loss_auc_delta": -720673.0113636364,
        "mean_total_ret_visible_delta": 0.0072781088120976055,
        "mean_unresolved_orders_delta": -0.022727272727272728,
        "mean_unresolved_quantity_delta": -78.19318181818181,
        "mean_worst_product_fill_delta": -0.002521287415230298,
        "n_pairs": 88,
        "worst_product_fill_clustered_ci95": [
          -0.024737251297361536,
          0.017360505826226526
        ]
      },
      "wrong_posterior": {
        "early_ret_complete_cohort_clustered_ci95": [
          -0.12279592803030305,
          -0.07918224281505534
        ],
        "early_ret_complete_cohort_delta_quantiles": {
          "q10": -0.2208844396344396,
          "q50": -0.09280002405002408,
          "q90": 0.0
        },
        "early_ret_visible_clustered_ci95": [
          -0.11248584446143847,
          -0.07088918688992944
        ],
        "favorable_complete_cohort_fraction": 0.0,
        "max_scheduled_resource_error": 0.0,
        "max_unresolved_orders_delta": 5.0,
        "mean_early_ret_complete_cohort_delta": -0.10011912277537278,
        "mean_early_ret_visible_delta": -0.09091988981710059,
        "mean_lost_orders_delta": 0.0,
        "mean_lost_quantity_delta": 0.0,
        "mean_service_loss_auc_delta": 4086404.6818181816,
        "mean_total_ret_visible_delta": -0.06848264181335177,
        "mean_unresolved_orders_delta": -0.056818181818181816,
        "mean_unresolved_quantity_delta": -115.68181818181819,
        "mean_worst_product_fill_delta": 0.02186481927665472,
        "n_pairs": 88,
        "worst_product_fill_clustered_ci95": [
          -0.005871408114579907,
          0.05268877251289987
        ]
      }
    }
  }
}
