{
  "historical_splice": {
    "0.5": {
      "delayed_posterior": {
        "early_ret_complete_cohort_clustered_ci95": [
          0.0,
          0.0
        ],
        "early_ret_complete_cohort_delta_quantiles": {
          "q10": 0.0,
          "q50": 0.0,
          "q90": 0.0
        },
        "early_ret_visible_clustered_ci95": [
          0.0,
          0.0
        ],
        "favorable_complete_cohort_fraction": 0.0,
        "max_scheduled_resource_error": 0.0,
        "max_unresolved_orders_delta": 0.0,
        "mean_early_ret_complete_cohort_delta": 0.0,
        "mean_early_ret_visible_delta": 0.0,
        "mean_lost_orders_delta": 0.0,
        "mean_lost_quantity_delta": 0.0,
        "mean_service_loss_auc_delta": 0.0,
        "mean_total_ret_visible_delta": 0.0,
        "mean_unresolved_orders_delta": 0.0,
        "mean_unresolved_quantity_delta": 0.0,
        "mean_worst_product_fill_delta": 0.0,
        "n_pairs": 88,
        "worst_product_fill_clustered_ci95": [
          0.0,
          0.0
        ]
      },
      "oracle_initial_context": {
        "early_ret_complete_cohort_clustered_ci95": [
          0.07458331198210459,
          0.11331375425658094
        ],
        "early_ret_complete_cohort_delta_quantiles": {
          "q10": 0.0,
          "q50": 0.034677128427128445,
          "q90": 0.2208844396344396
        },
        "early_ret_visible_clustered_ci95": [
          0.07053901009243857,
          0.10526344427090167
        ],
        "favorable_complete_cohort_fraction": 0.5,
        "max_scheduled_resource_error": 0.0,
        "max_unresolved_orders_delta": 6.0,
        "mean_early_ret_complete_cohort_delta": 0.0937348662490708,
        "mean_early_ret_visible_delta": 0.08737638150990425,
        "mean_lost_orders_delta": 0.0,
        "mean_lost_quantity_delta": 0.0,
        "mean_service_loss_auc_delta": -2654142.9431818184,
        "mean_total_ret_visible_delta": 0.05614345832428684,
        "mean_unresolved_orders_delta": 0.07954545454545454,
        "mean_unresolved_quantity_delta": 170.60227272727272,
        "mean_worst_product_fill_delta": -0.06387658349568262,
        "n_pairs": 88,
        "worst_product_fill_clustered_ci95": [
          -0.11543265620321477,
          -0.021348299010387466
        ]
      },
      "reset_posterior_0p5": {
        "early_ret_complete_cohort_clustered_ci95": [
          0.0,
          0.0
        ],
        "early_ret_complete_cohort_delta_quantiles": {
          "q10": 0.0,
          "q50": 0.0,
          "q90": 0.0
        },
        "early_ret_visible_clustered_ci95": [
          0.0,
          0.0
        ],
        "favorable_complete_cohort_fraction": 0.0,
        "max_scheduled_resource_error": 0.0,
        "max_unresolved_orders_delta": 0.0,
        "mean_early_ret_complete_cohort_delta": 0.0,
        "mean_early_ret_visible_delta": 0.0,
        "mean_lost_orders_delta": 0.0,
        "mean_lost_quantity_delta": 0.0,
        "mean_service_loss_auc_delta": 0.0,
        "mean_total_ret_visible_delta": 0.0,
        "mean_unresolved_orders_delta": 0.0,
        "mean_unresolved_quantity_delta": 0.0,
        "mean_worst_product_fill_delta": 0.0,
        "n_pairs": 88,
        "worst_product_fill_clustered_ci95": [
          0.0,
          0.0
        ]
      },
      "retained_posterior": {
        "early_ret_complete_cohort_clustered_ci95": [
          0.0,
          0.0
        ],
        "early_ret_complete_cohort_delta_quantiles": {
          "q10": 0.0,
          "q50": 0.0,
          "q90": 0.0
        },
        "early_ret_visible_clustered_ci95": [
          0.0,
          0.0
        ],
        "favorable_complete_cohort_fraction": 0.0,
        "max_scheduled_resource_error": 0.0,
        "max_unresolved_orders_delta": 0.0,
        "mean_early_ret_complete_cohort_delta": 0.0,
        "mean_early_ret_visible_delta": 0.0,
        "mean_lost_orders_delta": 0.0,
        "mean_lost_quantity_delta": 0.0,
        "mean_service_loss_auc_delta": 0.0,
        "mean_total_ret_visible_delta": 0.0,
        "mean_unresolved_orders_delta": 0.0,
        "mean_unresolved_quantity_delta": 0.0,
        "mean_worst_product_fill_delta": 0.0,
        "n_pairs": 88,
        "worst_product_fill_clustered_ci95": [
          0.0,
          0.0
        ]
      },
      "shuffled_posterior": {
        "early_ret_complete_cohort_clustered_ci95": [
          0.0,
          0.0
        ],
        "early_ret_complete_cohort_delta_quantiles": {
          "q10": 0.0,
          "q50": 0.0,
          "q90": 0.0
        },
        "early_ret_visible_clustered_ci95": [
          0.0,
          0.0
        ],
        "favorable_complete_cohort_fraction": 0.0,
        "max_scheduled_resource_error": 0.0,
        "max_unresolved_orders_delta": 0.0,
        "mean_early_ret_complete_cohort_delta": 0.0,
        "mean_early_ret_visible_delta": 0.0,
        "mean_lost_orders_delta": 0.0,
        "mean_lost_quantity_delta": 0.0,
        "mean_service_loss_auc_delta": 0.0,
        "mean_total_ret_visible_delta": 0.0,
        "mean_unresolved_orders_delta": 0.0,
        "mean_unresolved_quantity_delta": 0.0,
        "mean_worst_product_fill_delta": 0.0,
        "n_pairs": 88,
        "worst_product_fill_clustered_ci95": [
          0.0,
          0.0
        ]
      },
      "wrong_posterior": {
        "early_ret_complete_cohort_clustered_ci95": [
          -0.12664851470604313,
          -0.0834528353065285
        ],
        "early_ret_complete_cohort_delta_quantiles": {
          "q10": -0.25167989417989417,
          "q50": -0.0265226671476671,
          "q90": 0.0
        },
        "early_ret_visible_clustered_ci95": [
          -0.10397286956042123,
          -0.06851019624952133
        ],
        "favorable_complete_cohort_fraction": 0.0,
        "max_scheduled_resource_error": 0.0,
        "max_unresolved_orders_delta": 8.0,
        "mean_early_ret_complete_cohort_delta": -0.10516091652455292,
        "mean_early_ret_visible_delta": -0.08683748829797386,
        "mean_lost_orders_delta": 0.0,
        "mean_lost_quantity_delta": 0.0,
        "mean_service_loss_auc_delta": 9706812.204545455,
        "mean_total_ret_visible_delta": -0.07821574862279819,
        "mean_unresolved_orders_delta": 1.2272727272727273,
        "mean_unresolved_quantity_delta": 3185.1136363636365,
        "mean_worst_product_fill_delta": -0.02492505307294026,
        "n_pairs": 88,
        "worst_product_fill_clustered_ci95": [
          -0.048780154029368944,
          0.000903298562366163
        ]
      }
    },
    "0.75": {
      "delayed_posterior": {
        "early_ret_complete_cohort_clustered_ci95": [
          -0.01515363319340594,
          0.01871973249814157
        ],
        "early_ret_complete_cohort_delta_quantiles": {
          "q10": -0.21784992784992782,
          "q50": 0.0,
          "q90": 0.18634108946608946
        },
        "early_ret_visible_clustered_ci95": [
          -0.008519307349369346,
          0.024232403606112264
        ],
        "favorable_complete_cohort_fraction": 0.22727272727272727,
        "max_scheduled_resource_error": 0.0,
        "max_unresolved_orders_delta": 6.0,
        "mean_early_ret_complete_cohort_delta": 0.0004924105776378359,
        "mean_early_ret_visible_delta": 0.007261108477534085,
        "mean_lost_orders_delta": 0.0,
        "mean_lost_quantity_delta": 0.0,
        "mean_service_loss_auc_delta": 3667076.3636363638,
        "mean_total_ret_visible_delta": -0.004905812154158484,
        "mean_unresolved_orders_delta": 0.8295454545454546,
        "mean_unresolved_quantity_delta": 2132.3636363636365,
        "mean_worst_product_fill_delta": -0.046019450106094366,
        "n_pairs": 88,
        "worst_product_fill_clustered_ci95": [
          -0.08065932691186996,
          -0.012586225513991552
        ]
      },
      "oracle_initial_context": {
        "early_ret_complete_cohort_clustered_ci95": [
          0.0431050220822948,
          0.0982834346577244
        ],
        "early_ret_complete_cohort_delta_quantiles": {
          "q10": 0.0,
          "q50": 0.0,
          "q90": 0.2126415945165945
        },
        "early_ret_visible_clustered_ci95": [
          0.042903262054701866,
          0.09554652056960296
        ],
        "favorable_complete_cohort_fraction": 0.4090909090909091,
        "max_scheduled_resource_error": 0.0,
        "max_unresolved_orders_delta": 6.0,
        "mean_early_ret_complete_cohort_delta": 0.0721907932135205,
        "mean_early_ret_visible_delta": 0.07030780738812763,
        "mean_lost_orders_delta": 0.0,
        "mean_lost_quantity_delta": 0.0,
        "mean_service_loss_auc_delta": -416716.0568181818,
        "mean_total_ret_visible_delta": 0.04199434224316933,
        "mean_unresolved_orders_delta": 0.45454545454545453,
        "mean_unresolved_quantity_delta": 1143.034090909091,
        "mean_worst_product_fill_delta": -0.06124725501658517,
        "n_pairs": 88,
        "worst_product_fill_clustered_ci95": [
          -0.10625336283581235,
          -0.02191899033949919
        ]
      },
      "reset_posterior_0p5": {
        "early_ret_complete_cohort_clustered_ci95": [
          0.0,
          0.0
        ],
        "early_ret_complete_cohort_delta_quantiles": {
          "q10": 0.0,
          "q50": 0.0,
          "q90": 0.0
        },
        "early_ret_visible_clustered_ci95": [
          0.0,
          0.0
        ],
        "favorable_complete_cohort_fraction": 0.0,
        "max_scheduled_resource_error": 0.0,
        "max_unresolved_orders_delta": 0.0,
        "mean_early_ret_complete_cohort_delta": 0.0,
        "mean_early_ret_visible_delta": 0.0,
        "mean_lost_orders_delta": 0.0,
        "mean_lost_quantity_delta": 0.0,
        "mean_service_loss_auc_delta": 0.0,
        "mean_total_ret_visible_delta": 0.0,
        "mean_unresolved_orders_delta": 0.0,
        "mean_unresolved_quantity_delta": 0.0,
        "mean_worst_product_fill_delta": 0.0,
        "n_pairs": 88,
        "worst_product_fill_clustered_ci95": [
          0.0,
          0.0
        ]
      },
      "retained_posterior": {
        "early_ret_complete_cohort_clustered_ci95": [
          0.006310227546022993,
          0.047224575127629106
        ],
        "early_ret_complete_cohort_delta_quantiles": {
          "q10": -0.17251533189033194,
          "q50": 0.0,
          "q90": 0.1920752164502164
        },
        "early_ret_visible_clustered_ci95": [
          0.00720953190590974,
          0.04728344978215844
        ],
        "favorable_complete_cohort_fraction": 0.29545454545454547,
        "max_scheduled_resource_error": 0.0,
        "max_unresolved_orders_delta": 6.0,
        "mean_early_ret_complete_cohort_delta": 0.026761390965936414,
        "mean_early_ret_visible_delta": 0.02691550801700595,
        "mean_lost_orders_delta": 0.0,
        "mean_lost_quantity_delta": 0.0,
        "mean_service_loss_auc_delta": 425690.42045454547,
        "mean_total_ret_visible_delta": 0.018269688324171786,
        "mean_unresolved_orders_delta": 0.375,
        "mean_unresolved_quantity_delta": 947.9659090909091,
        "mean_worst_product_fill_delta": -0.04507168216454604,
        "n_pairs": 88,
        "worst_product_fill_clustered_ci95": [
          -0.0891653769712348,
          -0.009615545371699126
        ]
      },
      "shuffled_posterior": {
        "early_ret_complete_cohort_clustered_ci95": [
          -0.05197650288736938,
          0.013522775099479637
        ],
        "early_ret_complete_cohort_delta_quantiles": {
          "q10": -0.2208844396344396,
          "q50": 0.0,
          "q90": 0.1660777417027417
        },
        "early_ret_visible_clustered_ci95": [
          -0.03370974862217547,
          0.01417430900901975
        ],
        "favorable_complete_cohort_fraction": 0.19318181818181818,
        "max_scheduled_resource_error": 0.0,
        "max_unresolved_orders_delta": 6.0,
        "mean_early_ret_complete_cohort_delta": -0.014950813601381795,
        "mean_early_ret_visible_delta": -0.007846619936409893,
        "mean_lost_orders_delta": 0.0,
        "mean_lost_quantity_delta": 0.0,
        "mean_service_loss_auc_delta": 3564452.9545454546,
        "mean_total_ret_visible_delta": -0.0167524491209501,
        "mean_unresolved_orders_delta": 0.5340909090909091,
        "mean_unresolved_quantity_delta": 1388.409090909091,
        "mean_worst_product_fill_delta": -0.019491929240400118,
        "n_pairs": 88,
        "worst_product_fill_clustered_ci95": [
          -0.06288204233923819,
          0.019600831984443866
        ]
      },
      "wrong_posterior": {
        "early_ret_complete_cohort_clustered_ci95": [
          -0.17323810429101621,
          -0.1007252243757926
        ],
        "early_ret_complete_cohort_delta_quantiles": {
          "q10": -0.28710497835497834,
          "q50": -0.17208694083694093,
          "q90": 0.0
        },
        "early_ret_visible_clustered_ci95": [
          -0.13361683454995485,
          -0.07618031016394267
        ],
        "favorable_complete_cohort_fraction": 0.0,
        "max_scheduled_resource_error": 0.0,
        "max_unresolved_orders_delta": 7.0,
        "mean_early_ret_complete_cohort_delta": -0.13424439880405792,
        "mean_early_ret_visible_delta": -0.10317736387553884,
        "mean_lost_orders_delta": 0.0,
        "mean_lost_quantity_delta": 0.0,
        "mean_service_loss_auc_delta": 12863751.477272727,
        "mean_total_ret_visible_delta": -0.09347125761196114,
        "mean_unresolved_orders_delta": 1.8409090909090908,
        "mean_unresolved_quantity_delta": 4768.840909090909,
        "mean_worst_product_fill_delta": -0.03820613762225551,
        "n_pairs": 88,
        "worst_product_fill_clustered_ci95": [
          -0.0745498445178156,
          0.00030068387804257473
        ]
      }
    },
    "0.9": {
      "delayed_posterior": {
        "early_ret_complete_cohort_clustered_ci95": [
          -0.01638565033451398,
          0.0526770341401023
        ],
        "early_ret_complete_cohort_delta_quantiles": {
          "q10": -0.19357142857142862,
          "q50": 0.0,
          "q90": 0.20231331168831163
        },
        "early_ret_visible_clustered_ci95": [
          -0.006883928333330026,
          0.05055044678882488
        ],
        "favorable_complete_cohort_fraction": 0.2840909090909091,
        "max_scheduled_resource_error": 0.0,
        "max_unresolved_orders_delta": 6.0,
        "mean_early_ret_complete_cohort_delta": 0.017310619725392447,
        "mean_early_ret_visible_delta": 0.020688085763843334,
        "mean_lost_orders_delta": 0.0,
        "mean_lost_quantity_delta": 0.0,
        "mean_service_loss_auc_delta": 1836624.7045454546,
        "mean_total_ret_visible_delta": 0.008077473472818909,
        "mean_unresolved_orders_delta": 0.6022727272727273,
        "mean_unresolved_quantity_delta": 1540.5227272727273,
        "mean_worst_product_fill_delta": -0.05164692686545269,
        "n_pairs": 88,
        "worst_product_fill_clustered_ci95": [
          -0.07193003510734343,
          -0.029321292404923052
        ]
      },
      "oracle_initial_context": {
        "early_ret_complete_cohort_clustered_ci95": [
          0.061637081550078715,
          0.12049120893048448
        ],
        "early_ret_complete_cohort_delta_quantiles": {
          "q10": 0.0,
          "q50": 0.032275132275132346,
          "q90": 0.2208844396344396
        },
        "early_ret_visible_clustered_ci95": [
          0.05780523281814604,
          0.11096059100449596
        ],
        "favorable_complete_cohort_fraction": 0.5,
        "max_scheduled_resource_error": 0.0,
        "max_unresolved_orders_delta": 6.0,
        "mean_early_ret_complete_cohort_delta": 0.09450036758275394,
        "mean_early_ret_visible_delta": 0.08733372874256139,
        "mean_lost_orders_delta": 0.0,
        "mean_lost_quantity_delta": 0.0,
        "mean_service_loss_auc_delta": -2198531.1704545454,
        "mean_total_ret_visible_delta": 0.05717544537498307,
        "mean_unresolved_orders_delta": 0.2727272727272727,
        "mean_unresolved_quantity_delta": 665.1931818181819,
        "mean_worst_product_fill_delta": -0.07003517692161125,
        "n_pairs": 88,
        "worst_product_fill_clustered_ci95": [
          -0.10532980082077308,
          -0.037543876407728
        ]
      },
      "reset_posterior_0p5": {
        "early_ret_complete_cohort_clustered_ci95": [
          0.0,
          0.0
        ],
        "early_ret_complete_cohort_delta_quantiles": {
          "q10": 0.0,
          "q50": 0.0,
          "q90": 0.0
        },
        "early_ret_visible_clustered_ci95": [
          0.0,
          0.0
        ],
        "favorable_complete_cohort_fraction": 0.0,
        "max_scheduled_resource_error": 0.0,
        "max_unresolved_orders_delta": 0.0,
        "mean_early_ret_complete_cohort_delta": 0.0,
        "mean_early_ret_visible_delta": 0.0,
        "mean_lost_orders_delta": 0.0,
        "mean_lost_quantity_delta": 0.0,
        "mean_service_loss_auc_delta": 0.0,
        "mean_total_ret_visible_delta": 0.0,
        "mean_unresolved_orders_delta": 0.0,
        "mean_unresolved_quantity_delta": 0.0,
        "mean_worst_product_fill_delta": 0.0,
        "n_pairs": 88,
        "worst_product_fill_clustered_ci95": [
          0.0,
          0.0
        ]
      },
      "retained_posterior": {
        "early_ret_complete_cohort_clustered_ci95": [
          0.04592297433206524,
          0.09439515897612488
        ],
        "early_ret_complete_cohort_delta_quantiles": {
          "q10": 0.0,
          "q50": 0.0,
          "q90": 0.22088443963443943
        },
        "early_ret_visible_clustered_ci95": [
          0.04311830209625277,
          0.08585403776735777
        ],
        "favorable_complete_cohort_fraction": 0.4318181818181818,
        "max_scheduled_resource_error": 0.0,
        "max_unresolved_orders_delta": 6.0,
        "mean_early_ret_complete_cohort_delta": 0.07119329796886616,
        "mean_early_ret_visible_delta": 0.06568182811984466,
        "mean_lost_orders_delta": 0.0,
        "mean_lost_quantity_delta": 0.0,
        "mean_service_loss_auc_delta": -2258232.465909091,
        "mean_total_ret_visible_delta": 0.04701158380981662,
        "mean_unresolved_orders_delta": 0.13636363636363635,
        "mean_unresolved_quantity_delta": 321.625,
        "mean_worst_product_fill_delta": -0.05998172361634993,
        "n_pairs": 88,
        "worst_product_fill_clustered_ci95": [
          -0.0982126780388366,
          -0.025480642034057623
        ]
      },
      "shuffled_posterior": {
        "early_ret_complete_cohort_clustered_ci95": [
          -0.015947656352485916,
          0.03024341767239494
        ],
        "early_ret_complete_cohort_delta_quantiles": {
          "q10": -0.20910894660894674,
          "q50": 0.0,
          "q90": 0.20621542809042812
        },
        "early_ret_visible_clustered_ci95": [
          -0.009699188718526274,
          0.028199648243553203
        ],
        "favorable_complete_cohort_fraction": 0.25,
        "max_scheduled_resource_error": 0.0,
        "max_unresolved_orders_delta": 6.0,
        "mean_early_ret_complete_cohort_delta": 0.007224709213345574,
        "mean_early_ret_visible_delta": 0.008983565361406268,
        "mean_lost_orders_delta": 0.0,
        "mean_lost_quantity_delta": 0.0,
        "mean_service_loss_auc_delta": 232330.4659090909,
        "mean_total_ret_visible_delta": 0.004253997157995743,
        "mean_unresolved_orders_delta": 0.06818181818181818,
        "mean_unresolved_quantity_delta": 171.10227272727272,
        "mean_worst_product_fill_delta": -0.02160360168344992,
        "n_pairs": 88,
        "worst_product_fill_clustered_ci95": [
          -0.04799907604301918,
          0.004457505181534414
        ]
      },
      "wrong_posterior": {
        "early_ret_complete_cohort_clustered_ci95": [
          -0.1508559622195986,
          -0.07931324456004855
        ],
        "early_ret_complete_cohort_delta_quantiles": {
          "q10": -0.26976160413660416,
          "q50": -0.0265226671476671,
          "q90": 0.0
        },
        "early_ret_visible_clustered_ci95": [
          -0.118765750358887,
          -0.06258511174316961
        ],
        "favorable_complete_cohort_fraction": 0.0,
        "max_scheduled_resource_error": 0.0,
        "max_unresolved_orders_delta": 7.0,
        "mean_early_ret_complete_cohort_delta": -0.1092384204600114,
        "mean_early_ret_visible_delta": -0.08670350175472423,
        "mean_lost_orders_delta": 0.0,
        "mean_lost_quantity_delta": 0.0,
        "mean_service_loss_auc_delta": 9515621.443181818,
        "mean_total_ret_visible_delta": -0.07672943909246938,
        "mean_unresolved_orders_delta": 1.25,
        "mean_unresolved_quantity_delta": 3245.1704545454545,
        "mean_worst_product_fill_delta": -0.022108454144149317,
        "n_pairs": 88,
        "worst_product_fill_clustered_ci95": [
          -0.04231288165732945,
          -0.0034786550563014316
        ]
      }
    }
  },
  "prefix_natural_replanning": {
    "0.5": {
      "delayed_posterior": {
        "early_ret_complete_cohort_clustered_ci95": [
          0.0,
          0.0
        ],
        "early_ret_complete_cohort_delta_quantiles": {
          "q10": 0.0,
          "q50": 0.0,
          "q90": 0.0
        },
        "early_ret_visible_clustered_ci95": [
          0.0,
          0.0
        ],
        "favorable_complete_cohort_fraction": 0.0,
        "max_scheduled_resource_error": 0.0,
        "max_unresolved_orders_delta": 0.0,
        "mean_early_ret_complete_cohort_delta": 0.0,
        "mean_early_ret_visible_delta": 0.0,
        "mean_lost_orders_delta": 0.0,
        "mean_lost_quantity_delta": 0.0,
        "mean_service_loss_auc_delta": 0.0,
        "mean_total_ret_visible_delta": 0.0,
        "mean_unresolved_orders_delta": 0.0,
        "mean_unresolved_quantity_delta": 0.0,
        "mean_worst_product_fill_delta": 0.0,
        "n_pairs": 88,
        "worst_product_fill_clustered_ci95": [
          0.0,
          0.0
        ]
      },
      "oracle_initial_context": {
        "early_ret_complete_cohort_clustered_ci95": [
          0.07690876568717478,
          0.11499282769524248
        ],
        "early_ret_complete_cohort_delta_quantiles": {
          "q10": 0.0,
          "q50": 0.034677128427128445,
          "q90": 0.2208844396344396
        },
        "early_ret_visible_clustered_ci95": [
          0.07058424775599363,
          0.1053137633716146
        ],
        "favorable_complete_cohort_fraction": 0.5,
        "max_scheduled_resource_error": 0.0,
        "max_unresolved_orders_delta": 12.0,
        "mean_early_ret_complete_cohort_delta": 0.0960602029494075,
        "mean_early_ret_visible_delta": 0.08744325200549374,
        "mean_lost_orders_delta": 0.0,
        "mean_lost_quantity_delta": 0.0,
        "mean_service_loss_auc_delta": -4354637.079545454,
        "mean_total_ret_visible_delta": 0.0644211543048535,
        "mean_unresolved_orders_delta": -0.09090909090909091,
        "mean_unresolved_quantity_delta": -275.625,
        "mean_worst_product_fill_delta": -0.022412248463053716,
        "n_pairs": 88,
        "worst_product_fill_clustered_ci95": [
          -0.06079466359059359,
          0.01147883550866791
        ]
      },
      "reset_posterior_0p5": {
        "early_ret_complete_cohort_clustered_ci95": [
          0.0,
          0.0
        ],
        "early_ret_complete_cohort_delta_quantiles": {
          "q10": 0.0,
          "q50": 0.0,
          "q90": 0.0
        },
        "early_ret_visible_clustered_ci95": [
          0.0,
          0.0
        ],
        "favorable_complete_cohort_fraction": 0.0,
        "max_scheduled_resource_error": 0.0,
        "max_unresolved_orders_delta": 0.0,
        "mean_early_ret_complete_cohort_delta": 0.0,
        "mean_early_ret_visible_delta": 0.0,
        "mean_lost_orders_delta": 0.0,
        "mean_lost_quantity_delta": 0.0,
        "mean_service_loss_auc_delta": 0.0,
        "mean_total_ret_visible_delta": 0.0,
        "mean_unresolved_orders_delta": 0.0,
        "mean_unresolved_quantity_delta": 0.0,
        "mean_worst_product_fill_delta": 0.0,
        "n_pairs": 88,
        "worst_product_fill_clustered_ci95": [
          0.0,
          0.0
        ]
      },
      "retained_posterior": {
        "early_ret_complete_cohort_clustered_ci95": [
          0.0,
          0.0
        ],
        "early_ret_complete_cohort_delta_quantiles": {
          "q10": 0.0,
          "q50": 0.0,
          "q90": 0.0
        },
        "early_ret_visible_clustered_ci95": [
          0.0,
          0.0
        ],
        "favorable_complete_cohort_fraction": 0.0,
        "max_scheduled_resource_error": 0.0,
        "max_unresolved_orders_delta": 0.0,
        "mean_early_ret_complete_cohort_delta": 0.0,
        "mean_early_ret_visible_delta": 0.0,
        "mean_lost_orders_delta": 0.0,
        "mean_lost_quantity_delta": 0.0,
        "mean_service_loss_auc_delta": 0.0,
        "mean_total_ret_visible_delta": 0.0,
        "mean_unresolved_orders_delta": 0.0,
        "mean_unresolved_quantity_delta": 0.0,
        "mean_worst_product_fill_delta": 0.0,
        "n_pairs": 88,
        "worst_product_fill_clustered_ci95": [
          0.0,
          0.0
        ]
      },
      "shuffled_posterior": {
        "early_ret_complete_cohort_clustered_ci95": [
          0.0,
          0.0
        ],
        "early_ret_complete_cohort_delta_quantiles": {
          "q10": 0.0,
          "q50": 0.0,
          "q90": 0.0
        },
        "early_ret_visible_clustered_ci95": [
          0.0,
          0.0
        ],
        "favorable_complete_cohort_fraction": 0.0,
        "max_scheduled_resource_error": 0.0,
        "max_unresolved_orders_delta": 0.0,
        "mean_early_ret_complete_cohort_delta": 0.0,
        "mean_early_ret_visible_delta": 0.0,
        "mean_lost_orders_delta": 0.0,
        "mean_lost_quantity_delta": 0.0,
        "mean_service_loss_auc_delta": 0.0,
        "mean_total_ret_visible_delta": 0.0,
        "mean_unresolved_orders_delta": 0.0,
        "mean_unresolved_quantity_delta": 0.0,
        "mean_worst_product_fill_delta": 0.0,
        "n_pairs": 88,
        "worst_product_fill_clustered_ci95": [
          0.0,
          0.0
        ]
      },
      "wrong_posterior": {
        "early_ret_complete_cohort_clustered_ci95": [
          -0.11457221361340683,
          -0.07606160102786526
        ],
        "early_ret_complete_cohort_delta_quantiles": {
          "q10": -0.2208844396344396,
          "q50": -0.0265226671476671,
          "q90": 0.0
        },
        "early_ret_visible_clustered_ci95": [
          -0.1048603698016254,
          -0.06984680178159001
        ],
        "favorable_complete_cohort_fraction": 0.0,
        "max_scheduled_resource_error": 0.0,
        "max_unresolved_orders_delta": 6.0,
        "mean_early_ret_complete_cohort_delta": -0.09521527504482052,
        "mean_early_ret_visible_delta": -0.08807413676645771,
        "mean_lost_orders_delta": 0.0,
        "mean_lost_quantity_delta": 0.0,
        "mean_service_loss_auc_delta": 4170129.6136363638,
        "mean_total_ret_visible_delta": -0.06650256336170074,
        "mean_unresolved_orders_delta": -0.011363636363636364,
        "mean_unresolved_quantity_delta": 3.6136363636363638,
        "mean_worst_product_fill_delta": 0.020860332024148432,
        "n_pairs": 88,
        "worst_product_fill_clustered_ci95": [
          -0.0042429059704124205,
          0.04783177357396318
        ]
      }
    },
    "0.75": {
      "delayed_posterior": {
        "early_ret_complete_cohort_clustered_ci95": [
          -0.009450188779024017,
          0.02078728129509378
        ],
        "early_ret_complete_cohort_delta_quantiles": {
          "q10": -0.20011423761423777,
          "q50": 0.0,
          "q90": 0.19085497835497828
        },
        "early_ret_visible_clustered_ci95": [
          -0.007982909203208793,
          0.023953246461317187
        ],
        "favorable_complete_cohort_fraction": 0.22727272727272727,
        "max_scheduled_resource_error": 0.0,
        "max_unresolved_orders_delta": 12.0,
        "mean_early_ret_complete_cohort_delta": 0.005075443285670544,
        "mean_early_ret_visible_delta": 0.0070336506545184115,
        "mean_lost_orders_delta": 0.0,
        "mean_lost_quantity_delta": 0.0,
        "mean_service_loss_auc_delta": 228118.72727272726,
        "mean_total_ret_visible_delta": 0.0036750328710573044,
        "mean_unresolved_orders_delta": 0.11363636363636363,
        "mean_unresolved_quantity_delta": 295.1818181818182,
        "mean_worst_product_fill_delta": -0.0008548742146223885,
        "n_pairs": 88,
        "worst_product_fill_clustered_ci95": [
          -0.03541976957400753,
          0.025551299347676838
        ]
      },
      "oracle_initial_context": {
        "early_ret_complete_cohort_clustered_ci95": [
          0.044683304910577634,
          0.0997653320611417
        ],
        "early_ret_complete_cohort_delta_quantiles": {
          "q10": 0.0,
          "q50": 0.0,
          "q90": 0.21602332852332842
        },
        "early_ret_visible_clustered_ci95": [
          0.042949370848389436,
          0.09565444140340836
        ],
        "favorable_complete_cohort_fraction": 0.4090909090909091,
        "max_scheduled_resource_error": 0.0,
        "max_unresolved_orders_delta": 12.0,
        "mean_early_ret_complete_cohort_delta": 0.07376907604180331,
        "mean_early_ret_visible_delta": 0.07038775570542098,
        "mean_lost_orders_delta": 0.0,
        "mean_lost_quantity_delta": 0.0,
        "mean_service_loss_auc_delta": -2195974.8181818184,
        "mean_total_ret_visible_delta": 0.049578834561841194,
        "mean_unresolved_orders_delta": 0.23863636363636365,
        "mean_unresolved_quantity_delta": 576.6363636363636,
        "mean_worst_product_fill_delta": -0.02634826759578053,
        "n_pairs": 88,
        "worst_product_fill_clustered_ci95": [
          -0.05953335157837081,
          0.0027544400224503362
        ]
      },
      "reset_posterior_0p5": {
        "early_ret_complete_cohort_clustered_ci95": [
          0.0,
          0.0
        ],
        "early_ret_complete_cohort_delta_quantiles": {
          "q10": 0.0,
          "q50": 0.0,
          "q90": 0.0
        },
        "early_ret_visible_clustered_ci95": [
          0.0,
          0.0
        ],
        "favorable_complete_cohort_fraction": 0.0,
        "max_scheduled_resource_error": 0.0,
        "max_unresolved_orders_delta": 0.0,
        "mean_early_ret_complete_cohort_delta": 0.0,
        "mean_early_ret_visible_delta": 0.0,
        "mean_lost_orders_delta": 0.0,
        "mean_lost_quantity_delta": 0.0,
        "mean_service_loss_auc_delta": 0.0,
        "mean_total_ret_visible_delta": 0.0,
        "mean_unresolved_orders_delta": 0.0,
        "mean_unresolved_quantity_delta": 0.0,
        "mean_worst_product_fill_delta": 0.0,
        "n_pairs": 88,
        "worst_product_fill_clustered_ci95": [
          0.0,
          0.0
        ]
      },
      "retained_posterior": {
        "early_ret_complete_cohort_clustered_ci95": [
          0.009021672180407976,
          0.048906542084809136
        ],
        "early_ret_complete_cohort_delta_quantiles": {
          "q10": -0.16952711640211648,
          "q50": 0.0,
          "q90": 0.20020021645021646
        },
        "early_ret_visible_clustered_ci95": [
          0.007838481727944532,
          0.04731159745638697
        ],
        "favorable_complete_cohort_fraction": 0.29545454545454547,
        "max_scheduled_resource_error": 0.0,
        "max_unresolved_orders_delta": 12.0,
        "mean_early_ret_complete_cohort_delta": 0.028992030696576146,
        "mean_early_ret_visible_delta": 0.027360070102838696,
        "mean_lost_orders_delta": 0.0,
        "mean_lost_quantity_delta": 0.0,
        "mean_service_loss_auc_delta": -1450527.7954545454,
        "mean_total_ret_visible_delta": 0.02489072597415378,
        "mean_unresolved_orders_delta": 0.06818181818181818,
        "mean_unresolved_quantity_delta": 152.47727272727272,
        "mean_worst_product_fill_delta": -0.011528042319013276,
        "n_pairs": 88,
        "worst_product_fill_clustered_ci95": [
          -0.042825078430562956,
          0.017571766253868915
        ]
      },
      "shuffled_posterior": {
        "early_ret_complete_cohort_clustered_ci95": [
          -0.04511768370255587,
          0.016475458726879166
        ],
        "early_ret_complete_cohort_delta_quantiles": {
          "q10": -0.21036886724386739,
          "q50": 0.0,
          "q90": 0.17314664502164484
        },
        "early_ret_visible_clustered_ci95": [
          -0.03387294461943655,
          0.014423914966270327
        ],
        "favorable_complete_cohort_fraction": 0.19318181818181818,
        "max_scheduled_resource_error": 0.0,
        "max_unresolved_orders_delta": 7.0,
        "mean_early_ret_complete_cohort_delta": -0.011044563601381797,
        "mean_early_ret_visible_delta": -0.007667068369978164,
        "mean_lost_orders_delta": 0.0,
        "mean_lost_quantity_delta": 0.0,
        "mean_service_loss_auc_delta": 1392023.9886363635,
        "mean_total_ret_visible_delta": -0.009333837989557742,
        "mean_unresolved_orders_delta": 0.17045454545454544,
        "mean_unresolved_quantity_delta": 445.35227272727275,
        "mean_worst_product_fill_delta": 0.0055788289217889005,
        "n_pairs": 88,
        "worst_product_fill_clustered_ci95": [
          -0.026251669657730226,
          0.034695881324514496
        ]
      },
      "wrong_posterior": {
        "early_ret_complete_cohort_clustered_ci95": [
          -0.1556088823844506,
          -0.08805241607088203
        ],
        "early_ret_complete_cohort_delta_quantiles": {
          "q10": -0.24827892015392017,
          "q50": -0.16772035834535842,
          "q90": 0.0
        },
        "early_ret_visible_clustered_ci95": [
          -0.13555382920648507,
          -0.07791629155275208
        ],
        "favorable_complete_cohort_fraction": 0.0,
        "max_scheduled_resource_error": 0.0,
        "max_unresolved_orders_delta": 6.0,
        "mean_early_ret_complete_cohort_delta": -0.11916359892212167,
        "mean_early_ret_visible_delta": -0.10486613871729232,
        "mean_lost_orders_delta": 0.0,
        "mean_lost_quantity_delta": 0.0,
        "mean_service_loss_auc_delta": 5888328.375,
        "mean_total_ret_visible_delta": -0.08012984008729186,
        "mean_unresolved_orders_delta": 0.2159090909090909,
        "mean_unresolved_quantity_delta": 599.8295454545455,
        "mean_worst_product_fill_delta": 0.023056057580124925,
        "n_pairs": 88,
        "worst_product_fill_clustered_ci95": [
          -0.014790533837316242,
          0.06242506591337867
        ]
      }
    },
    "0.9": {
      "delayed_posterior": {
        "early_ret_complete_cohort_clustered_ci95": [
          -0.009114105065809616,
          0.05664983506602821
        ],
        "early_ret_complete_cohort_delta_quantiles": {
          "q10": -0.17918620731120735,
          "q50": 0.0,
          "q90": 0.20766474266474264
        },
        "early_ret_visible_clustered_ci95": [
          -0.008142952423685911,
          0.05002271957075677
        ],
        "favorable_complete_cohort_fraction": 0.2840909090909091,
        "max_scheduled_resource_error": 0.0,
        "max_unresolved_orders_delta": 12.0,
        "mean_early_ret_complete_cohort_delta": 0.023263171487603304,
        "mean_early_ret_visible_delta": 0.019769301138102786,
        "mean_lost_orders_delta": 0.0,
        "mean_lost_quantity_delta": 0.0,
        "mean_service_loss_auc_delta": -2400279.5,
        "mean_total_ret_visible_delta": 0.01767382001910367,
        "mean_unresolved_orders_delta": -0.3181818181818182,
        "mean_unresolved_quantity_delta": -825.7727272727273,
        "mean_worst_product_fill_delta": 0.003822296131333799,
        "n_pairs": 88,
        "worst_product_fill_clustered_ci95": [
          -0.01062489716302291,
          0.018346338848216757
        ]
      },
      "oracle_initial_context": {
        "early_ret_complete_cohort_clustered_ci95": [
          0.062355745120304784,
          0.12265634479945563
        ],
        "early_ret_complete_cohort_delta_quantiles": {
          "q10": 0.0,
          "q50": 0.032275132275132346,
          "q90": 0.2208844396344396
        },
        "early_ret_visible_clustered_ci95": [
          0.05780523281814604,
          0.1110635352939072
        ],
        "favorable_complete_cohort_fraction": 0.5,
        "max_scheduled_resource_error": 0.0,
        "max_unresolved_orders_delta": 12.0,
        "mean_early_ret_complete_cohort_delta": 0.09621017398006035,
        "mean_early_ret_visible_delta": 0.08743195060602085,
        "mean_lost_orders_delta": 0.0,
        "mean_lost_quantity_delta": 0.0,
        "mean_service_loss_auc_delta": -4398398.329545454,
        "mean_total_ret_visible_delta": 0.06462620066782415,
        "mean_unresolved_orders_delta": -0.06818181818181818,
        "mean_unresolved_quantity_delta": -218.875,
        "mean_worst_product_fill_delta": -0.024114033033239755,
        "n_pairs": 88,
        "worst_product_fill_clustered_ci95": [
          -0.05251381082698238,
          0.0014207575515408628
        ]
      },
      "reset_posterior_0p5": {
        "early_ret_complete_cohort_clustered_ci95": [
          0.0,
          0.0
        ],
        "early_ret_complete_cohort_delta_quantiles": {
          "q10": 0.0,
          "q50": 0.0,
          "q90": 0.0
        },
        "early_ret_visible_clustered_ci95": [
          0.0,
          0.0
        ],
        "favorable_complete_cohort_fraction": 0.0,
        "max_scheduled_resource_error": 0.0,
        "max_unresolved_orders_delta": 0.0,
        "mean_early_ret_complete_cohort_delta": 0.0,
        "mean_early_ret_visible_delta": 0.0,
        "mean_lost_orders_delta": 0.0,
        "mean_lost_quantity_delta": 0.0,
        "mean_service_loss_auc_delta": 0.0,
        "mean_total_ret_visible_delta": 0.0,
        "mean_unresolved_orders_delta": 0.0,
        "mean_unresolved_quantity_delta": 0.0,
        "mean_worst_product_fill_delta": 0.0,
        "n_pairs": 88,
        "worst_product_fill_clustered_ci95": [
          0.0,
          0.0
        ]
      },
      "retained_posterior": {
        "early_ret_complete_cohort_clustered_ci95": [
          0.04724620392234029,
          0.09719902624732171
        ],
        "early_ret_complete_cohort_delta_quantiles": {
          "q10": 0.0,
          "q50": 0.0,
          "q90": 0.22088443963443943
        },
        "early_ret_visible_clustered_ci95": [
          0.04281225092821167,
          0.08587067216028348
        ],
        "favorable_complete_cohort_fraction": 0.4318181818181818,
        "max_scheduled_resource_error": 0.0,
        "max_unresolved_orders_delta": 12.0,
        "mean_early_ret_complete_cohort_delta": 0.07318719527526346,
        "mean_early_ret_visible_delta": 0.06554473304473306,
        "mean_lost_orders_delta": 0.0,
        "mean_lost_quantity_delta": 0.0,
        "mean_service_loss_auc_delta": -3954429.3068181816,
        "mean_total_ret_visible_delta": 0.05330576309343145,
        "mean_unresolved_orders_delta": -0.10227272727272728,
        "mean_unresolved_quantity_delta": -298.9431818181818,
        "mean_worst_product_fill_delta": -0.020913282553526157,
        "n_pairs": 88,
        "worst_product_fill_clustered_ci95": [
          -0.046549562783254464,
          0.0008311808032417023
        ]
      },
      "shuffled_posterior": {
        "early_ret_complete_cohort_clustered_ci95": [
          -0.011179225801029778,
          0.03323310212514757
        ],
        "early_ret_complete_cohort_delta_quantiles": {
          "q10": -0.18634108946608946,
          "q50": 0.0,
          "q90": 0.20621542809042812
        },
        "early_ret_visible_clustered_ci95": [
          -0.010005269716174948,
          0.028711593254465144
        ],
        "favorable_complete_cohort_fraction": 0.25,
        "max_scheduled_resource_error": 0.0,
        "max_unresolved_orders_delta": 7.0,
        "mean_early_ret_complete_cohort_delta": 0.010747661955048312,
        "mean_early_ret_visible_delta": 0.009057622292384682,
        "mean_lost_orders_delta": 0.0,
        "mean_lost_quantity_delta": 0.0,
        "mean_service_loss_auc_delta": -1537509.9090909092,
        "mean_total_ret_visible_delta": 0.010574347727479656,
        "mean_unresolved_orders_delta": -0.2159090909090909,
        "mean_unresolved_quantity_delta": -567.3636363636364,
        "mean_worst_product_fill_delta": 0.0007714657995579743,
        "n_pairs": 88,
        "worst_product_fill_clustered_ci95": [
          -0.013928034808867094,
          0.018636241637290007
        ]
      },
      "wrong_posterior": {
        "early_ret_complete_cohort_clustered_ci95": [
          -0.1334313064355678,
          -0.0698183130001312
        ],
        "early_ret_complete_cohort_delta_quantiles": {
          "q10": -0.2208844396344396,
          "q50": -0.0265226671476671,
          "q90": 0.0
        },
        "early_ret_visible_clustered_ci95": [
          -0.12115152340214755,
          -0.0633469660074774
        ],
        "favorable_complete_cohort_fraction": 0.0,
        "max_scheduled_resource_error": 0.0,
        "max_unresolved_orders_delta": 6.0,
        "mean_early_ret_complete_cohort_delta": -0.09582814071450435,
        "mean_early_ret_visible_delta": -0.08812711576442639,
        "mean_lost_orders_delta": 0.0,
        "mean_lost_quantity_delta": 0.0,
        "mean_service_loss_auc_delta": 3448745.3181818184,
        "mean_total_ret_visible_delta": -0.06523724560218852,
        "mean_unresolved_orders_delta": -0.1590909090909091,
        "mean_unresolved_quantity_delta": -376.77272727272725,
        "mean_worst_product_fill_delta": 0.024735402873642686,
        "n_pairs": 88,
        "worst_product_fill_clustered_ci95": [
          0.005213488385947736,
          0.045526700528585935
        ]
      }
    }
  },
  "sustained_control": {
    "0.5": {
      "delayed_posterior": {
        "early_ret_complete_cohort_clustered_ci95": [
          0.0,
          0.0
        ],
        "early_ret_complete_cohort_delta_quantiles": {
          "q10": 0.0,
          "q50": 0.0,
          "q90": 0.0
        },
        "early_ret_visible_clustered_ci95": [
          0.0,
          0.0
        ],
        "favorable_complete_cohort_fraction": 0.0,
        "max_scheduled_resource_error": 0.0,
        "max_unresolved_orders_delta": 0.0,
        "mean_early_ret_complete_cohort_delta": 0.0,
        "mean_early_ret_visible_delta": 0.0,
        "mean_lost_orders_delta": 0.0,
        "mean_lost_quantity_delta": 0.0,
        "mean_service_loss_auc_delta": 0.0,
        "mean_total_ret_visible_delta": 0.0,
        "mean_unresolved_orders_delta": 0.0,
        "mean_unresolved_quantity_delta": 0.0,
        "mean_worst_product_fill_delta": 0.0,
        "n_pairs": 88,
        "worst_product_fill_clustered_ci95": [
          0.0,
          0.0
        ]
      },
      "oracle_initial_context": {
        "early_ret_complete_cohort_clustered_ci95": [
          0.07690876568717478,
          0.11499282769524248
        ],
        "early_ret_complete_cohort_delta_quantiles": {
          "q10": 0.0,
          "q50": 0.034677128427128445,
          "q90": 0.2208844396344396
        },
        "early_ret_visible_clustered_ci95": [
          0.07058424775599363,
          0.1053137633716146
        ],
        "favorable_complete_cohort_fraction": 0.5,
        "max_scheduled_resource_error": 0.0,
        "max_unresolved_orders_delta": 12.0,
        "mean_early_ret_complete_cohort_delta": 0.0960602029494075,
        "mean_early_ret_visible_delta": 0.08744325200549374,
        "mean_lost_orders_delta": 0.0,
        "mean_lost_quantity_delta": 0.0,
        "mean_service_loss_auc_delta": -4354637.079545454,
        "mean_total_ret_visible_delta": 0.0644211543048535,
        "mean_unresolved_orders_delta": -0.09090909090909091,
        "mean_unresolved_quantity_delta": -275.625,
        "mean_worst_product_fill_delta": -0.022412248463053716,
        "n_pairs": 88,
        "worst_product_fill_clustered_ci95": [
          -0.06079466359059359,
          0.01147883550866791
        ]
      },
      "reset_posterior_0p5": {
        "early_ret_complete_cohort_clustered_ci95": [
          0.0,
          0.0
        ],
        "early_ret_complete_cohort_delta_quantiles": {
          "q10": 0.0,
          "q50": 0.0,
          "q90": 0.0
        },
        "early_ret_visible_clustered_ci95": [
          0.0,
          0.0
        ],
        "favorable_complete_cohort_fraction": 0.0,
        "max_scheduled_resource_error": 0.0,
        "max_unresolved_orders_delta": 0.0,
        "mean_early_ret_complete_cohort_delta": 0.0,
        "mean_early_ret_visible_delta": 0.0,
        "mean_lost_orders_delta": 0.0,
        "mean_lost_quantity_delta": 0.0,
        "mean_service_loss_auc_delta": 0.0,
        "mean_total_ret_visible_delta": 0.0,
        "mean_unresolved_orders_delta": 0.0,
        "mean_unresolved_quantity_delta": 0.0,
        "mean_worst_product_fill_delta": 0.0,
        "n_pairs": 88,
        "worst_product_fill_clustered_ci95": [
          0.0,
          0.0
        ]
      },
      "retained_posterior": {
        "early_ret_complete_cohort_clustered_ci95": [
          0.0,
          0.0
        ],
        "early_ret_complete_cohort_delta_quantiles": {
          "q10": 0.0,
          "q50": 0.0,
          "q90": 0.0
        },
        "early_ret_visible_clustered_ci95": [
          0.0,
          0.0
        ],
        "favorable_complete_cohort_fraction": 0.0,
        "max_scheduled_resource_error": 0.0,
        "max_unresolved_orders_delta": 0.0,
        "mean_early_ret_complete_cohort_delta": 0.0,
        "mean_early_ret_visible_delta": 0.0,
        "mean_lost_orders_delta": 0.0,
        "mean_lost_quantity_delta": 0.0,
        "mean_service_loss_auc_delta": 0.0,
        "mean_total_ret_visible_delta": 0.0,
        "mean_unresolved_orders_delta": 0.0,
        "mean_unresolved_quantity_delta": 0.0,
        "mean_worst_product_fill_delta": 0.0,
        "n_pairs": 88,
        "worst_product_fill_clustered_ci95": [
          0.0,
          0.0
        ]
      },
      "shuffled_posterior": {
        "early_ret_complete_cohort_clustered_ci95": [
          0.0,
          0.0
        ],
        "early_ret_complete_cohort_delta_quantiles": {
          "q10": 0.0,
          "q50": 0.0,
          "q90": 0.0
        },
        "early_ret_visible_clustered_ci95": [
          0.0,
          0.0
        ],
        "favorable_complete_cohort_fraction": 0.0,
        "max_scheduled_resource_error": 0.0,
        "max_unresolved_orders_delta": 0.0,
        "mean_early_ret_complete_cohort_delta": 0.0,
        "mean_early_ret_visible_delta": 0.0,
        "mean_lost_orders_delta": 0.0,
        "mean_lost_quantity_delta": 0.0,
        "mean_service_loss_auc_delta": 0.0,
        "mean_total_ret_visible_delta": 0.0,
        "mean_unresolved_orders_delta": 0.0,
        "mean_unresolved_quantity_delta": 0.0,
        "mean_worst_product_fill_delta": 0.0,
        "n_pairs": 88,
        "worst_product_fill_clustered_ci95": [
          0.0,
          0.0
        ]
      },
      "wrong_posterior": {
        "early_ret_complete_cohort_clustered_ci95": [
          -0.11457221361340683,
          -0.07606160102786526
        ],
        "early_ret_complete_cohort_delta_quantiles": {
          "q10": -0.2208844396344396,
          "q50": -0.0265226671476671,
          "q90": 0.0
        },
        "early_ret_visible_clustered_ci95": [
          -0.1048603698016254,
          -0.06984680178159001
        ],
        "favorable_complete_cohort_fraction": 0.0,
        "max_scheduled_resource_error": 0.0,
        "max_unresolved_orders_delta": 6.0,
        "mean_early_ret_complete_cohort_delta": -0.09521527504482052,
        "mean_early_ret_visible_delta": -0.08807413676645771,
        "mean_lost_orders_delta": 0.0,
        "mean_lost_quantity_delta": 0.0,
        "mean_service_loss_auc_delta": 4134396.6363636362,
        "mean_total_ret_visible_delta": -0.066412278190607,
        "mean_unresolved_orders_delta": -0.022727272727272728,
        "mean_unresolved_quantity_delta": -25.272727272727273,
        "mean_worst_product_fill_delta": 0.021191453366182448,
        "n_pairs": 88,
        "worst_product_fill_clustered_ci95": [
          -0.0038491500049457573,
          0.04813040146047373
        ]
      }
    },
    "0.75": {
      "delayed_posterior": {
        "early_ret_complete_cohort_clustered_ci95": [
          -0.009450188779024017,
          0.02078728129509378
        ],
        "early_ret_complete_cohort_delta_quantiles": {
          "q10": -0.20011423761423777,
          "q50": 0.0,
          "q90": 0.19085497835497828
        },
        "early_ret_visible_clustered_ci95": [
          -0.007982909203208793,
          0.023953246461317187
        ],
        "favorable_complete_cohort_fraction": 0.22727272727272727,
        "max_scheduled_resource_error": 0.0,
        "max_unresolved_orders_delta": 12.0,
        "mean_early_ret_complete_cohort_delta": 0.005075443285670544,
        "mean_early_ret_visible_delta": 0.0070336506545184115,
        "mean_lost_orders_delta": 0.0,
        "mean_lost_quantity_delta": 0.0,
        "mean_service_loss_auc_delta": 228118.72727272726,
        "mean_total_ret_visible_delta": 0.0036750328710573044,
        "mean_unresolved_orders_delta": 0.11363636363636363,
        "mean_unresolved_quantity_delta": 295.1818181818182,
        "mean_worst_product_fill_delta": -0.0008548742146223885,
        "n_pairs": 88,
        "worst_product_fill_clustered_ci95": [
          -0.03541976957400753,
          0.025551299347676838
        ]
      },
      "oracle_initial_context": {
        "early_ret_complete_cohort_clustered_ci95": [
          0.044683304910577634,
          0.0997653320611417
        ],
        "early_ret_complete_cohort_delta_quantiles": {
          "q10": 0.0,
          "q50": 0.0,
          "q90": 0.21602332852332842
        },
        "early_ret_visible_clustered_ci95": [
          0.042949370848389436,
          0.09565444140340836
        ],
        "favorable_complete_cohort_fraction": 0.4090909090909091,
        "max_scheduled_resource_error": 0.0,
        "max_unresolved_orders_delta": 12.0,
        "mean_early_ret_complete_cohort_delta": 0.07376907604180331,
        "mean_early_ret_visible_delta": 0.07038775570542098,
        "mean_lost_orders_delta": 0.0,
        "mean_lost_quantity_delta": 0.0,
        "mean_service_loss_auc_delta": -2195974.8181818184,
        "mean_total_ret_visible_delta": 0.049578834561841194,
        "mean_unresolved_orders_delta": 0.23863636363636365,
        "mean_unresolved_quantity_delta": 576.6363636363636,
        "mean_worst_product_fill_delta": -0.02634826759578053,
        "n_pairs": 88,
        "worst_product_fill_clustered_ci95": [
          -0.05953335157837081,
          0.0027544400224503362
        ]
      },
      "reset_posterior_0p5": {
        "early_ret_complete_cohort_clustered_ci95": [
          0.0,
          0.0
        ],
        "early_ret_complete_cohort_delta_quantiles": {
          "q10": 0.0,
          "q50": 0.0,
          "q90": 0.0
        },
        "early_ret_visible_clustered_ci95": [
          0.0,
          0.0
        ],
        "favorable_complete_cohort_fraction": 0.0,
        "max_scheduled_resource_error": 0.0,
        "max_unresolved_orders_delta": 0.0,
        "mean_early_ret_complete_cohort_delta": 0.0,
        "mean_early_ret_visible_delta": 0.0,
        "mean_lost_orders_delta": 0.0,
        "mean_lost_quantity_delta": 0.0,
        "mean_service_loss_auc_delta": 0.0,
        "mean_total_ret_visible_delta": 0.0,
        "mean_unresolved_orders_delta": 0.0,
        "mean_unresolved_quantity_delta": 0.0,
        "mean_worst_product_fill_delta": 0.0,
        "n_pairs": 88,
        "worst_product_fill_clustered_ci95": [
          0.0,
          0.0
        ]
      },
      "retained_posterior": {
        "early_ret_complete_cohort_clustered_ci95": [
          0.009021672180407976,
          0.048906542084809136
        ],
        "early_ret_complete_cohort_delta_quantiles": {
          "q10": -0.16952711640211648,
          "q50": 0.0,
          "q90": 0.20020021645021646
        },
        "early_ret_visible_clustered_ci95": [
          0.007838481727944532,
          0.04731159745638697
        ],
        "favorable_complete_cohort_fraction": 0.29545454545454547,
        "max_scheduled_resource_error": 0.0,
        "max_unresolved_orders_delta": 12.0,
        "mean_early_ret_complete_cohort_delta": 0.028992030696576146,
        "mean_early_ret_visible_delta": 0.027360070102838696,
        "mean_lost_orders_delta": 0.0,
        "mean_lost_quantity_delta": 0.0,
        "mean_service_loss_auc_delta": -1450527.7954545454,
        "mean_total_ret_visible_delta": 0.02489072597415378,
        "mean_unresolved_orders_delta": 0.06818181818181818,
        "mean_unresolved_quantity_delta": 152.47727272727272,
        "mean_worst_product_fill_delta": -0.011528042319013276,
        "n_pairs": 88,
        "worst_product_fill_clustered_ci95": [
          -0.042825078430562956,
          0.017571766253868915
        ]
      },
      "shuffled_posterior": {
        "early_ret_complete_cohort_clustered_ci95": [
          -0.04511768370255587,
          0.016475458726879166
        ],
        "early_ret_complete_cohort_delta_quantiles": {
          "q10": -0.21036886724386739,
          "q50": 0.0,
          "q90": 0.17314664502164484
        },
        "early_ret_visible_clustered_ci95": [
          -0.03387294461943655,
          0.014423914966270327
        ],
        "favorable_complete_cohort_fraction": 0.19318181818181818,
        "max_scheduled_resource_error": 0.0,
        "max_unresolved_orders_delta": 7.0,
        "mean_early_ret_complete_cohort_delta": -0.011044563601381797,
        "mean_early_ret_visible_delta": -0.007667068369978164,
        "mean_lost_orders_delta": 0.0,
        "mean_lost_quantity_delta": 0.0,
        "mean_service_loss_auc_delta": 1392023.9886363635,
        "mean_total_ret_visible_delta": -0.009333837989557742,
        "mean_unresolved_orders_delta": 0.17045454545454544,
        "mean_unresolved_quantity_delta": 445.35227272727275,
        "mean_worst_product_fill_delta": 0.0055788289217889005,
        "n_pairs": 88,
        "worst_product_fill_clustered_ci95": [
          -0.026251669657730226,
          0.034695881324514496
        ]
      },
      "wrong_posterior": {
        "early_ret_complete_cohort_clustered_ci95": [
          -0.1556088823844506,
          -0.08805241607088203
        ],
        "early_ret_complete_cohort_delta_quantiles": {
          "q10": -0.24827892015392017,
          "q50": -0.16772035834535842,
          "q90": 0.0
        },
        "early_ret_visible_clustered_ci95": [
          -0.13555382920648507,
          -0.07791629155275208
        ],
        "favorable_complete_cohort_fraction": 0.0,
        "max_scheduled_resource_error": 0.0,
        "max_unresolved_orders_delta": 6.0,
        "mean_early_ret_complete_cohort_delta": -0.11916359892212167,
        "mean_early_ret_visible_delta": -0.10486613871729232,
        "mean_lost_orders_delta": 0.0,
        "mean_lost_quantity_delta": 0.0,
        "mean_service_loss_auc_delta": 5852595.3977272725,
        "mean_total_ret_visible_delta": -0.08003955491619812,
        "mean_unresolved_orders_delta": 0.20454545454545456,
        "mean_unresolved_quantity_delta": 570.9431818181819,
        "mean_worst_product_fill_delta": 0.023387178922158944,
        "n_pairs": 88,
        "worst_product_fill_clustered_ci95": [
          -0.01421812753699604,
          0.06274394236695993
        ]
      }
    },
    "0.9": {
      "delayed_posterior": {
        "early_ret_complete_cohort_clustered_ci95": [
          -0.009114105065809616,
          0.05664983506602821
        ],
        "early_ret_complete_cohort_delta_quantiles": {
          "q10": -0.17918620731120735,
          "q50": 0.0,
          "q90": 0.20766474266474264
        },
        "early_ret_visible_clustered_ci95": [
          -0.008142952423685911,
          0.05002271957075677
        ],
        "favorable_complete_cohort_fraction": 0.2840909090909091,
        "max_scheduled_resource_error": 0.0,
        "max_unresolved_orders_delta": 12.0,
        "mean_early_ret_complete_cohort_delta": 0.023263171487603304,
        "mean_early_ret_visible_delta": 0.019769301138102786,
        "mean_lost_orders_delta": 0.0,
        "mean_lost_quantity_delta": 0.0,
        "mean_service_loss_auc_delta": -2400279.5,
        "mean_total_ret_visible_delta": 0.01767382001910367,
        "mean_unresolved_orders_delta": -0.3181818181818182,
        "mean_unresolved_quantity_delta": -825.7727272727273,
        "mean_worst_product_fill_delta": 0.003822296131333799,
        "n_pairs": 88,
        "worst_product_fill_clustered_ci95": [
          -0.01062489716302291,
          0.018346338848216757
        ]
      },
      "oracle_initial_context": {
        "early_ret_complete_cohort_clustered_ci95": [
          0.062355745120304784,
          0.12265634479945563
        ],
        "early_ret_complete_cohort_delta_quantiles": {
          "q10": 0.0,
          "q50": 0.032275132275132346,
          "q90": 0.2208844396344396
        },
        "early_ret_visible_clustered_ci95": [
          0.05780523281814604,
          0.1110635352939072
        ],
        "favorable_complete_cohort_fraction": 0.5,
        "max_scheduled_resource_error": 0.0,
        "max_unresolved_orders_delta": 12.0,
        "mean_early_ret_complete_cohort_delta": 0.09621017398006035,
        "mean_early_ret_visible_delta": 0.08743195060602085,
        "mean_lost_orders_delta": 0.0,
        "mean_lost_quantity_delta": 0.0,
        "mean_service_loss_auc_delta": -4398398.329545454,
        "mean_total_ret_visible_delta": 0.06462620066782415,
        "mean_unresolved_orders_delta": -0.06818181818181818,
        "mean_unresolved_quantity_delta": -218.875,
        "mean_worst_product_fill_delta": -0.024114033033239755,
        "n_pairs": 88,
        "worst_product_fill_clustered_ci95": [
          -0.05251381082698238,
          0.0014207575515408628
        ]
      },
      "reset_posterior_0p5": {
        "early_ret_complete_cohort_clustered_ci95": [
          0.0,
          0.0
        ],
        "early_ret_complete_cohort_delta_quantiles": {
          "q10": 0.0,
          "q50": 0.0,
          "q90": 0.0
        },
        "early_ret_visible_clustered_ci95": [
          0.0,
          0.0
        ],
        "favorable_complete_cohort_fraction": 0.0,
        "max_scheduled_resource_error": 0.0,
        "max_unresolved_orders_delta": 0.0,
        "mean_early_ret_complete_cohort_delta": 0.0,
        "mean_early_ret_visible_delta": 0.0,
        "mean_lost_orders_delta": 0.0,
        "mean_lost_quantity_delta": 0.0,
        "mean_service_loss_auc_delta": 0.0,
        "mean_total_ret_visible_delta": 0.0,
        "mean_unresolved_orders_delta": 0.0,
        "mean_unresolved_quantity_delta": 0.0,
        "mean_worst_product_fill_delta": 0.0,
        "n_pairs": 88,
        "worst_product_fill_clustered_ci95": [
          0.0,
          0.0
        ]
      },
      "retained_posterior": {
        "early_ret_complete_cohort_clustered_ci95": [
          0.04724620392234029,
          0.09719902624732171
        ],
        "early_ret_complete_cohort_delta_quantiles": {
          "q10": 0.0,
          "q50": 0.0,
          "q90": 0.22088443963443943
        },
        "early_ret_visible_clustered_ci95": [
          0.04281225092821167,
          0.08587067216028348
        ],
        "favorable_complete_cohort_fraction": 0.4318181818181818,
        "max_scheduled_resource_error": 0.0,
        "max_unresolved_orders_delta": 12.0,
        "mean_early_ret_complete_cohort_delta": 0.07318719527526346,
        "mean_early_ret_visible_delta": 0.06554473304473306,
        "mean_lost_orders_delta": 0.0,
        "mean_lost_quantity_delta": 0.0,
        "mean_service_loss_auc_delta": -3954429.3068181816,
        "mean_total_ret_visible_delta": 0.05330576309343145,
        "mean_unresolved_orders_delta": -0.10227272727272728,
        "mean_unresolved_quantity_delta": -298.9431818181818,
        "mean_worst_product_fill_delta": -0.020913282553526157,
        "n_pairs": 88,
        "worst_product_fill_clustered_ci95": [
          -0.046549562783254464,
          0.0008311808032417023
        ]
      },
      "shuffled_posterior": {
        "early_ret_complete_cohort_clustered_ci95": [
          -0.011179225801029778,
          0.03323310212514757
        ],
        "early_ret_complete_cohort_delta_quantiles": {
          "q10": -0.18634108946608946,
          "q50": 0.0,
          "q90": 0.20621542809042812
        },
        "early_ret_visible_clustered_ci95": [
          -0.010005269716174948,
          0.028711593254465144
        ],
        "favorable_complete_cohort_fraction": 0.25,
        "max_scheduled_resource_error": 0.0,
        "max_unresolved_orders_delta": 7.0,
        "mean_early_ret_complete_cohort_delta": 0.010747661955048312,
        "mean_early_ret_visible_delta": 0.009057622292384682,
        "mean_lost_orders_delta": 0.0,
        "mean_lost_quantity_delta": 0.0,
        "mean_service_loss_auc_delta": -1537509.9090909092,
        "mean_total_ret_visible_delta": 0.010574347727479656,
        "mean_unresolved_orders_delta": -0.2159090909090909,
        "mean_unresolved_quantity_delta": -567.3636363636364,
        "mean_worst_product_fill_delta": 0.0007714657995579743,
        "n_pairs": 88,
        "worst_product_fill_clustered_ci95": [
          -0.013928034808867094,
          0.018636241637290007
        ]
      },
      "wrong_posterior": {
        "early_ret_complete_cohort_clustered_ci95": [
          -0.1334313064355678,
          -0.0698183130001312
        ],
        "early_ret_complete_cohort_delta_quantiles": {
          "q10": -0.2208844396344396,
          "q50": -0.0265226671476671,
          "q90": 0.0
        },
        "early_ret_visible_clustered_ci95": [
          -0.12115152340214755,
          -0.0633469660074774
        ],
        "favorable_complete_cohort_fraction": 0.0,
        "max_scheduled_resource_error": 0.0,
        "max_unresolved_orders_delta": 6.0,
        "mean_early_ret_complete_cohort_delta": -0.09582814071450435,
        "mean_early_ret_visible_delta": -0.08812711576442639,
        "mean_lost_orders_delta": 0.0,
        "mean_lost_quantity_delta": 0.0,
        "mean_service_loss_auc_delta": 3413012.340909091,
        "mean_total_ret_visible_delta": -0.06514696043109476,
        "mean_unresolved_orders_delta": -0.17045454545454544,
        "mean_unresolved_quantity_delta": -405.65909090909093,
        "mean_worst_product_fill_delta": 0.025066524215676702,
        "n_pairs": 88,
        "worst_product_fill_clustered_ci95": [
          0.005849231222197862,
          0.04583185897531764
        ]
      }
    }
  }
}
