{
  "historical_splice": {
    "0.5": {
      "delayed_posterior": {
        "early_ret_complete_cohort_clustered_ci95": [
          0.0,
          0.0
        ],
        "early_ret_complete_cohort_delta_quantiles": {
          "q10": 0.0,
          "q50": 0.0,
          "q90": 0.0
        },
        "early_ret_visible_clustered_ci95": [
          0.0,
          0.0
        ],
        "favorable_complete_cohort_fraction": 0.0,
        "max_scheduled_resource_error": 0.0,
        "max_unresolved_orders_delta": 0.0,
        "mean_early_ret_complete_cohort_delta": 0.0,
        "mean_early_ret_visible_delta": 0.0,
        "mean_lost_orders_delta": 0.0,
        "mean_lost_quantity_delta": 0.0,
        "mean_service_loss_auc_delta": 0.0,
        "mean_total_ret_visible_delta": 0.0,
        "mean_unresolved_orders_delta": 0.0,
        "mean_unresolved_quantity_delta": 0.0,
        "mean_worst_product_fill_delta": 0.0,
        "n_pairs": 88,
        "worst_product_fill_clustered_ci95": [
          0.0,
          0.0
        ]
      },
      "oracle_initial_context": {
        "early_ret_complete_cohort_clustered_ci95": [
          0.07623413518299882,
          0.11340126354863571
        ],
        "early_ret_complete_cohort_delta_quantiles": {
          "q10": 0.0,
          "q50": 0.052985209235209385,
          "q90": 0.22088443963443963
        },
        "early_ret_visible_clustered_ci95": [
          0.07128064017785093,
          0.10876036784611166
        ],
        "favorable_complete_cohort_fraction": 0.5113636363636364,
        "max_scheduled_resource_error": 0.0,
        "max_unresolved_orders_delta": 6.0,
        "mean_early_ret_complete_cohort_delta": 0.09545020688486598,
        "mean_early_ret_visible_delta": 0.09072603556720292,
        "mean_lost_orders_delta": 0.0,
        "mean_lost_quantity_delta": 0.0,
        "mean_service_loss_auc_delta": -930271.0795454546,
        "mean_total_ret_visible_delta": 0.05599211597720639,
        "mean_unresolved_orders_delta": 0.5340909090909091,
        "mean_unresolved_quantity_delta": 1354.1022727272727,
        "mean_worst_product_fill_delta": -0.06913684709219102,
        "n_pairs": 88,
        "worst_product_fill_clustered_ci95": [
          -0.1018654534534902,
          -0.039005956590616196
        ]
      },
      "reset_posterior_0p5": {
        "early_ret_complete_cohort_clustered_ci95": [
          0.0,
          0.0
        ],
        "early_ret_complete_cohort_delta_quantiles": {
          "q10": 0.0,
          "q50": 0.0,
          "q90": 0.0
        },
        "early_ret_visible_clustered_ci95": [
          0.0,
          0.0
        ],
        "favorable_complete_cohort_fraction": 0.0,
        "max_scheduled_resource_error": 0.0,
        "max_unresolved_orders_delta": 0.0,
        "mean_early_ret_complete_cohort_delta": 0.0,
        "mean_early_ret_visible_delta": 0.0,
        "mean_lost_orders_delta": 0.0,
        "mean_lost_quantity_delta": 0.0,
        "mean_service_loss_auc_delta": 0.0,
        "mean_total_ret_visible_delta": 0.0,
        "mean_unresolved_orders_delta": 0.0,
        "mean_unresolved_quantity_delta": 0.0,
        "mean_worst_product_fill_delta": 0.0,
        "n_pairs": 88,
        "worst_product_fill_clustered_ci95": [
          0.0,
          0.0
        ]
      },
      "retained_posterior": {
        "early_ret_complete_cohort_clustered_ci95": [
          0.0,
          0.0
        ],
        "early_ret_complete_cohort_delta_quantiles": {
          "q10": 0.0,
          "q50": 0.0,
          "q90": 0.0
        },
        "early_ret_visible_clustered_ci95": [
          0.0,
          0.0
        ],
        "favorable_complete_cohort_fraction": 0.0,
        "max_scheduled_resource_error": 0.0,
        "max_unresolved_orders_delta": 0.0,
        "mean_early_ret_complete_cohort_delta": 0.0,
        "mean_early_ret_visible_delta": 0.0,
        "mean_lost_orders_delta": 0.0,
        "mean_lost_quantity_delta": 0.0,
        "mean_service_loss_auc_delta": 0.0,
        "mean_total_ret_visible_delta": 0.0,
        "mean_unresolved_orders_delta": 0.0,
        "mean_unresolved_quantity_delta": 0.0,
        "mean_worst_product_fill_delta": 0.0,
        "n_pairs": 88,
        "worst_product_fill_clustered_ci95": [
          0.0,
          0.0
        ]
      },
      "shuffled_posterior": {
        "early_ret_complete_cohort_clustered_ci95": [
          0.0,
          0.0
        ],
        "early_ret_complete_cohort_delta_quantiles": {
          "q10": 0.0,
          "q50": 0.0,
          "q90": 0.0
        },
        "early_ret_visible_clustered_ci95": [
          0.0,
          0.0
        ],
        "favorable_complete_cohort_fraction": 0.0,
        "max_scheduled_resource_error": 0.0,
        "max_unresolved_orders_delta": 0.0,
        "mean_early_ret_complete_cohort_delta": 0.0,
        "mean_early_ret_visible_delta": 0.0,
        "mean_lost_orders_delta": 0.0,
        "mean_lost_quantity_delta": 0.0,
        "mean_service_loss_auc_delta": 0.0,
        "mean_total_ret_visible_delta": 0.0,
        "mean_unresolved_orders_delta": 0.0,
        "mean_unresolved_quantity_delta": 0.0,
        "mean_worst_product_fill_delta": 0.0,
        "n_pairs": 88,
        "worst_product_fill_clustered_ci95": [
          0.0,
          0.0
        ]
      },
      "wrong_posterior": {
        "early_ret_complete_cohort_clustered_ci95": [
          -0.11955393354541083,
          -0.07103840761511215
        ],
        "early_ret_complete_cohort_delta_quantiles": {
          "q10": -0.23428932178932166,
          "q50": 0.0,
          "q90": 0.0
        },
        "early_ret_visible_clustered_ci95": [
          -0.10156417735252964,
          -0.06267773024191975
        ],
        "favorable_complete_cohort_fraction": 0.0,
        "max_scheduled_resource_error": 0.0,
        "max_unresolved_orders_delta": 7.0,
        "mean_early_ret_complete_cohort_delta": -0.09417015801958985,
        "mean_early_ret_visible_delta": -0.08195203751074964,
        "mean_lost_orders_delta": 0.0,
        "mean_lost_quantity_delta": 0.0,
        "mean_service_loss_auc_delta": 5530726.579545454,
        "mean_total_ret_visible_delta": -0.06882968201561253,
        "mean_unresolved_orders_delta": 0.375,
        "mean_unresolved_quantity_delta": 999.4886363636364,
        "mean_worst_product_fill_delta": 0.004667009125598589,
        "n_pairs": 88,
        "worst_product_fill_clustered_ci95": [
          -0.02314861945352576,
          0.03756884467001233
        ]
      }
    },
    "0.75": {
      "delayed_posterior": {
        "early_ret_complete_cohort_clustered_ci95": [
          -0.021468780062530064,
          0.03131174519136167
        ],
        "early_ret_complete_cohort_delta_quantiles": {
          "q10": -0.20747534872534873,
          "q50": 0.0,
          "q90": 0.20539201539201557
        },
        "early_ret_visible_clustered_ci95": [
          -0.015188397129459037,
          0.03605095528968851
        ],
        "favorable_complete_cohort_fraction": 0.2727272727272727,
        "max_scheduled_resource_error": 0.0,
        "max_unresolved_orders_delta": 6.0,
        "mean_early_ret_complete_cohort_delta": 0.004349159888932621,
        "mean_early_ret_visible_delta": 0.010268553218794269,
        "mean_lost_orders_delta": 0.0,
        "mean_lost_quantity_delta": 0.0,
        "mean_service_loss_auc_delta": 2278079.102272727,
        "mean_total_ret_visible_delta": 0.006828135113160505,
        "mean_unresolved_orders_delta": 0.7386363636363636,
        "mean_unresolved_quantity_delta": 1891.5568181818182,
        "mean_worst_product_fill_delta": -0.05773954175598764,
        "n_pairs": 88,
        "worst_product_fill_clustered_ci95": [
          -0.09303797655716657,
          -0.02630923617180307
        ]
      },
      "oracle_initial_context": {
        "early_ret_complete_cohort_clustered_ci95": [
          0.08896629990379992,
          0.11419836213870307
        ],
        "early_ret_complete_cohort_delta_quantiles": {
          "q10": 0.0,
          "q50": 0.11765271765271773,
          "q90": 0.2208844396344396
        },
        "early_ret_visible_clustered_ci95": [
          0.086682457569596,
          0.11235781308385909
        ],
        "favorable_complete_cohort_fraction": 0.5568181818181818,
        "max_scheduled_resource_error": 0.0,
        "max_unresolved_orders_delta": 6.0,
        "mean_early_ret_complete_cohort_delta": 0.10021713345576985,
        "mean_early_ret_visible_delta": 0.09865648441319928,
        "mean_lost_orders_delta": 0.0,
        "mean_lost_quantity_delta": 0.0,
        "mean_service_loss_auc_delta": -1294224.4545454546,
        "mean_total_ret_visible_delta": 0.06411493893801995,
        "mean_unresolved_orders_delta": 0.5909090909090909,
        "mean_unresolved_quantity_delta": 1484.5454545454545,
        "mean_worst_product_fill_delta": -0.0934523488936562,
        "n_pairs": 88,
        "worst_product_fill_clustered_ci95": [
          -0.1252765594985793,
          -0.06443171809547685
        ]
      },
      "reset_posterior_0p5": {
        "early_ret_complete_cohort_clustered_ci95": [
          0.0,
          0.0
        ],
        "early_ret_complete_cohort_delta_quantiles": {
          "q10": 0.0,
          "q50": 0.0,
          "q90": 0.0
        },
        "early_ret_visible_clustered_ci95": [
          0.0,
          0.0
        ],
        "favorable_complete_cohort_fraction": 0.0,
        "max_scheduled_resource_error": 0.0,
        "max_unresolved_orders_delta": 0.0,
        "mean_early_ret_complete_cohort_delta": 0.0,
        "mean_early_ret_visible_delta": 0.0,
        "mean_lost_orders_delta": 0.0,
        "mean_lost_quantity_delta": 0.0,
        "mean_service_loss_auc_delta": 0.0,
        "mean_total_ret_visible_delta": 0.0,
        "mean_unresolved_orders_delta": 0.0,
        "mean_unresolved_quantity_delta": 0.0,
        "mean_worst_product_fill_delta": 0.0,
        "n_pairs": 88,
        "worst_product_fill_clustered_ci95": [
          0.0,
          0.0
        ]
      },
      "retained_posterior": {
        "early_ret_complete_cohort_clustered_ci95": [
          0.013761044563601417,
          0.058039232968210244
        ],
        "early_ret_complete_cohort_delta_quantiles": {
          "q10": -0.19571608946608934,
          "q50": 0.0,
          "q90": 0.2190746753246752
        },
        "early_ret_visible_clustered_ci95": [
          0.017564430088965237,
          0.06010443791267655
        ],
        "favorable_complete_cohort_fraction": 0.3977272727272727,
        "max_scheduled_resource_error": 0.0,
        "max_unresolved_orders_delta": 6.0,
        "mean_early_ret_complete_cohort_delta": 0.03777831753684028,
        "mean_early_ret_visible_delta": 0.040249459992486865,
        "mean_lost_orders_delta": 0.0,
        "mean_lost_quantity_delta": 0.0,
        "mean_service_loss_auc_delta": -298975.7840909091,
        "mean_total_ret_visible_delta": 0.024346219674261104,
        "mean_unresolved_orders_delta": 0.2727272727272727,
        "mean_unresolved_quantity_delta": 693.125,
        "mean_worst_product_fill_delta": -0.04767863729509516,
        "n_pairs": 88,
        "worst_product_fill_clustered_ci95": [
          -0.07298830051944598,
          -0.019245839436922103
        ]
      },
      "shuffled_posterior": {
        "early_ret_complete_cohort_clustered_ci95": [
          -0.03209003334891121,
          0.027007767064585245
        ],
        "early_ret_complete_cohort_delta_quantiles": {
          "q10": -0.21558140933140937,
          "q50": 0.0,
          "q90": 0.2196176046176045
        },
        "early_ret_visible_clustered_ci95": [
          -0.020488721706438652,
          0.026931154026615
        ],
        "favorable_complete_cohort_fraction": 0.2727272727272727,
        "max_scheduled_resource_error": 0.0,
        "max_unresolved_orders_delta": 6.0,
        "mean_early_ret_complete_cohort_delta": -0.0031594010997420163,
        "mean_early_ret_visible_delta": 0.0012551209822215248,
        "mean_lost_orders_delta": 0.0,
        "mean_lost_quantity_delta": 0.0,
        "mean_service_loss_auc_delta": 1747000.7727272727,
        "mean_total_ret_visible_delta": -0.0018055795852949669,
        "mean_unresolved_orders_delta": 0.45454545454545453,
        "mean_unresolved_quantity_delta": 1169.3181818181818,
        "mean_worst_product_fill_delta": -0.03976371836106171,
        "n_pairs": 88,
        "worst_product_fill_clustered_ci95": [
          -0.0657982586568284,
          -0.01440492534283961
        ]
      },
      "wrong_posterior": {
        "early_ret_complete_cohort_clustered_ci95": [
          -0.10491602988762079,
          -0.07057322412436048
        ],
        "early_ret_complete_cohort_delta_quantiles": {
          "q10": -0.23783098845598846,
          "q50": 0.0,
          "q90": 0.0
        },
        "early_ret_visible_clustered_ci95": [
          -0.0892579139196305,
          -0.057906863792183634
        ],
        "favorable_complete_cohort_fraction": 0.0,
        "max_scheduled_resource_error": 0.0,
        "max_unresolved_orders_delta": 7.0,
        "mean_early_ret_complete_cohort_delta": -0.08903759592680048,
        "mean_early_ret_visible_delta": -0.07485000122568992,
        "mean_lost_orders_delta": 0.0,
        "mean_lost_quantity_delta": 0.0,
        "mean_service_loss_auc_delta": 4339138.818181818,
        "mean_total_ret_visible_delta": -0.05653296649476431,
        "mean_unresolved_orders_delta": 0.29545454545454547,
        "mean_unresolved_quantity_delta": 791.3636363636364,
        "mean_worst_product_fill_delta": 0.003953104891571523,
        "n_pairs": 88,
        "worst_product_fill_clustered_ci95": [
          -0.021583224856680905,
          0.03909025264735676
        ]
      }
    },
    "0.9": {
      "delayed_posterior": {
        "early_ret_complete_cohort_clustered_ci95": [
          -0.028482130046405613,
          0.019470475862521312
        ],
        "early_ret_complete_cohort_delta_quantiles": {
          "q10": -0.20974807599807596,
          "q50": 0.0,
          "q90": 0.179522607022607
        },
        "early_ret_visible_clustered_ci95": [
          -0.02269190536149903,
          0.022453165393936735
        ],
        "favorable_complete_cohort_fraction": 0.23863636363636365,
        "max_scheduled_resource_error": 0.0,
        "max_unresolved_orders_delta": 6.0,
        "mean_early_ret_complete_cohort_delta": -0.004740553533167177,
        "mean_early_ret_visible_delta": -0.0007395906212194163,
        "mean_lost_orders_delta": 0.0,
        "mean_lost_quantity_delta": 0.0,
        "mean_service_loss_auc_delta": 2215935.7954545454,
        "mean_total_ret_visible_delta": -0.002896850385658302,
        "mean_unresolved_orders_delta": 0.5454545454545454,
        "mean_unresolved_quantity_delta": 1404.7954545454545,
        "mean_worst_product_fill_delta": -0.032027357398165125,
        "n_pairs": 88,
        "worst_product_fill_clustered_ci95": [
          -0.05226513431895618,
          -0.0112191452509604
        ]
      },
      "oracle_initial_context": {
        "early_ret_complete_cohort_clustered_ci95": [
          0.06740562415278324,
          0.1082173713938629
        ],
        "early_ret_complete_cohort_delta_quantiles": {
          "q10": 0.0,
          "q50": 0.0,
          "q90": 0.2208844396344396
        },
        "early_ret_visible_clustered_ci95": [
          0.06253235076065655,
          0.10404024638293104
        ],
        "favorable_complete_cohort_fraction": 0.4659090909090909,
        "max_scheduled_resource_error": 0.0,
        "max_unresolved_orders_delta": 6.0,
        "mean_early_ret_complete_cohort_delta": 0.0886572707595435,
        "mean_early_ret_visible_delta": 0.08373058730755012,
        "mean_lost_orders_delta": 0.0,
        "mean_lost_quantity_delta": 0.0,
        "mean_service_loss_auc_delta": -1518346.4090909092,
        "mean_total_ret_visible_delta": 0.052875073899602845,
        "mean_unresolved_orders_delta": 0.3068181818181818,
        "mean_unresolved_quantity_delta": 765.5,
        "mean_worst_product_fill_delta": -0.05770521889954425,
        "n_pairs": 88,
        "worst_product_fill_clustered_ci95": [
          -0.08365030592246522,
          -0.03309104289697743
        ]
      },
      "reset_posterior_0p5": {
        "early_ret_complete_cohort_clustered_ci95": [
          0.0,
          0.0
        ],
        "early_ret_complete_cohort_delta_quantiles": {
          "q10": 0.0,
          "q50": 0.0,
          "q90": 0.0
        },
        "early_ret_visible_clustered_ci95": [
          0.0,
          0.0
        ],
        "favorable_complete_cohort_fraction": 0.0,
        "max_scheduled_resource_error": 0.0,
        "max_unresolved_orders_delta": 0.0,
        "mean_early_ret_complete_cohort_delta": 0.0,
        "mean_early_ret_visible_delta": 0.0,
        "mean_lost_orders_delta": 0.0,
        "mean_lost_quantity_delta": 0.0,
        "mean_service_loss_auc_delta": 0.0,
        "mean_total_ret_visible_delta": 0.0,
        "mean_unresolved_orders_delta": 0.0,
        "mean_unresolved_quantity_delta": 0.0,
        "mean_worst_product_fill_delta": 0.0,
        "n_pairs": 88,
        "worst_product_fill_clustered_ci95": [
          0.0,
          0.0
        ]
      },
      "retained_posterior": {
        "early_ret_complete_cohort_clustered_ci95": [
          0.032344695432408505,
          0.08144485985395078
        ],
        "early_ret_complete_cohort_delta_quantiles": {
          "q10": -0.03568813131313119,
          "q50": 0.0,
          "q90": 0.2208844396344396
        },
        "early_ret_visible_clustered_ci95": [
          0.02925190900171532,
          0.07761237858216165
        ],
        "favorable_complete_cohort_fraction": 0.4090909090909091,
        "max_scheduled_resource_error": 0.0,
        "max_unresolved_orders_delta": 6.0,
        "mean_early_ret_complete_cohort_delta": 0.05714244719926538,
        "mean_early_ret_visible_delta": 0.05344599825488256,
        "mean_lost_orders_delta": 0.0,
        "mean_lost_quantity_delta": 0.0,
        "mean_service_loss_auc_delta": -701119.0340909091,
        "mean_total_ret_visible_delta": 0.033149844133054975,
        "mean_unresolved_orders_delta": 0.26136363636363635,
        "mean_unresolved_quantity_delta": 655.1477272727273,
        "mean_worst_product_fill_delta": -0.04947420054571808,
        "n_pairs": 88,
        "worst_product_fill_clustered_ci95": [
          -0.0686318617266773,
          -0.03275183973797563
        ]
      },
      "shuffled_posterior": {
        "early_ret_complete_cohort_clustered_ci95": [
          -0.06170764736105646,
          0.0020652958152958044
        ],
        "early_ret_complete_cohort_delta_quantiles": {
          "q10": -0.22088443963443963,
          "q50": 0.0,
          "q90": 0.1743461399711399
        },
        "early_ret_visible_clustered_ci95": [
          -0.04761020912651207,
          0.008175639395024276
        ],
        "favorable_complete_cohort_fraction": 0.19318181818181818,
        "max_scheduled_resource_error": 0.0,
        "max_unresolved_orders_delta": 6.0,
        "mean_early_ret_complete_cohort_delta": -0.027527063109449478,
        "mean_early_ret_visible_delta": -0.018424711209232565,
        "mean_lost_orders_delta": 0.0,
        "mean_lost_quantity_delta": 0.0,
        "mean_service_loss_auc_delta": 3193420.4318181816,
        "mean_total_ret_visible_delta": -0.01910394323942016,
        "mean_unresolved_orders_delta": 0.5,
        "mean_unresolved_quantity_delta": 1299.340909090909,
        "mean_worst_product_fill_delta": -0.025698723603089835,
        "n_pairs": 88,
        "worst_product_fill_clustered_ci95": [
          -0.05980152092835462,
          0.0008630344794623392
        ]
      },
      "wrong_posterior": {
        "early_ret_complete_cohort_clustered_ci95": [
          -0.12761537179150817,
          -0.08103931119911235
        ],
        "early_ret_complete_cohort_delta_quantiles": {
          "q10": -0.23744799182299192,
          "q50": -0.12054623617123611,
          "q90": 0.0
        },
        "early_ret_visible_clustered_ci95": [
          -0.10797507182708632,
          -0.0712284799024533
        ],
        "favorable_complete_cohort_fraction": 0.0,
        "max_scheduled_resource_error": 0.0,
        "max_unresolved_orders_delta": 7.0,
        "mean_early_ret_complete_cohort_delta": -0.10355031647645285,
        "mean_early_ret_visible_delta": -0.0893681094279407,
        "mean_lost_orders_delta": 0.0,
        "mean_lost_quantity_delta": 0.0,
        "mean_service_loss_auc_delta": 6498168.045454546,
        "mean_total_ret_visible_delta": -0.07202396348014303,
        "mean_unresolved_orders_delta": 0.5454545454545454,
        "mean_unresolved_quantity_delta": 1435.9545454545455,
        "mean_worst_product_fill_delta": 0.004273263043002306,
        "n_pairs": 88,
        "worst_product_fill_clustered_ci95": [
          -0.01524382005295109,
          0.026316877308905424
        ]
      }
    }
  },
  "prefix_natural_replanning": {
    "0.5": {
      "delayed_posterior": {
        "early_ret_complete_cohort_clustered_ci95": [
          0.0,
          0.0
        ],
        "early_ret_complete_cohort_delta_quantiles": {
          "q10": 0.0,
          "q50": 0.0,
          "q90": 0.0
        },
        "early_ret_visible_clustered_ci95": [
          0.0,
          0.0
        ],
        "favorable_complete_cohort_fraction": 0.0,
        "max_scheduled_resource_error": 0.0,
        "max_unresolved_orders_delta": 0.0,
        "mean_early_ret_complete_cohort_delta": 0.0,
        "mean_early_ret_visible_delta": 0.0,
        "mean_lost_orders_delta": 0.0,
        "mean_lost_quantity_delta": 0.0,
        "mean_service_loss_auc_delta": 0.0,
        "mean_total_ret_visible_delta": 0.0,
        "mean_unresolved_orders_delta": 0.0,
        "mean_unresolved_quantity_delta": 0.0,
        "mean_worst_product_fill_delta": 0.0,
        "n_pairs": 88,
        "worst_product_fill_clustered_ci95": [
          0.0,
          0.0
        ]
      },
      "oracle_initial_context": {
        "early_ret_complete_cohort_clustered_ci95": [
          0.07961202938475664,
          0.116725227962799
        ],
        "early_ret_complete_cohort_delta_quantiles": {
          "q10": 0.0,
          "q50": 0.05701509139009148,
          "q90": 0.22088443963443963
        },
        "early_ret_visible_clustered_ci95": [
          0.0715147423790244,
          0.10908290649509661
        ],
        "favorable_complete_cohort_fraction": 0.5113636363636364,
        "max_scheduled_resource_error": 0.0,
        "max_unresolved_orders_delta": 12.0,
        "mean_early_ret_complete_cohort_delta": 0.09875623114259477,
        "mean_early_ret_visible_delta": 0.09097617879900938,
        "mean_lost_orders_delta": 0.0,
        "mean_lost_quantity_delta": 0.0,
        "mean_service_loss_auc_delta": -2244615.022727273,
        "mean_total_ret_visible_delta": 0.06194204537177506,
        "mean_unresolved_orders_delta": 0.4090909090909091,
        "mean_unresolved_quantity_delta": 1007.4318181818181,
        "mean_worst_product_fill_delta": -0.039190811196533275,
        "n_pairs": 88,
        "worst_product_fill_clustered_ci95": [
          -0.06956773107870293,
          -0.00971973835591757
        ]
      },
      "reset_posterior_0p5": {
        "early_ret_complete_cohort_clustered_ci95": [
          0.0,
          0.0
        ],
        "early_ret_complete_cohort_delta_quantiles": {
          "q10": 0.0,
          "q50": 0.0,
          "q90": 0.0
        },
        "early_ret_visible_clustered_ci95": [
          0.0,
          0.0
        ],
        "favorable_complete_cohort_fraction": 0.0,
        "max_scheduled_resource_error": 0.0,
        "max_unresolved_orders_delta": 0.0,
        "mean_early_ret_complete_cohort_delta": 0.0,
        "mean_early_ret_visible_delta": 0.0,
        "mean_lost_orders_delta": 0.0,
        "mean_lost_quantity_delta": 0.0,
        "mean_service_loss_auc_delta": 0.0,
        "mean_total_ret_visible_delta": 0.0,
        "mean_unresolved_orders_delta": 0.0,
        "mean_unresolved_quantity_delta": 0.0,
        "mean_worst_product_fill_delta": 0.0,
        "n_pairs": 88,
        "worst_product_fill_clustered_ci95": [
          0.0,
          0.0
        ]
      },
      "retained_posterior": {
        "early_ret_complete_cohort_clustered_ci95": [
          0.0,
          0.0
        ],
        "early_ret_complete_cohort_delta_quantiles": {
          "q10": 0.0,
          "q50": 0.0,
          "q90": 0.0
        },
        "early_ret_visible_clustered_ci95": [
          0.0,
          0.0
        ],
        "favorable_complete_cohort_fraction": 0.0,
        "max_scheduled_resource_error": 0.0,
        "max_unresolved_orders_delta": 0.0,
        "mean_early_ret_complete_cohort_delta": 0.0,
        "mean_early_ret_visible_delta": 0.0,
        "mean_lost_orders_delta": 0.0,
        "mean_lost_quantity_delta": 0.0,
        "mean_service_loss_auc_delta": 0.0,
        "mean_total_ret_visible_delta": 0.0,
        "mean_unresolved_orders_delta": 0.0,
        "mean_unresolved_quantity_delta": 0.0,
        "mean_worst_product_fill_delta": 0.0,
        "n_pairs": 88,
        "worst_product_fill_clustered_ci95": [
          0.0,
          0.0
        ]
      },
      "shuffled_posterior": {
        "early_ret_complete_cohort_clustered_ci95": [
          0.0,
          0.0
        ],
        "early_ret_complete_cohort_delta_quantiles": {
          "q10": 0.0,
          "q50": 0.0,
          "q90": 0.0
        },
        "early_ret_visible_clustered_ci95": [
          0.0,
          0.0
        ],
        "favorable_complete_cohort_fraction": 0.0,
        "max_scheduled_resource_error": 0.0,
        "max_unresolved_orders_delta": 0.0,
        "mean_early_ret_complete_cohort_delta": 0.0,
        "mean_early_ret_visible_delta": 0.0,
        "mean_lost_orders_delta": 0.0,
        "mean_lost_quantity_delta": 0.0,
        "mean_service_loss_auc_delta": 0.0,
        "mean_total_ret_visible_delta": 0.0,
        "mean_unresolved_orders_delta": 0.0,
        "mean_unresolved_quantity_delta": 0.0,
        "mean_worst_product_fill_delta": 0.0,
        "n_pairs": 88,
        "worst_product_fill_clustered_ci95": [
          0.0,
          0.0
        ]
      },
      "wrong_posterior": {
        "early_ret_complete_cohort_clustered_ci95": [
          -0.1085372281732367,
          -0.0654469777250317
        ],
        "early_ret_complete_cohort_delta_quantiles": {
          "q10": -0.2208844396344396,
          "q50": 0.0,
          "q90": 0.0
        },
        "early_ret_visible_clustered_ci95": [
          -0.10255100133070173,
          -0.06308631871648401
        ],
        "favorable_complete_cohort_fraction": 0.0,
        "max_scheduled_resource_error": 0.0,
        "max_unresolved_orders_delta": 5.0,
        "mean_early_ret_complete_cohort_delta": -0.08638922367615548,
        "mean_early_ret_visible_delta": -0.0827059488281079,
        "mean_lost_orders_delta": 0.0,
        "mean_lost_quantity_delta": 0.0,
        "mean_service_loss_auc_delta": -307916.2159090909,
        "mean_total_ret_visible_delta": -0.0570764981742563,
        "mean_unresolved_orders_delta": -1.0340909090909092,
        "mean_unresolved_quantity_delta": -2596.6704545454545,
        "mean_worst_product_fill_delta": 0.05322144296777965,
        "n_pairs": 88,
        "worst_product_fill_clustered_ci95": [
          0.02039143584757351,
          0.09386059203793866
        ]
      }
    },
    "0.75": {
      "delayed_posterior": {
        "early_ret_complete_cohort_clustered_ci95": [
          -0.017355119102278188,
          0.03719906382548427
        ],
        "early_ret_complete_cohort_delta_quantiles": {
          "q10": -0.19085497835497833,
          "q50": 0.0,
          "q90": 0.20539201539201557
        },
        "early_ret_visible_clustered_ci95": [
          -0.014670566224026974,
          0.036096781719199084
        ],
        "favorable_complete_cohort_fraction": 0.2727272727272727,
        "max_scheduled_resource_error": 0.0,
        "max_unresolved_orders_delta": 20.0,
        "mean_early_ret_complete_cohort_delta": 0.009123021338930438,
        "mean_early_ret_visible_delta": 0.010511530719433617,
        "mean_lost_orders_delta": 0.0,
        "mean_lost_quantity_delta": 0.0,
        "mean_service_loss_auc_delta": -89008.93181818182,
        "mean_total_ret_visible_delta": 0.014657321489373314,
        "mean_unresolved_orders_delta": 0.2727272727272727,
        "mean_unresolved_quantity_delta": 676.8863636363636,
        "mean_worst_product_fill_delta": -0.015301240570851056,
        "n_pairs": 88,
        "worst_product_fill_clustered_ci95": [
          -0.04145767856890228,
          0.013709721420655704
        ]
      },
      "oracle_initial_context": {
        "early_ret_complete_cohort_clustered_ci95": [
          0.09138223413791596,
          0.11874130150941233
        ],
        "early_ret_complete_cohort_delta_quantiles": {
          "q10": 0.0,
          "q50": 0.1256042568542568,
          "q90": 0.2208844396344396
        },
        "early_ret_visible_clustered_ci95": [
          0.08683965230323702,
          0.11264219452494248
        ],
        "favorable_complete_cohort_fraction": 0.5568181818181818,
        "max_scheduled_resource_error": 0.0,
        "max_unresolved_orders_delta": 20.0,
        "mean_early_ret_complete_cohort_delta": 0.10352315771349864,
        "mean_early_ret_visible_delta": 0.09890662764500577,
        "mean_lost_orders_delta": 0.0,
        "mean_lost_quantity_delta": 0.0,
        "mean_service_loss_auc_delta": -2196259.4204545454,
        "mean_total_ret_visible_delta": 0.07150346665204953,
        "mean_unresolved_orders_delta": 0.625,
        "mean_unresolved_quantity_delta": 1543.5795454545455,
        "mean_worst_product_fill_delta": -0.04577331627496745,
        "n_pairs": 88,
        "worst_product_fill_clustered_ci95": [
          -0.06712974835804222,
          -0.025116873310412582
        ]
      },
      "reset_posterior_0p5": {
        "early_ret_complete_cohort_clustered_ci95": [
          0.0,
          0.0
        ],
        "early_ret_complete_cohort_delta_quantiles": {
          "q10": 0.0,
          "q50": 0.0,
          "q90": 0.0
        },
        "early_ret_visible_clustered_ci95": [
          0.0,
          0.0
        ],
        "favorable_complete_cohort_fraction": 0.0,
        "max_scheduled_resource_error": 0.0,
        "max_unresolved_orders_delta": 0.0,
        "mean_early_ret_complete_cohort_delta": 0.0,
        "mean_early_ret_visible_delta": 0.0,
        "mean_lost_orders_delta": 0.0,
        "mean_lost_quantity_delta": 0.0,
        "mean_service_loss_auc_delta": 0.0,
        "mean_total_ret_visible_delta": 0.0,
        "mean_unresolved_orders_delta": 0.0,
        "mean_unresolved_quantity_delta": 0.0,
        "mean_worst_product_fill_delta": 0.0,
        "n_pairs": 88,
        "worst_product_fill_clustered_ci95": [
          0.0,
          0.0
        ]
      },
      "retained_posterior": {
        "early_ret_complete_cohort_clustered_ci95": [
          0.019421980389665073,
          0.06243881591892956
        ],
        "early_ret_complete_cohort_delta_quantiles": {
          "q10": -0.19571608946608932,
          "q50": 0.0,
          "q90": 0.2190746753246752
        },
        "early_ret_visible_clustered_ci95": [
          0.01800362852874477,
          0.0603162174430253
        ],
        "favorable_complete_cohort_fraction": 0.3977272727272727,
        "max_scheduled_resource_error": 0.0,
        "max_unresolved_orders_delta": 20.0,
        "mean_early_ret_complete_cohort_delta": 0.04221544448817178,
        "mean_early_ret_visible_delta": 0.04046746613120582,
        "mean_lost_orders_delta": 0.0,
        "mean_lost_quantity_delta": 0.0,
        "mean_service_loss_auc_delta": -2301395.5795454546,
        "mean_total_ret_visible_delta": 0.032253192789445495,
        "mean_unresolved_orders_delta": -0.056818181818181816,
        "mean_unresolved_quantity_delta": -165.9431818181818,
        "mean_worst_product_fill_delta": -0.0037492598034442807,
        "n_pairs": 88,
        "worst_product_fill_clustered_ci95": [
          -0.03623346261445713,
          0.03537364674320802
        ]
      },
      "shuffled_posterior": {
        "early_ret_complete_cohort_clustered_ci95": [
          -0.02592872976928375,
          0.02985971047050591
        ],
        "early_ret_complete_cohort_delta_quantiles": {
          "q10": -0.19811056998556992,
          "q50": 0.0,
          "q90": 0.2196176046176045
        },
        "early_ret_visible_clustered_ci95": [
          -0.021081697099388213,
          0.026591071204965823
        ],
        "favorable_complete_cohort_fraction": 0.2727272727272727,
        "max_scheduled_resource_error": 0.0,
        "max_unresolved_orders_delta": 14.0,
        "mean_early_ret_complete_cohort_delta": 0.00037670399886308663,
        "mean_early_ret_visible_delta": 0.0010414082779785202,
        "mean_lost_orders_delta": 0.0,
        "mean_lost_quantity_delta": 0.0,
        "mean_service_loss_auc_delta": -1540595.9772727273,
        "mean_total_ret_visible_delta": 0.00691757411109023,
        "mean_unresolved_orders_delta": -0.23863636363636365,
        "mean_unresolved_quantity_delta": -617.7045454545455,
        "mean_worst_product_fill_delta": 0.0035557417538743252,
        "n_pairs": 88,
        "worst_product_fill_clustered_ci95": [
          -0.02972467010453881,
          0.036070243586461846
        ]
      },
      "wrong_posterior": {
        "early_ret_complete_cohort_clustered_ci95": [
          -0.094388418820237,
          -0.06398976917442828
        ],
        "early_ret_complete_cohort_delta_quantiles": {
          "q10": -0.2208844396344396,
          "q50": 0.0,
          "q90": 0.0
        },
        "early_ret_visible_clustered_ci95": [
          -0.08943257524204064,
          -0.05790520712834764
        ],
        "favorable_complete_cohort_fraction": 0.0,
        "max_scheduled_resource_error": 0.0,
        "max_unresolved_orders_delta": 6.0,
        "mean_early_ret_complete_cohort_delta": -0.08124350922646378,
        "mean_early_ret_visible_delta": -0.07504302917009528,
        "mean_lost_orders_delta": 0.0,
        "mean_lost_quantity_delta": 0.0,
        "mean_service_loss_auc_delta": -201154.5340909091,
        "mean_total_ret_visible_delta": -0.04831852709781606,
        "mean_unresolved_orders_delta": -0.8295454545454546,
        "mean_unresolved_quantity_delta": -2088.9886363636365,
        "mean_worst_product_fill_delta": 0.04761751778768291,
        "n_pairs": 88,
        "worst_product_fill_clustered_ci95": [
          0.01223867897327251,
          0.09121120624569794
        ]
      }
    },
    "0.9": {
      "delayed_posterior": {
        "early_ret_complete_cohort_clustered_ci95": [
          -0.023139539332721146,
          0.026917716122261563
        ],
        "early_ret_complete_cohort_delta_quantiles": {
          "q10": -0.19085497835497833,
          "q50": 0.0,
          "q90": 0.18920935545935547
        },
        "early_ret_visible_clustered_ci95": [
          -0.022522968642545084,
          0.02202283669971555
        ],
        "favorable_complete_cohort_fraction": 0.23863636363636365,
        "max_scheduled_resource_error": 0.0,
        "max_unresolved_orders_delta": 20.0,
        "mean_early_ret_complete_cohort_delta": 0.0013267482727709978,
        "mean_early_ret_visible_delta": -0.0009539232098632939,
        "mean_lost_orders_delta": 0.0,
        "mean_lost_quantity_delta": 0.0,
        "mean_service_loss_auc_delta": -395309.4431818182,
        "mean_total_ret_visible_delta": 0.005533634303215741,
        "mean_unresolved_orders_delta": 0.0,
        "mean_unresolved_quantity_delta": -15.806818181818182,
        "mean_worst_product_fill_delta": -0.004595230498695968,
        "n_pairs": 88,
        "worst_product_fill_clustered_ci95": [
          -0.029219749957636307,
          0.020300553877670307
        ]
      },
      "oracle_initial_context": {
        "early_ret_complete_cohort_clustered_ci95": [
          0.06839888331365604,
          0.11004767558567274
        ],
        "early_ret_complete_cohort_delta_quantiles": {
          "q10": 0.0,
          "q50": 0.0,
          "q90": 0.2208844396344396
        },
        "early_ret_visible_clustered_ci95": [
          0.06253235076065655,
          0.10412999478998959
        ],
        "favorable_complete_cohort_fraction": 0.4659090909090909,
        "max_scheduled_resource_error": 0.0,
        "max_unresolved_orders_delta": 20.0,
        "mean_early_ret_complete_cohort_delta": 0.09027381498972407,
        "mean_early_ret_visible_delta": 0.08385227533600469,
        "mean_lost_orders_delta": 0.0,
        "mean_lost_quantity_delta": 0.0,
        "mean_service_loss_auc_delta": -1640464.5,
        "mean_total_ret_visible_delta": 0.05897241062709638,
        "mean_unresolved_orders_delta": 0.5,
        "mean_unresolved_quantity_delta": 1228.7727272727273,
        "mean_worst_product_fill_delta": -0.03828099000211882,
        "n_pairs": 88,
        "worst_product_fill_clustered_ci95": [
          -0.08173485714913675,
          -0.00196048992493641
        ]
      },
      "reset_posterior_0p5": {
        "early_ret_complete_cohort_clustered_ci95": [
          0.0,
          0.0
        ],
        "early_ret_complete_cohort_delta_quantiles": {
          "q10": 0.0,
          "q50": 0.0,
          "q90": 0.0
        },
        "early_ret_visible_clustered_ci95": [
          0.0,
          0.0
        ],
        "favorable_complete_cohort_fraction": 0.0,
        "max_scheduled_resource_error": 0.0,
        "max_unresolved_orders_delta": 0.0,
        "mean_early_ret_complete_cohort_delta": 0.0,
        "mean_early_ret_visible_delta": 0.0,
        "mean_lost_orders_delta": 0.0,
        "mean_lost_quantity_delta": 0.0,
        "mean_service_loss_auc_delta": 0.0,
        "mean_total_ret_visible_delta": 0.0,
        "mean_unresolved_orders_delta": 0.0,
        "mean_unresolved_quantity_delta": 0.0,
        "mean_worst_product_fill_delta": 0.0,
        "n_pairs": 88,
        "worst_product_fill_clustered_ci95": [
          0.0,
          0.0
        ]
      },
      "retained_posterior": {
        "early_ret_complete_cohort_clustered_ci95": [
          0.034781471027919904,
          0.08305692886658797
        ],
        "early_ret_complete_cohort_delta_quantiles": {
          "q10": -0.03568813131313119,
          "q50": 0.0,
          "q90": 0.2208844396344396
        },
        "early_ret_visible_clustered_ci95": [
          0.029115617897416714,
          0.07756869538122765
        ],
        "favorable_complete_cohort_fraction": 0.4090909090909091,
        "max_scheduled_resource_error": 0.0,
        "max_unresolved_orders_delta": 20.0,
        "mean_early_ret_complete_cohort_delta": 0.0591798668503214,
        "mean_early_ret_visible_delta": 0.05339378945396507,
        "mean_lost_orders_delta": 0.0,
        "mean_lost_quantity_delta": 0.0,
        "mean_service_loss_auc_delta": -2420582.4318181816,
        "mean_total_ret_visible_delta": 0.03973132680794567,
        "mean_unresolved_orders_delta": -0.011363636363636364,
        "mean_unresolved_quantity_delta": -55.88636363636363,
        "mean_worst_product_fill_delta": -0.011425751473060549,
        "n_pairs": 88,
        "worst_product_fill_clustered_ci95": [
          -0.04413809008866894,
          0.019678685676561017
        ]
      },
      "shuffled_posterior": {
        "early_ret_complete_cohort_clustered_ci95": [
          -0.05210042712706066,
          0.007417314377541647
        ],
        "early_ret_complete_cohort_delta_quantiles": {
          "q10": -0.20747534872534873,
          "q50": 0.0,
          "q90": 0.17795514670514664
        },
        "early_ret_visible_clustered_ci95": [
          -0.04853156192980574,
          0.008146277314665735
        ],
        "favorable_complete_cohort_fraction": 0.19318181818181818,
        "max_scheduled_resource_error": 0.0,
        "max_unresolved_orders_delta": 19.0,
        "mean_early_ret_complete_cohort_delta": -0.020769826238576244,
        "mean_early_ret_visible_delta": -0.018748916755115107,
        "mean_lost_orders_delta": 0.0,
        "mean_lost_quantity_delta": 0.0,
        "mean_service_loss_auc_delta": -346237.5681818182,
        "mean_total_ret_visible_delta": -0.009350838694448702,
        "mean_unresolved_orders_delta": -0.2727272727272727,
        "mean_unresolved_quantity_delta": -691.0227272727273,
        "mean_worst_product_fill_delta": 0.012118005708941842,
        "n_pairs": 88,
        "worst_product_fill_clustered_ci95": [
          -0.0124515729210972,
          0.03515808159343782
        ]
      },
      "wrong_posterior": {
        "early_ret_complete_cohort_clustered_ci95": [
          -0.11625060808299444,
          -0.0749511483886484
        ],
        "early_ret_complete_cohort_delta_quantiles": {
          "q10": -0.2208844396344396,
          "q50": -0.11765271765271773,
          "q90": 0.0
        },
        "early_ret_visible_clustered_ci95": [
          -0.10855504301736872,
          -0.07178016187927089
        ],
        "favorable_complete_cohort_fraction": 0.0,
        "max_scheduled_resource_error": 0.0,
        "max_unresolved_orders_delta": 6.0,
        "mean_early_ret_complete_cohort_delta": -0.09487163982902619,
        "mean_early_ret_visible_delta": -0.08982985229111264,
        "mean_lost_orders_delta": 0.0,
        "mean_lost_quantity_delta": 0.0,
        "mean_service_loss_auc_delta": 407538.625,
        "mean_total_ret_visible_delta": -0.059313623225575055,
        "mean_unresolved_orders_delta": -0.8977272727272727,
        "mean_unresolved_quantity_delta": -2259.465909090909,
        "mean_worst_product_fill_delta": 0.05268348015340852,
        "n_pairs": 88,
        "worst_product_fill_clustered_ci95": [
          0.029980874923709138,
          0.07510002350429915
        ]
      }
    }
  },
  "sustained_control": {
    "0.5": {
      "delayed_posterior": {
        "early_ret_complete_cohort_clustered_ci95": [
          0.0,
          0.0
        ],
        "early_ret_complete_cohort_delta_quantiles": {
          "q10": 0.0,
          "q50": 0.0,
          "q90": 0.0
        },
        "early_ret_visible_clustered_ci95": [
          0.0,
          0.0
        ],
        "favorable_complete_cohort_fraction": 0.0,
        "max_scheduled_resource_error": 0.0,
        "max_unresolved_orders_delta": 0.0,
        "mean_early_ret_complete_cohort_delta": 0.0,
        "mean_early_ret_visible_delta": 0.0,
        "mean_lost_orders_delta": 0.0,
        "mean_lost_quantity_delta": 0.0,
        "mean_service_loss_auc_delta": 0.0,
        "mean_total_ret_visible_delta": 0.0,
        "mean_unresolved_orders_delta": 0.0,
        "mean_unresolved_quantity_delta": 0.0,
        "mean_worst_product_fill_delta": 0.0,
        "n_pairs": 88,
        "worst_product_fill_clustered_ci95": [
          0.0,
          0.0
        ]
      },
      "oracle_initial_context": {
        "early_ret_complete_cohort_clustered_ci95": [
          0.07961202938475664,
          0.116725227962799
        ],
        "early_ret_complete_cohort_delta_quantiles": {
          "q10": 0.0,
          "q50": 0.05701509139009148,
          "q90": 0.22088443963443963
        },
        "early_ret_visible_clustered_ci95": [
          0.0715147423790244,
          0.10908290649509661
        ],
        "favorable_complete_cohort_fraction": 0.5113636363636364,
        "max_scheduled_resource_error": 0.0,
        "max_unresolved_orders_delta": 12.0,
        "mean_early_ret_complete_cohort_delta": 0.09875623114259477,
        "mean_early_ret_visible_delta": 0.09097617879900938,
        "mean_lost_orders_delta": 0.0,
        "mean_lost_quantity_delta": 0.0,
        "mean_service_loss_auc_delta": -2244615.022727273,
        "mean_total_ret_visible_delta": 0.06194204537177506,
        "mean_unresolved_orders_delta": 0.4090909090909091,
        "mean_unresolved_quantity_delta": 1007.4318181818181,
        "mean_worst_product_fill_delta": -0.039190811196533275,
        "n_pairs": 88,
        "worst_product_fill_clustered_ci95": [
          -0.06956773107870293,
          -0.00971973835591757
        ]
      },
      "reset_posterior_0p5": {
        "early_ret_complete_cohort_clustered_ci95": [
          0.0,
          0.0
        ],
        "early_ret_complete_cohort_delta_quantiles": {
          "q10": 0.0,
          "q50": 0.0,
          "q90": 0.0
        },
        "early_ret_visible_clustered_ci95": [
          0.0,
          0.0
        ],
        "favorable_complete_cohort_fraction": 0.0,
        "max_scheduled_resource_error": 0.0,
        "max_unresolved_orders_delta": 0.0,
        "mean_early_ret_complete_cohort_delta": 0.0,
        "mean_early_ret_visible_delta": 0.0,
        "mean_lost_orders_delta": 0.0,
        "mean_lost_quantity_delta": 0.0,
        "mean_service_loss_auc_delta": 0.0,
        "mean_total_ret_visible_delta": 0.0,
        "mean_unresolved_orders_delta": 0.0,
        "mean_unresolved_quantity_delta": 0.0,
        "mean_worst_product_fill_delta": 0.0,
        "n_pairs": 88,
        "worst_product_fill_clustered_ci95": [
          0.0,
          0.0
        ]
      },
      "retained_posterior": {
        "early_ret_complete_cohort_clustered_ci95": [
          0.0,
          0.0
        ],
        "early_ret_complete_cohort_delta_quantiles": {
          "q10": 0.0,
          "q50": 0.0,
          "q90": 0.0
        },
        "early_ret_visible_clustered_ci95": [
          0.0,
          0.0
        ],
        "favorable_complete_cohort_fraction": 0.0,
        "max_scheduled_resource_error": 0.0,
        "max_unresolved_orders_delta": 0.0,
        "mean_early_ret_complete_cohort_delta": 0.0,
        "mean_early_ret_visible_delta": 0.0,
        "mean_lost_orders_delta": 0.0,
        "mean_lost_quantity_delta": 0.0,
        "mean_service_loss_auc_delta": 0.0,
        "mean_total_ret_visible_delta": 0.0,
        "mean_unresolved_orders_delta": 0.0,
        "mean_unresolved_quantity_delta": 0.0,
        "mean_worst_product_fill_delta": 0.0,
        "n_pairs": 88,
        "worst_product_fill_clustered_ci95": [
          0.0,
          0.0
        ]
      },
      "shuffled_posterior": {
        "early_ret_complete_cohort_clustered_ci95": [
          0.0,
          0.0
        ],
        "early_ret_complete_cohort_delta_quantiles": {
          "q10": 0.0,
          "q50": 0.0,
          "q90": 0.0
        },
        "early_ret_visible_clustered_ci95": [
          0.0,
          0.0
        ],
        "favorable_complete_cohort_fraction": 0.0,
        "max_scheduled_resource_error": 0.0,
        "max_unresolved_orders_delta": 0.0,
        "mean_early_ret_complete_cohort_delta": 0.0,
        "mean_early_ret_visible_delta": 0.0,
        "mean_lost_orders_delta": 0.0,
        "mean_lost_quantity_delta": 0.0,
        "mean_service_loss_auc_delta": 0.0,
        "mean_total_ret_visible_delta": 0.0,
        "mean_unresolved_orders_delta": 0.0,
        "mean_unresolved_quantity_delta": 0.0,
        "mean_worst_product_fill_delta": 0.0,
        "n_pairs": 88,
        "worst_product_fill_clustered_ci95": [
          0.0,
          0.0
        ]
      },
      "wrong_posterior": {
        "early_ret_complete_cohort_clustered_ci95": [
          -0.1085372281732367,
          -0.0654469777250317
        ],
        "early_ret_complete_cohort_delta_quantiles": {
          "q10": -0.2208844396344396,
          "q50": 0.0,
          "q90": 0.0
        },
        "early_ret_visible_clustered_ci95": [
          -0.10255100133070173,
          -0.06308631871648401
        ],
        "favorable_complete_cohort_fraction": 0.0,
        "max_scheduled_resource_error": 0.0,
        "max_unresolved_orders_delta": 5.0,
        "mean_early_ret_complete_cohort_delta": -0.08638922367615548,
        "mean_early_ret_visible_delta": -0.0827059488281079,
        "mean_lost_orders_delta": 0.0,
        "mean_lost_quantity_delta": 0.0,
        "mean_service_loss_auc_delta": -307916.2159090909,
        "mean_total_ret_visible_delta": -0.0570764981742563,
        "mean_unresolved_orders_delta": -1.0340909090909092,
        "mean_unresolved_quantity_delta": -2596.6704545454545,
        "mean_worst_product_fill_delta": 0.05322144296777965,
        "n_pairs": 88,
        "worst_product_fill_clustered_ci95": [
          0.02039143584757351,
          0.09386059203793866
        ]
      }
    },
    "0.75": {
      "delayed_posterior": {
        "early_ret_complete_cohort_clustered_ci95": [
          -0.017355119102278188,
          0.03719906382548427
        ],
        "early_ret_complete_cohort_delta_quantiles": {
          "q10": -0.19085497835497833,
          "q50": 0.0,
          "q90": 0.20539201539201557
        },
        "early_ret_visible_clustered_ci95": [
          -0.014670566224026974,
          0.036096781719199084
        ],
        "favorable_complete_cohort_fraction": 0.2727272727272727,
        "max_scheduled_resource_error": 0.0,
        "max_unresolved_orders_delta": 20.0,
        "mean_early_ret_complete_cohort_delta": 0.009123021338930438,
        "mean_early_ret_visible_delta": 0.010511530719433617,
        "mean_lost_orders_delta": 0.0,
        "mean_lost_quantity_delta": 0.0,
        "mean_service_loss_auc_delta": -86204.20454545454,
        "mean_total_ret_visible_delta": 0.01462888204687137,
        "mean_unresolved_orders_delta": 0.2727272727272727,
        "mean_unresolved_quantity_delta": 676.8863636363636,
        "mean_worst_product_fill_delta": -0.015301240570851056,
        "n_pairs": 88,
        "worst_product_fill_clustered_ci95": [
          -0.04145767856890228,
          0.013709721420655704
        ]
      },
      "oracle_initial_context": {
        "early_ret_complete_cohort_clustered_ci95": [
          0.09138223413791596,
          0.11874130150941233
        ],
        "early_ret_complete_cohort_delta_quantiles": {
          "q10": 0.0,
          "q50": 0.1256042568542568,
          "q90": 0.2208844396344396
        },
        "early_ret_visible_clustered_ci95": [
          0.08683965230323702,
          0.11264219452494248
        ],
        "favorable_complete_cohort_fraction": 0.5568181818181818,
        "max_scheduled_resource_error": 0.0,
        "max_unresolved_orders_delta": 20.0,
        "mean_early_ret_complete_cohort_delta": 0.10352315771349864,
        "mean_early_ret_visible_delta": 0.09890662764500577,
        "mean_lost_orders_delta": 0.0,
        "mean_lost_quantity_delta": 0.0,
        "mean_service_loss_auc_delta": -2196259.4204545454,
        "mean_total_ret_visible_delta": 0.07150346665204953,
        "mean_unresolved_orders_delta": 0.625,
        "mean_unresolved_quantity_delta": 1543.5795454545455,
        "mean_worst_product_fill_delta": -0.04577331627496745,
        "n_pairs": 88,
        "worst_product_fill_clustered_ci95": [
          -0.06712974835804222,
          -0.025116873310412582
        ]
      },
      "reset_posterior_0p5": {
        "early_ret_complete_cohort_clustered_ci95": [
          0.0,
          0.0
        ],
        "early_ret_complete_cohort_delta_quantiles": {
          "q10": 0.0,
          "q50": 0.0,
          "q90": 0.0
        },
        "early_ret_visible_clustered_ci95": [
          0.0,
          0.0
        ],
        "favorable_complete_cohort_fraction": 0.0,
        "max_scheduled_resource_error": 0.0,
        "max_unresolved_orders_delta": 0.0,
        "mean_early_ret_complete_cohort_delta": 0.0,
        "mean_early_ret_visible_delta": 0.0,
        "mean_lost_orders_delta": 0.0,
        "mean_lost_quantity_delta": 0.0,
        "mean_service_loss_auc_delta": 0.0,
        "mean_total_ret_visible_delta": 0.0,
        "mean_unresolved_orders_delta": 0.0,
        "mean_unresolved_quantity_delta": 0.0,
        "mean_worst_product_fill_delta": 0.0,
        "n_pairs": 88,
        "worst_product_fill_clustered_ci95": [
          0.0,
          0.0
        ]
      },
      "retained_posterior": {
        "early_ret_complete_cohort_clustered_ci95": [
          0.019421980389665073,
          0.06243881591892956
        ],
        "early_ret_complete_cohort_delta_quantiles": {
          "q10": -0.19571608946608932,
          "q50": 0.0,
          "q90": 0.2190746753246752
        },
        "early_ret_visible_clustered_ci95": [
          0.01800362852874477,
          0.0603162174430253
        ],
        "favorable_complete_cohort_fraction": 0.3977272727272727,
        "max_scheduled_resource_error": 0.0,
        "max_unresolved_orders_delta": 20.0,
        "mean_early_ret_complete_cohort_delta": 0.04221544448817178,
        "mean_early_ret_visible_delta": 0.04046746613120582,
        "mean_lost_orders_delta": 0.0,
        "mean_lost_quantity_delta": 0.0,
        "mean_service_loss_auc_delta": -2298590.852272727,
        "mean_total_ret_visible_delta": 0.032224753346943545,
        "mean_unresolved_orders_delta": -0.056818181818181816,
        "mean_unresolved_quantity_delta": -165.9431818181818,
        "mean_worst_product_fill_delta": -0.0037492598034442807,
        "n_pairs": 88,
        "worst_product_fill_clustered_ci95": [
          -0.03623346261445713,
          0.03537364674320802
        ]
      },
      "shuffled_posterior": {
        "early_ret_complete_cohort_clustered_ci95": [
          -0.02592872976928375,
          0.02985971047050591
        ],
        "early_ret_complete_cohort_delta_quantiles": {
          "q10": -0.19811056998556992,
          "q50": 0.0,
          "q90": 0.2196176046176045
        },
        "early_ret_visible_clustered_ci95": [
          -0.021081697099388213,
          0.026591071204965823
        ],
        "favorable_complete_cohort_fraction": 0.2727272727272727,
        "max_scheduled_resource_error": 0.0,
        "max_unresolved_orders_delta": 14.0,
        "mean_early_ret_complete_cohort_delta": 0.00037670399886308663,
        "mean_early_ret_visible_delta": 0.0010414082779785202,
        "mean_lost_orders_delta": 0.0,
        "mean_lost_quantity_delta": 0.0,
        "mean_service_loss_auc_delta": -1537791.25,
        "mean_total_ret_visible_delta": 0.006889134668588288,
        "mean_unresolved_orders_delta": -0.23863636363636365,
        "mean_unresolved_quantity_delta": -617.7045454545455,
        "mean_worst_product_fill_delta": 0.0035557417538743252,
        "n_pairs": 88,
        "worst_product_fill_clustered_ci95": [
          -0.02972467010453881,
          0.036070243586461846
        ]
      },
      "wrong_posterior": {
        "early_ret_complete_cohort_clustered_ci95": [
          -0.094388418820237,
          -0.06398976917442828
        ],
        "early_ret_complete_cohort_delta_quantiles": {
          "q10": -0.2208844396344396,
          "q50": 0.0,
          "q90": 0.0
        },
        "early_ret_visible_clustered_ci95": [
          -0.08943257524204064,
          -0.05790520712834764
        ],
        "favorable_complete_cohort_fraction": 0.0,
        "max_scheduled_resource_error": 0.0,
        "max_unresolved_orders_delta": 6.0,
        "mean_early_ret_complete_cohort_delta": -0.08124350922646378,
        "mean_early_ret_visible_delta": -0.07504302917009528,
        "mean_lost_orders_delta": 0.0,
        "mean_lost_quantity_delta": 0.0,
        "mean_service_loss_auc_delta": -201154.5340909091,
        "mean_total_ret_visible_delta": -0.04831852709781606,
        "mean_unresolved_orders_delta": -0.8295454545454546,
        "mean_unresolved_quantity_delta": -2088.9886363636365,
        "mean_worst_product_fill_delta": 0.04761751778768291,
        "n_pairs": 88,
        "worst_product_fill_clustered_ci95": [
          0.01223867897327251,
          0.09121120624569794
        ]
      }
    },
    "0.9": {
      "delayed_posterior": {
        "early_ret_complete_cohort_clustered_ci95": [
          -0.023139539332721146,
          0.026917716122261563
        ],
        "early_ret_complete_cohort_delta_quantiles": {
          "q10": -0.19085497835497833,
          "q50": 0.0,
          "q90": 0.18920935545935547
        },
        "early_ret_visible_clustered_ci95": [
          -0.022522968642545084,
          0.02202283669971555
        ],
        "favorable_complete_cohort_fraction": 0.23863636363636365,
        "max_scheduled_resource_error": 0.0,
        "max_unresolved_orders_delta": 20.0,
        "mean_early_ret_complete_cohort_delta": 0.0013267482727709978,
        "mean_early_ret_visible_delta": -0.0009539232098632939,
        "mean_lost_orders_delta": 0.0,
        "mean_lost_quantity_delta": 0.0,
        "mean_service_loss_auc_delta": -395309.4431818182,
        "mean_total_ret_visible_delta": 0.005533634303215741,
        "mean_unresolved_orders_delta": 0.0,
        "mean_unresolved_quantity_delta": -15.806818181818182,
        "mean_worst_product_fill_delta": -0.004595230498695968,
        "n_pairs": 88,
        "worst_product_fill_clustered_ci95": [
          -0.029219749957636307,
          0.020300553877670307
        ]
      },
      "oracle_initial_context": {
        "early_ret_complete_cohort_clustered_ci95": [
          0.06839888331365604,
          0.11004767558567274
        ],
        "early_ret_complete_cohort_delta_quantiles": {
          "q10": 0.0,
          "q50": 0.0,
          "q90": 0.2208844396344396
        },
        "early_ret_visible_clustered_ci95": [
          0.06253235076065655,
          0.10412999478998959
        ],
        "favorable_complete_cohort_fraction": 0.4659090909090909,
        "max_scheduled_resource_error": 0.0,
        "max_unresolved_orders_delta": 20.0,
        "mean_early_ret_complete_cohort_delta": 0.09027381498972407,
        "mean_early_ret_visible_delta": 0.08385227533600469,
        "mean_lost_orders_delta": 0.0,
        "mean_lost_quantity_delta": 0.0,
        "mean_service_loss_auc_delta": -1640464.5,
        "mean_total_ret_visible_delta": 0.05897241062709638,
        "mean_unresolved_orders_delta": 0.5,
        "mean_unresolved_quantity_delta": 1228.7727272727273,
        "mean_worst_product_fill_delta": -0.03828099000211882,
        "n_pairs": 88,
        "worst_product_fill_clustered_ci95": [
          -0.08173485714913675,
          -0.00196048992493641
        ]
      },
      "reset_posterior_0p5": {
        "early_ret_complete_cohort_clustered_ci95": [
          0.0,
          0.0
        ],
        "early_ret_complete_cohort_delta_quantiles": {
          "q10": 0.0,
          "q50": 0.0,
          "q90": 0.0
        },
        "early_ret_visible_clustered_ci95": [
          0.0,
          0.0
        ],
        "favorable_complete_cohort_fraction": 0.0,
        "max_scheduled_resource_error": 0.0,
        "max_unresolved_orders_delta": 0.0,
        "mean_early_ret_complete_cohort_delta": 0.0,
        "mean_early_ret_visible_delta": 0.0,
        "mean_lost_orders_delta": 0.0,
        "mean_lost_quantity_delta": 0.0,
        "mean_service_loss_auc_delta": 0.0,
        "mean_total_ret_visible_delta": 0.0,
        "mean_unresolved_orders_delta": 0.0,
        "mean_unresolved_quantity_delta": 0.0,
        "mean_worst_product_fill_delta": 0.0,
        "n_pairs": 88,
        "worst_product_fill_clustered_ci95": [
          0.0,
          0.0
        ]
      },
      "retained_posterior": {
        "early_ret_complete_cohort_clustered_ci95": [
          0.034781471027919904,
          0.08305692886658797
        ],
        "early_ret_complete_cohort_delta_quantiles": {
          "q10": -0.03568813131313119,
          "q50": 0.0,
          "q90": 0.2208844396344396
        },
        "early_ret_visible_clustered_ci95": [
          0.029115617897416714,
          0.07756869538122765
        ],
        "favorable_complete_cohort_fraction": 0.4090909090909091,
        "max_scheduled_resource_error": 0.0,
        "max_unresolved_orders_delta": 20.0,
        "mean_early_ret_complete_cohort_delta": 0.0591798668503214,
        "mean_early_ret_visible_delta": 0.05339378945396507,
        "mean_lost_orders_delta": 0.0,
        "mean_lost_quantity_delta": 0.0,
        "mean_service_loss_auc_delta": -2420582.4318181816,
        "mean_total_ret_visible_delta": 0.03973132680794567,
        "mean_unresolved_orders_delta": -0.011363636363636364,
        "mean_unresolved_quantity_delta": -55.88636363636363,
        "mean_worst_product_fill_delta": -0.011425751473060549,
        "n_pairs": 88,
        "worst_product_fill_clustered_ci95": [
          -0.04413809008866894,
          0.019678685676561017
        ]
      },
      "shuffled_posterior": {
        "early_ret_complete_cohort_clustered_ci95": [
          -0.05210042712706066,
          0.007417314377541647
        ],
        "early_ret_complete_cohort_delta_quantiles": {
          "q10": -0.20747534872534873,
          "q50": 0.0,
          "q90": 0.17795514670514664
        },
        "early_ret_visible_clustered_ci95": [
          -0.04853156192980574,
          0.008146277314665735
        ],
        "favorable_complete_cohort_fraction": 0.19318181818181818,
        "max_scheduled_resource_error": 0.0,
        "max_unresolved_orders_delta": 19.0,
        "mean_early_ret_complete_cohort_delta": -0.020769826238576244,
        "mean_early_ret_visible_delta": -0.018748916755115107,
        "mean_lost_orders_delta": 0.0,
        "mean_lost_quantity_delta": 0.0,
        "mean_service_loss_auc_delta": -346237.5681818182,
        "mean_total_ret_visible_delta": -0.009350838694448702,
        "mean_unresolved_orders_delta": -0.2727272727272727,
        "mean_unresolved_quantity_delta": -691.0227272727273,
        "mean_worst_product_fill_delta": 0.012118005708941842,
        "n_pairs": 88,
        "worst_product_fill_clustered_ci95": [
          -0.0124515729210972,
          0.03515808159343782
        ]
      },
      "wrong_posterior": {
        "early_ret_complete_cohort_clustered_ci95": [
          -0.11625060808299444,
          -0.0749511483886484
        ],
        "early_ret_complete_cohort_delta_quantiles": {
          "q10": -0.2208844396344396,
          "q50": -0.11765271765271773,
          "q90": 0.0
        },
        "early_ret_visible_clustered_ci95": [
          -0.10855504301736872,
          -0.07178016187927089
        ],
        "favorable_complete_cohort_fraction": 0.0,
        "max_scheduled_resource_error": 0.0,
        "max_unresolved_orders_delta": 6.0,
        "mean_early_ret_complete_cohort_delta": -0.09487163982902619,
        "mean_early_ret_visible_delta": -0.08982985229111264,
        "mean_lost_orders_delta": 0.0,
        "mean_lost_quantity_delta": 0.0,
        "mean_service_loss_auc_delta": 407538.625,
        "mean_total_ret_visible_delta": -0.059313623225575055,
        "mean_unresolved_orders_delta": -0.8977272727272727,
        "mean_unresolved_quantity_delta": -2259.465909090909,
        "mean_worst_product_fill_delta": 0.05268348015340852,
        "n_pairs": 88,
        "worst_product_fill_clustered_ci95": [
          0.029980874923709138,
          0.07510002350429915
        ]
      }
    }
  }
}
