{
  "deep_replay": {
    "calibration_rollouts_replayed": 30420,
    "calibration_tapes_replayed": 60,
    "locked_rollouts_replayed": 476,
    "locked_tapes_replayed": 119,
    "performed": true
  },
  "elapsed_seconds": 156.05925870899227,
  "failures": [],
  "passed": true,
  "result_content_sha256": "8730a2bd755b28a76f1762c2f39b9a562ac34b623f5020742174bea2f2c0d55d",
  "result_path": "/Users/thom/Projects/research/scres-ia/results/paper2_bound_harness/reference_calendar_screen/c0123f4_local_20260713_gate1/result.json",
  "result_sha256": "cc305b94eaf65355ddf2948360d1811cb1ec4297258868756cdd1a1027b6228e",
  "schema_version": "paper2_bottleneck_reference_calendar_verification_v1",
  "verification_content_sha256": "306f0cf6eb6839c8b1289f0b616e51071c7e71f015908461c44fc79aa1eb9990",
  "verification_git_head": "327f6d80b6f86489e5804b9d1dfa0b887ddc52f9",
  "verification_launch_git_status_porcelain": [],
  "verifier_sha256": "a1987bbbb64834ac99b83ec33d8db156de98da5062cd399a9bd40525e32742ce"
}
